/state/partition1/llgrid/pkg/anaconda2-5.0.1/lib/python2.7/site-packages/h5py/__init__.py:34: FutureWarning: Conversion of the second argument of issubdtype from `float` to `np.floating` is deprecated. In future, it will be treated as `np.float64 == np.dtype(float).type`.
  from ._conv import register_converters as _register_converters
INFO:tensorflow:Summary name conv1/conv1_2/activation sparsity is illegal; using conv1/conv1_2/activation_sparsity instead.
INFO:tensorflow:Summary name conv2/conv2_2/activation sparsity is illegal; using conv2/conv2_2/activation_sparsity instead.
INFO:tensorflow:Summary name fc1/fc1_2/activation sparsity is illegal; using fc1/fc1_2/activation_sparsity instead.
INFO:tensorflow:Summary name logits/logits_2/activation sparsity is illegal; using logits/logits_2/activation_sparsity instead.
INFO:tensorflow:Summary name conv1/weight_loss (raw) is illegal; using conv1/weight_loss__raw_ instead.
INFO:tensorflow:Summary name conv2/weight_loss (raw) is illegal; using conv2/weight_loss__raw_ instead.
INFO:tensorflow:Summary name fc1/weight_loss (raw) is illegal; using fc1/weight_loss__raw_ instead.
INFO:tensorflow:Summary name logits/weight_loss (raw) is illegal; using logits/weight_loss__raw_ instead.
INFO:tensorflow:Summary name cross_entropy (raw) is illegal; using cross_entropy__raw_ instead.
INFO:tensorflow:Summary name total_loss (raw) is illegal; using total_loss__raw_ instead.
INFO:tensorflow:Updating masks.
INFO:tensorflow:Summary name conv1/mask:0/sparsity is illegal; using conv1/mask_0/sparsity instead.
INFO:tensorflow:Summary name conv2/mask:0/sparsity is illegal; using conv2/mask_0/sparsity instead.
INFO:tensorflow:Summary name fc1/mask:0/sparsity is illegal; using fc1/mask_0/sparsity instead.
INFO:tensorflow:Summary name logits/mask:0/sparsity is illegal; using logits/mask_0/sparsity instead.
INFO:tensorflow:Create CheckpointSaverHook.
2018-08-13 12:35:29.626207: W tensorflow/core/platform/cpu_feature_guard.cc:45] The TensorFlow library wasn't compiled to use AVX instructions, but these are available on your machine and could speed up CPU computations.
2018-08-13 12:35:30.136228: E tensorflow/core/common_runtime/bfc_allocator.cc:244] tried to allocate 0 bytes
2018-08-13 12:35:30.136372: W tensorflow/core/common_runtime/allocator_retry.cc:32] Request to allocate 0 bytes
2018-08-13 12:35:30.136415: E tensorflow/core/common_runtime/bfc_allocator.cc:378] tried to deallocate nullptr
2018-08-13 12:35:30.152864: E tensorflow/core/common_runtime/bfc_allocator.cc:244] tried to allocate 0 bytes
2018-08-13 12:35:30.152926: W tensorflow/core/common_runtime/allocator_retry.cc:32] Request to allocate 0 bytes
2018-08-13 12:35:30.152961: E tensorflow/core/common_runtime/bfc_allocator.cc:378] tried to deallocate nullptr
INFO:tensorflow:2018-08-13 12:36:00.544083: step 0, loss = 4.63 (3.3 examples/sec; 30.386 sec/batch)
INFO:tensorflow:Saving checkpoints for 1 into /home/gridsan/salford/tf/saved/lenet5_rt/model.ckpt.
INFO:tensorflow:global_step/sec: 1.3345
INFO:tensorflow:2018-08-13 12:37:15.479455: step 100, loss = 2.53 (197.0 examples/sec; 0.508 sec/batch)
INFO:tensorflow:global_step/sec: 1.3967
INFO:tensorflow:2018-08-13 12:38:27.077022: step 200, loss = 2.30 (170.8 examples/sec; 0.585 sec/batch)
INFO:tensorflow:global_step/sec: 1.31467
INFO:tensorflow:2018-08-13 12:39:43.141807: step 300, loss = 1.98 (118.2 examples/sec; 0.846 sec/batch)
INFO:tensorflow:Saving checkpoints for 301 into /home/gridsan/salford/tf/saved/lenet5_rt/model.ckpt.
INFO:tensorflow:global_step/sec: 1.26484
INFO:tensorflow:2018-08-13 12:41:02.202780: step 400, loss = 1.81 (141.2 examples/sec; 0.708 sec/batch)
INFO:tensorflow:global_step/sec: 1.30976
INFO:tensorflow:2018-08-13 12:42:18.553165: step 500, loss = 1.71 (158.5 examples/sec; 0.631 sec/batch)
INFO:tensorflow:global_step/sec: 1.29802
INFO:tensorflow:2018-08-13 12:43:35.592048: step 600, loss = 1.52 (165.0 examples/sec; 0.606 sec/batch)
INFO:tensorflow:Saving checkpoints for 601 into /home/gridsan/salford/tf/saved/lenet5_rt/model.ckpt.
INFO:tensorflow:global_step/sec: 1.25336
INFO:tensorflow:2018-08-13 12:44:55.377424: step 700, loss = 1.39 (167.0 examples/sec; 0.599 sec/batch)
INFO:tensorflow:global_step/sec: 1.3042
INFO:tensorflow:2018-08-13 12:46:12.053069: step 800, loss = 1.29 (177.2 examples/sec; 0.564 sec/batch)
INFO:tensorflow:global_step/sec: 1.29647
INFO:tensorflow:2018-08-13 12:47:29.185563: step 900, loss = 1.24 (157.9 examples/sec; 0.633 sec/batch)
INFO:tensorflow:Saving checkpoints for 901 into /home/gridsan/salford/tf/saved/lenet5_rt/model.ckpt.
INFO:tensorflow:global_step/sec: 1.26351
INFO:tensorflow:2018-08-13 12:48:48.330332: step 1000, loss = 1.17 (162.8 examples/sec; 0.614 sec/batch)
INFO:tensorflow:global_step/sec: 1.28942
INFO:tensorflow:2018-08-13 12:50:05.884299: step 1100, loss = 1.04 (154.7 examples/sec; 0.646 sec/batch)
INFO:tensorflow:global_step/sec: 1.30701
INFO:tensorflow:2018-08-13 12:51:22.395072: step 1200, loss = 0.94 (145.0 examples/sec; 0.690 sec/batch)
INFO:tensorflow:Saving checkpoints for 1201 into /home/gridsan/salford/tf/saved/lenet5_rt/model.ckpt.
INFO:tensorflow:global_step/sec: 1.27547
INFO:tensorflow:2018-08-13 12:52:40.797969: step 1300, loss = 0.90 (159.5 examples/sec; 0.627 sec/batch)
INFO:tensorflow:global_step/sec: 1.29279
INFO:tensorflow:2018-08-13 12:53:58.149620: step 1400, loss = 0.81 (168.4 examples/sec; 0.594 sec/batch)
INFO:tensorflow:global_step/sec: 1.28704
INFO:tensorflow:2018-08-13 12:55:15.847270: step 1500, loss = 0.77 (161.5 examples/sec; 0.619 sec/batch)
INFO:tensorflow:Saving checkpoints for 1501 into /home/gridsan/salford/tf/saved/lenet5_rt/model.ckpt.
INFO:tensorflow:global_step/sec: 1.25976
INFO:tensorflow:2018-08-13 12:56:35.227562: step 1600, loss = 0.69 (125.6 examples/sec; 0.796 sec/batch)
INFO:tensorflow:global_step/sec: 1.33876
INFO:tensorflow:2018-08-13 12:57:49.924077: step 1700, loss = 0.64 (153.3 examples/sec; 0.652 sec/batch)
INFO:tensorflow:global_step/sec: 1.30931
INFO:tensorflow:2018-08-13 12:59:06.300734: step 1800, loss = 0.61 (170.8 examples/sec; 0.586 sec/batch)
INFO:tensorflow:Saving checkpoints for 1801 into /home/gridsan/salford/tf/saved/lenet5_rt/model.ckpt.
INFO:tensorflow:global_step/sec: 1.25958
INFO:tensorflow:2018-08-13 13:00:25.691346: step 1900, loss = 0.57 (168.7 examples/sec; 0.593 sec/batch)
INFO:tensorflow:global_step/sec: 1.2903
INFO:tensorflow:2018-08-13 13:01:43.192981: step 2000, loss = 0.53 (133.0 examples/sec; 0.752 sec/batch)
INFO:tensorflow:global_step/sec: 1.28688
INFO:tensorflow:2018-08-13 13:03:00.900028: step 2100, loss = 0.50 (135.2 examples/sec; 0.740 sec/batch)
INFO:tensorflow:Saving checkpoints for 2101 into /home/gridsan/salford/tf/saved/lenet5_rt/model.ckpt.
INFO:tensorflow:global_step/sec: 1.25179
INFO:tensorflow:2018-08-13 13:04:20.785764: step 2200, loss = 0.44 (146.7 examples/sec; 0.682 sec/batch)
INFO:tensorflow:global_step/sec: 1.27569
INFO:tensorflow:2018-08-13 13:05:39.174728: step 2300, loss = 0.40 (157.6 examples/sec; 0.634 sec/batch)
INFO:tensorflow:global_step/sec: 1.32709
INFO:tensorflow:2018-08-13 13:06:54.527861: step 2400, loss = 0.45 (145.2 examples/sec; 0.689 sec/batch)
INFO:tensorflow:Saving checkpoints for 2401 into /home/gridsan/salford/tf/saved/lenet5_rt/model.ckpt.
INFO:tensorflow:global_step/sec: 1.29263
INFO:tensorflow:2018-08-13 13:08:11.889275: step 2500, loss = 0.40 (188.3 examples/sec; 0.531 sec/batch)
INFO:tensorflow:global_step/sec: 1.32068
INFO:tensorflow:2018-08-13 13:09:27.608095: step 2600, loss = 0.36 (167.2 examples/sec; 0.598 sec/batch)
INFO:tensorflow:global_step/sec: 1.35795
INFO:tensorflow:2018-08-13 13:10:41.249500: step 2700, loss = 0.32 (137.3 examples/sec; 0.729 sec/batch)
INFO:tensorflow:Saving checkpoints for 2701 into /home/gridsan/salford/tf/saved/lenet5_rt/model.ckpt.
INFO:tensorflow:global_step/sec: 1.28987
INFO:tensorflow:2018-08-13 13:11:58.775625: step 2800, loss = 0.30 (159.2 examples/sec; 0.628 sec/batch)
INFO:tensorflow:global_step/sec: 1.00869
INFO:tensorflow:2018-08-13 13:13:37.915829: step 2900, loss = 0.30 (83.3 examples/sec; 1.200 sec/batch)
INFO:tensorflow:global_step/sec: 0.795006
INFO:tensorflow:2018-08-13 13:15:43.700483: step 3000, loss = 0.27 (111.6 examples/sec; 0.896 sec/batch)
INFO:tensorflow:Saving checkpoints for 3001 into /home/gridsan/salford/tf/saved/lenet5_rt/model.ckpt.
INFO:tensorflow:global_step/sec: 0.781515
INFO:tensorflow:2018-08-13 13:17:51.655568: step 3100, loss = 0.27 (88.0 examples/sec; 1.136 sec/batch)
INFO:tensorflow:global_step/sec: 0.797753
INFO:tensorflow:2018-08-13 13:19:57.007705: step 3200, loss = 0.24 (90.3 examples/sec; 1.108 sec/batch)
INFO:tensorflow:global_step/sec: 0.817329
INFO:tensorflow:2018-08-13 13:21:59.357577: step 3300, loss = 0.21 (91.9 examples/sec; 1.089 sec/batch)
INFO:tensorflow:Saving checkpoints for 3301 into /home/gridsan/salford/tf/saved/lenet5_rt/model.ckpt.
INFO:tensorflow:global_step/sec: 0.790185
INFO:tensorflow:2018-08-13 13:24:05.910237: step 3400, loss = 0.19 (105.0 examples/sec; 0.952 sec/batch)
INFO:tensorflow:global_step/sec: 0.806562
INFO:tensorflow:2018-08-13 13:26:09.893378: step 3500, loss = 0.20 (87.2 examples/sec; 1.147 sec/batch)
INFO:tensorflow:global_step/sec: 0.799422
INFO:tensorflow:2018-08-13 13:28:14.983587: step 3600, loss = 0.19 (92.6 examples/sec; 1.080 sec/batch)
INFO:tensorflow:Saving checkpoints for 3601 into /home/gridsan/salford/tf/saved/lenet5_rt/model.ckpt.
INFO:tensorflow:global_step/sec: 0.801336
INFO:tensorflow:2018-08-13 13:30:19.777114: step 3700, loss = 0.29 (105.1 examples/sec; 0.951 sec/batch)
INFO:tensorflow:global_step/sec: 0.795257
INFO:tensorflow:2018-08-13 13:32:25.987918: step 3800, loss = 0.16 (60.8 examples/sec; 1.645 sec/batch)
INFO:tensorflow:global_step/sec: 0.808342
INFO:tensorflow:2018-08-13 13:34:29.230647: step 3900, loss = 0.17 (119.5 examples/sec; 0.837 sec/batch)
INFO:tensorflow:Saving checkpoints for 3901 into /home/gridsan/salford/tf/saved/lenet5_rt/model.ckpt.
INFO:tensorflow:global_step/sec: 0.785581
INFO:tensorflow:2018-08-13 13:36:36.524978: step 4000, loss = 0.16 (107.6 examples/sec; 0.930 sec/batch)
INFO:tensorflow:global_step/sec: 0.835516
INFO:tensorflow:2018-08-13 13:38:36.211427: step 4100, loss = 0.14 (105.4 examples/sec; 0.949 sec/batch)
INFO:tensorflow:global_step/sec: 0.809544
INFO:tensorflow:2018-08-13 13:40:39.738140: step 4200, loss = 0.15 (94.8 examples/sec; 1.054 sec/batch)
INFO:tensorflow:Saving checkpoints for 4201 into /home/gridsan/salford/tf/saved/lenet5_rt/model.ckpt.
INFO:tensorflow:global_step/sec: 0.801031
INFO:tensorflow:2018-08-13 13:42:44.576864: step 4300, loss = 0.12 (107.7 examples/sec; 0.929 sec/batch)
INFO:tensorflow:global_step/sec: 0.825561
INFO:tensorflow:2018-08-13 13:44:45.708582: step 4400, loss = 0.11 (94.2 examples/sec; 1.061 sec/batch)
INFO:tensorflow:global_step/sec: 0.802172
INFO:tensorflow:2018-08-13 13:46:50.368002: step 4500, loss = 0.10 (85.7 examples/sec; 1.167 sec/batch)
INFO:tensorflow:Saving checkpoints for 4501 into /home/gridsan/salford/tf/saved/lenet5_rt/model.ckpt.
INFO:tensorflow:global_step/sec: 0.804599
INFO:tensorflow:2018-08-13 13:48:54.655271: step 4600, loss = 0.11 (101.9 examples/sec; 0.982 sec/batch)
INFO:tensorflow:global_step/sec: 0.805124
INFO:tensorflow:2018-08-13 13:50:58.857941: step 4700, loss = 0.10 (96.8 examples/sec; 1.033 sec/batch)
INFO:tensorflow:global_step/sec: 0.802021
INFO:tensorflow:2018-08-13 13:53:03.542936: step 4800, loss = 0.09 (100.3 examples/sec; 0.997 sec/batch)
INFO:tensorflow:Saving checkpoints for 4801 into /home/gridsan/salford/tf/saved/lenet5_rt/model.ckpt.
INFO:tensorflow:global_step/sec: 0.804548
INFO:tensorflow:2018-08-13 13:55:07.838455: step 4900, loss = 0.08 (90.4 examples/sec; 1.106 sec/batch)
INFO:tensorflow:Saving checkpoints for 5000 into /home/gridsan/salford/tf/saved/lenet5_rt/model.ckpt.
FLAGS: Namespace(pruning_hparams='name=lenet5_rt,begin_pruning_step=2000,end_pruning_step=5000,initial_sparsity=0.0,target_sparsity=0.9,sparsity_function_begin_step=2000,sparsity_function_end_step=5000,pruning_frequency=200,pruning_on=False')
Extracting /home/gridsan/salford/mnist/data/train-images-idx3-ubyte.gz
Extracting /home/gridsan/salford/mnist/data/train-labels-idx1-ubyte.gz
Extracting /home/gridsan/salford/mnist/data/t10k-images-idx3-ubyte.gz
Extracting /home/gridsan/salford/mnist/data/t10k-labels-idx1-ubyte.gz
No checkpoint found; training from scratch
