/state/partition1/llgrid/pkg/anaconda2-5.0.1/lib/python2.7/site-packages/h5py/__init__.py:34: FutureWarning: Conversion of the second argument of issubdtype from `float` to `np.floating` is deprecated. In future, it will be treated as `np.float64 == np.dtype(float).type`.
  from ._conv import register_converters as _register_converters
INFO:tensorflow:Using default config.
INFO:tensorflow:Using config: {'_save_checkpoints_secs': 600, '_session_config': None, '_keep_checkpoint_max': 5, '_tf_random_seed': 1, '_keep_checkpoint_every_n_hours': 10000, '_log_step_count_steps': 100, '_save_checkpoints_steps': None, '_model_dir': '/home/gridsan/salford/tf/saved/lenet5_exp0.2-2000-0.5sc/', '_save_summary_steps': 100}
INFO:tensorflow:Create CheckpointSaverHook.
2018-07-18 17:29:16.417425: W tensorflow/core/platform/cpu_feature_guard.cc:45] The TensorFlow library wasn't compiled to use AVX instructions, but these are available on your machine and could speed up CPU computations.
2018-07-18 17:29:16.487290: E tensorflow/core/common_runtime/bfc_allocator.cc:244] tried to allocate 0 bytes
2018-07-18 17:29:16.487430: W tensorflow/core/common_runtime/allocator_retry.cc:32] Request to allocate 0 bytes
2018-07-18 17:29:16.487477: E tensorflow/core/common_runtime/bfc_allocator.cc:378] tried to deallocate nullptr
2018-07-18 17:29:16.500282: E tensorflow/core/common_runtime/bfc_allocator.cc:244] tried to allocate 0 bytes
2018-07-18 17:29:16.500332: W tensorflow/core/common_runtime/allocator_retry.cc:32] Request to allocate 0 bytes
2018-07-18 17:29:16.500371: E tensorflow/core/common_runtime/bfc_allocator.cc:378] tried to deallocate nullptr
INFO:tensorflow:Saving checkpoints for 1 into /home/gridsan/salford/tf/saved/lenet5_exp0.2-2000-0.5sc/model.ckpt.
INFO:tensorflow:loss = 2.2977211, step = 1
INFO:tensorflow:global_step/sec: 3.47209
INFO:tensorflow:loss = 0.20904125, step = 101 (28.794 sec)
INFO:tensorflow:global_step/sec: 3.70433
INFO:tensorflow:loss = 0.12479568, step = 201 (26.995 sec)
INFO:tensorflow:global_step/sec: 4.09513
INFO:tensorflow:loss = 0.10120943, step = 301 (24.418 sec)
INFO:tensorflow:global_step/sec: 4.12066
INFO:tensorflow:loss = 0.05575463, step = 401 (24.268 sec)
INFO:tensorflow:global_step/sec: 3.90328
INFO:tensorflow:loss = 0.1487026, step = 501 (25.620 sec)
INFO:tensorflow:global_step/sec: 3.93106
INFO:tensorflow:loss = 0.11525527, step = 601 (25.437 sec)
INFO:tensorflow:global_step/sec: 3.59425
INFO:tensorflow:loss = 0.053659473, step = 701 (27.823 sec)
INFO:tensorflow:global_step/sec: 3.53394
INFO:tensorflow:loss = 0.053287603, step = 801 (28.297 sec)
INFO:tensorflow:global_step/sec: 4.08494
INFO:tensorflow:loss = 0.031724963, step = 901 (24.481 sec)
INFO:tensorflow:Saving checkpoints for 1000 into /home/gridsan/salford/tf/saved/lenet5_exp0.2-2000-0.5sc/model.ckpt.
INFO:tensorflow:Loss for final step: 0.01825264.
INFO:tensorflow:Starting evaluation at 2018-07-18-21:33:40
INFO:tensorflow:Restoring parameters from /home/gridsan/salford/tf/saved/lenet5_exp0.2-2000-0.5sc/model.ckpt-1000
2018-07-18 17:33:41.170939: E tensorflow/core/common_runtime/bfc_allocator.cc:244] tried to allocate 0 bytes
2018-07-18 17:33:41.171059: W tensorflow/core/common_runtime/allocator_retry.cc:32] Request to allocate 0 bytes
2018-07-18 17:33:41.171104: E tensorflow/core/common_runtime/bfc_allocator.cc:378] tried to deallocate nullptr
2018-07-18 17:33:41.184103: E tensorflow/core/common_runtime/bfc_allocator.cc:244] tried to allocate 0 bytes
2018-07-18 17:33:41.184158: W tensorflow/core/common_runtime/allocator_retry.cc:32] Request to allocate 0 bytes
2018-07-18 17:33:41.184206: E tensorflow/core/common_runtime/bfc_allocator.cc:378] tried to deallocate nullptr
INFO:tensorflow:Finished evaluation at 2018-07-18-21:33:49
INFO:tensorflow:Saving dict for global step 1000: accuracy = 0.9872, global_step = 1000, loss = 0.03790512
INFO:tensorflow:Create CheckpointSaverHook.
INFO:tensorflow:Restoring parameters from /home/gridsan/salford/tf/saved/lenet5_exp0.2-2000-0.5sc/model.ckpt-1000
2018-07-18 17:33:50.185987: E tensorflow/core/common_runtime/bfc_allocator.cc:244] tried to allocate 0 bytes
2018-07-18 17:33:50.186114: W tensorflow/core/common_runtime/allocator_retry.cc:32] Request to allocate 0 bytes
2018-07-18 17:33:50.186162: E tensorflow/core/common_runtime/bfc_allocator.cc:378] tried to deallocate nullptr
2018-07-18 17:33:50.198108: E tensorflow/core/common_runtime/bfc_allocator.cc:244] tried to allocate 0 bytes
2018-07-18 17:33:50.198164: W tensorflow/core/common_runtime/allocator_retry.cc:32] Request to allocate 0 bytes
2018-07-18 17:33:50.198203: E tensorflow/core/common_runtime/bfc_allocator.cc:378] tried to deallocate nullptr
INFO:tensorflow:Saving checkpoints for 1001 into /home/gridsan/salford/tf/saved/lenet5_exp0.2-2000-0.5sc/model.ckpt.
INFO:tensorflow:loss = 0.031948484, step = 1001
INFO:tensorflow:global_step/sec: 3.12451
INFO:tensorflow:loss = 0.049969297, step = 1101 (32.004 sec)
INFO:tensorflow:global_step/sec: 3.70554
INFO:tensorflow:loss = 0.020636272, step = 1201 (26.987 sec)
INFO:tensorflow:global_step/sec: 4.16372
INFO:tensorflow:loss = 0.18781486, step = 1301 (24.017 sec)
INFO:tensorflow:global_step/sec: 3.7264
INFO:tensorflow:loss = 0.07146695, step = 1401 (26.836 sec)
INFO:tensorflow:global_step/sec: 3.40072
INFO:tensorflow:loss = 0.036395993, step = 1501 (29.405 sec)
INFO:tensorflow:global_step/sec: 3.58392
INFO:tensorflow:loss = 0.09655833, step = 1601 (27.902 sec)
INFO:tensorflow:global_step/sec: 3.59906
INFO:tensorflow:loss = 0.004191973, step = 1701 (27.785 sec)
INFO:tensorflow:global_step/sec: 3.57304
INFO:tensorflow:loss = 0.013000351, step = 1801 (27.987 sec)
INFO:tensorflow:global_step/sec: 4.08374
INFO:tensorflow:loss = 0.006757537, step = 1901 (24.487 sec)
INFO:tensorflow:Saving checkpoints for 2000 into /home/gridsan/salford/tf/saved/lenet5_exp0.2-2000-0.5sc/model.ckpt.
INFO:tensorflow:Loss for final step: 0.07503477.
INFO:tensorflow:Starting evaluation at 2018-07-18-21:38:23
INFO:tensorflow:Restoring parameters from /home/gridsan/salford/tf/saved/lenet5_exp0.2-2000-0.5sc/model.ckpt-2000
2018-07-18 17:38:24.155590: E tensorflow/core/common_runtime/bfc_allocator.cc:244] tried to allocate 0 bytes
2018-07-18 17:38:24.155689: W tensorflow/core/common_runtime/allocator_retry.cc:32] Request to allocate 0 bytes
2018-07-18 17:38:24.155737: E tensorflow/core/common_runtime/bfc_allocator.cc:378] tried to deallocate nullptr
2018-07-18 17:38:24.169256: E tensorflow/core/common_runtime/bfc_allocator.cc:244] tried to allocate 0 bytes
2018-07-18 17:38:24.169307: W tensorflow/core/common_runtime/allocator_retry.cc:32] Request to allocate 0 bytes
2018-07-18 17:38:24.169347: E tensorflow/core/common_runtime/bfc_allocator.cc:378] tried to deallocate nullptr
INFO:tensorflow:Finished evaluation at 2018-07-18-21:38:32
INFO:tensorflow:Saving dict for global step 2000: accuracy = 0.989, global_step = 2000, loss = 0.030940155
INFO:tensorflow:Create CheckpointSaverHook.
INFO:tensorflow:Restoring parameters from /home/gridsan/salford/tf/saved/lenet5_exp0.2-2000-0.5sc/model.ckpt-2000
2018-07-18 17:38:33.147293: E tensorflow/core/common_runtime/bfc_allocator.cc:244] tried to allocate 0 bytes
2018-07-18 17:38:33.147397: W tensorflow/core/common_runtime/allocator_retry.cc:32] Request to allocate 0 bytes
2018-07-18 17:38:33.147446: E tensorflow/core/common_runtime/bfc_allocator.cc:378] tried to deallocate nullptr
2018-07-18 17:38:33.159223: E tensorflow/core/common_runtime/bfc_allocator.cc:244] tried to allocate 0 bytes
2018-07-18 17:38:33.159289: W tensorflow/core/common_runtime/allocator_retry.cc:32] Request to allocate 0 bytes
2018-07-18 17:38:33.159328: E tensorflow/core/common_runtime/bfc_allocator.cc:378] tried to deallocate nullptr
INFO:tensorflow:Saving checkpoints for 2001 into /home/gridsan/salford/tf/saved/lenet5_exp0.2-2000-0.5sc/model.ckpt.
INFO:tensorflow:loss = 0.022729766, step = 2001
INFO:tensorflow:global_step/sec: 3.59936
INFO:tensorflow:loss = 0.087964736, step = 2101 (27.783 sec)
INFO:tensorflow:global_step/sec: 3.72506
INFO:tensorflow:loss = 0.017250776, step = 2201 (26.845 sec)
INFO:tensorflow:global_step/sec: 3.9309
INFO:tensorflow:loss = 0.070363276, step = 2301 (25.440 sec)
INFO:tensorflow:global_step/sec: 3.8861
INFO:tensorflow:loss = 0.03772921, step = 2401 (25.732 sec)
INFO:tensorflow:global_step/sec: 3.80617
INFO:tensorflow:loss = 0.077646896, step = 2501 (26.273 sec)
INFO:tensorflow:global_step/sec: 3.8047
INFO:tensorflow:loss = 0.011199094, step = 2601 (26.283 sec)
INFO:tensorflow:global_step/sec: 3.73923
INFO:tensorflow:loss = 0.010435896, step = 2701 (26.744 sec)
INFO:tensorflow:global_step/sec: 3.97648
INFO:tensorflow:loss = 0.0011436241, step = 2801 (25.148 sec)
INFO:tensorflow:global_step/sec: 3.75363
INFO:tensorflow:loss = 0.026138868, step = 2901 (26.641 sec)
INFO:tensorflow:Saving checkpoints for 3000 into /home/gridsan/salford/tf/saved/lenet5_exp0.2-2000-0.5sc/model.ckpt.
INFO:tensorflow:Loss for final step: 0.08379566.
INFO:tensorflow:Starting evaluation at 2018-07-18-21:42:59
INFO:tensorflow:Restoring parameters from /home/gridsan/salford/tf/saved/lenet5_exp0.2-2000-0.5sc/model.ckpt-3000
2018-07-18 17:42:59.289121: E tensorflow/core/common_runtime/bfc_allocator.cc:244] tried to allocate 0 bytes
2018-07-18 17:42:59.289243: W tensorflow/core/common_runtime/allocator_retry.cc:32] Request to allocate 0 bytes
2018-07-18 17:42:59.289289: E tensorflow/core/common_runtime/bfc_allocator.cc:378] tried to deallocate nullptr
2018-07-18 17:42:59.302364: E tensorflow/core/common_runtime/bfc_allocator.cc:244] tried to allocate 0 bytes
2018-07-18 17:42:59.302421: W tensorflow/core/common_runtime/allocator_retry.cc:32] Request to allocate 0 bytes
2018-07-18 17:42:59.302457: E tensorflow/core/common_runtime/bfc_allocator.cc:378] tried to deallocate nullptr
INFO:tensorflow:Finished evaluation at 2018-07-18-21:43:06
INFO:tensorflow:Saving dict for global step 3000: accuracy = 0.9896, global_step = 3000, loss = 0.030476512
INFO:tensorflow:Create CheckpointSaverHook.
INFO:tensorflow:Restoring parameters from /home/gridsan/salford/tf/saved/lenet5_exp0.2-2000-0.5sc/model.ckpt-3000
2018-07-18 17:43:07.309472: E tensorflow/core/common_runtime/bfc_allocator.cc:244] tried to allocate 0 bytes
2018-07-18 17:43:07.309567: W tensorflow/core/common_runtime/allocator_retry.cc:32] Request to allocate 0 bytes
2018-07-18 17:43:07.309615: E tensorflow/core/common_runtime/bfc_allocator.cc:378] tried to deallocate nullptr
2018-07-18 17:43:07.321212: E tensorflow/core/common_runtime/bfc_allocator.cc:244] tried to allocate 0 bytes
2018-07-18 17:43:07.321260: W tensorflow/core/common_runtime/allocator_retry.cc:32] Request to allocate 0 bytes
2018-07-18 17:43:07.321297: E tensorflow/core/common_runtime/bfc_allocator.cc:378] tried to deallocate nullptr
INFO:tensorflow:Saving checkpoints for 3001 into /home/gridsan/salford/tf/saved/lenet5_exp0.2-2000-0.5sc/model.ckpt.
INFO:tensorflow:loss = 0.00623017, step = 3001
INFO:tensorflow:global_step/sec: 3.80292
INFO:tensorflow:loss = 0.014192503, step = 3101 (26.296 sec)
INFO:tensorflow:global_step/sec: 3.40614
INFO:tensorflow:loss = 0.02309489, step = 3201 (29.358 sec)
INFO:tensorflow:global_step/sec: 3.83436
INFO:tensorflow:loss = 0.03263678, step = 3301 (26.080 sec)
INFO:tensorflow:global_step/sec: 3.71639
INFO:tensorflow:loss = 0.0096046245, step = 3401 (26.908 sec)
INFO:tensorflow:global_step/sec: 3.62668
INFO:tensorflow:loss = 0.021913724, step = 3501 (27.573 sec)
INFO:tensorflow:global_step/sec: 3.50976
INFO:tensorflow:loss = 0.0075048865, step = 3601 (28.492 sec)
INFO:tensorflow:global_step/sec: 3.7723
INFO:tensorflow:loss = 0.0050002905, step = 3701 (26.509 sec)
INFO:tensorflow:global_step/sec: 3.5298
INFO:tensorflow:loss = 0.01973255, step = 3801 (28.330 sec)
INFO:tensorflow:global_step/sec: 4.0647
INFO:tensorflow:loss = 0.005832052, step = 3901 (24.602 sec)
INFO:tensorflow:Saving checkpoints for 4000 into /home/gridsan/salford/tf/saved/lenet5_exp0.2-2000-0.5sc/model.ckpt.
INFO:tensorflow:Loss for final step: 0.005449169.
INFO:tensorflow:Starting evaluation at 2018-07-18-21:47:35
INFO:tensorflow:Restoring parameters from /home/gridsan/salford/tf/saved/lenet5_exp0.2-2000-0.5sc/model.ckpt-4000
2018-07-18 17:47:35.367544: E tensorflow/core/common_runtime/bfc_allocator.cc:244] tried to allocate 0 bytes
2018-07-18 17:47:35.367662: W tensorflow/core/common_runtime/allocator_retry.cc:32] Request to allocate 0 bytes
2018-07-18 17:47:35.367710: E tensorflow/core/common_runtime/bfc_allocator.cc:378] tried to deallocate nullptr
2018-07-18 17:47:35.381038: E tensorflow/core/common_runtime/bfc_allocator.cc:244] tried to allocate 0 bytes
2018-07-18 17:47:35.381104: W tensorflow/core/common_runtime/allocator_retry.cc:32] Request to allocate 0 bytes
2018-07-18 17:47:35.381140: E tensorflow/core/common_runtime/bfc_allocator.cc:378] tried to deallocate nullptr
INFO:tensorflow:Finished evaluation at 2018-07-18-21:47:43
INFO:tensorflow:Saving dict for global step 4000: accuracy = 0.9913, global_step = 4000, loss = 0.02515798
INFO:tensorflow:Create CheckpointSaverHook.
INFO:tensorflow:Restoring parameters from /home/gridsan/salford/tf/saved/lenet5_exp0.2-2000-0.5sc/model.ckpt-4000
2018-07-18 17:47:43.648741: E tensorflow/core/common_runtime/bfc_allocator.cc:244] tried to allocate 0 bytes
2018-07-18 17:47:43.648829: W tensorflow/core/common_runtime/allocator_retry.cc:32] Request to allocate 0 bytes
2018-07-18 17:47:43.648874: E tensorflow/core/common_runtime/bfc_allocator.cc:378] tried to deallocate nullptr
2018-07-18 17:47:43.660437: E tensorflow/core/common_runtime/bfc_allocator.cc:244] tried to allocate 0 bytes
2018-07-18 17:47:43.660498: W tensorflow/core/common_runtime/allocator_retry.cc:32] Request to allocate 0 bytes
2018-07-18 17:47:43.660536: E tensorflow/core/common_runtime/bfc_allocator.cc:378] tried to deallocate nullptr
INFO:tensorflow:Saving checkpoints for 4001 into /home/gridsan/salford/tf/saved/lenet5_exp0.2-2000-0.5sc/model.ckpt.
INFO:tensorflow:loss = 0.020493247, step = 4001
INFO:tensorflow:global_step/sec: 3.5682
INFO:tensorflow:loss = 0.032069754, step = 4101 (28.026 sec)
INFO:tensorflow:global_step/sec: 4.06368
INFO:tensorflow:loss = 0.0013030921, step = 4201 (24.608 sec)
INFO:tensorflow:global_step/sec: 3.95049
INFO:tensorflow:loss = 0.06392882, step = 4301 (25.314 sec)
INFO:tensorflow:global_step/sec: 3.75668
INFO:tensorflow:loss = 0.011642813, step = 4401 (26.619 sec)
INFO:tensorflow:global_step/sec: 3.67234
INFO:tensorflow:loss = 0.02309028, step = 4501 (27.231 sec)
INFO:tensorflow:global_step/sec: 3.5788
INFO:tensorflow:loss = 0.0022167936, step = 4601 (27.942 sec)
INFO:tensorflow:global_step/sec: 3.88174
INFO:tensorflow:loss = 0.0067549455, step = 4701 (25.762 sec)
INFO:tensorflow:global_step/sec: 4.15949
INFO:tensorflow:loss = 0.0013776053, step = 4801 (24.041 sec)
INFO:tensorflow:global_step/sec: 3.64186
INFO:tensorflow:loss = 0.04224997, step = 4901 (27.458 sec)
INFO:tensorflow:Saving checkpoints for 5000 into /home/gridsan/salford/tf/saved/lenet5_exp0.2-2000-0.5sc/model.ckpt.
INFO:tensorflow:Loss for final step: 0.005926367.
INFO:tensorflow:Starting evaluation at 2018-07-18-21:52:07
INFO:tensorflow:Restoring parameters from /home/gridsan/salford/tf/saved/lenet5_exp0.2-2000-0.5sc/model.ckpt-5000
2018-07-18 17:52:07.819473: E tensorflow/core/common_runtime/bfc_allocator.cc:244] tried to allocate 0 bytes
2018-07-18 17:52:07.819592: W tensorflow/core/common_runtime/allocator_retry.cc:32] Request to allocate 0 bytes
2018-07-18 17:52:07.819640: E tensorflow/core/common_runtime/bfc_allocator.cc:378] tried to deallocate nullptr
2018-07-18 17:52:07.833477: E tensorflow/core/common_runtime/bfc_allocator.cc:244] tried to allocate 0 bytes
2018-07-18 17:52:07.833536: W tensorflow/core/common_runtime/allocator_retry.cc:32] Request to allocate 0 bytes
2018-07-18 17:52:07.833573: E tensorflow/core/common_runtime/bfc_allocator.cc:378] tried to deallocate nullptr
INFO:tensorflow:Finished evaluation at 2018-07-18-21:52:16
INFO:tensorflow:Saving dict for global step 5000: accuracy = 0.991, global_step = 5000, loss = 0.027908977
INFO:tensorflow:Create CheckpointSaverHook.
INFO:tensorflow:Restoring parameters from /home/gridsan/salford/tf/saved/lenet5_exp0.2-2000-0.5sc/model.ckpt-5000
2018-07-18 17:52:16.871992: E tensorflow/core/common_runtime/bfc_allocator.cc:244] tried to allocate 0 bytes
2018-07-18 17:52:16.872125: W tensorflow/core/common_runtime/allocator_retry.cc:32] Request to allocate 0 bytes
2018-07-18 17:52:16.872176: E tensorflow/core/common_runtime/bfc_allocator.cc:378] tried to deallocate nullptr
2018-07-18 17:52:16.886882: E tensorflow/core/common_runtime/bfc_allocator.cc:244] tried to allocate 0 bytes
2018-07-18 17:52:16.886938: W tensorflow/core/common_runtime/allocator_retry.cc:32] Request to allocate 0 bytes
2018-07-18 17:52:16.886975: E tensorflow/core/common_runtime/bfc_allocator.cc:378] tried to deallocate nullptr
INFO:tensorflow:Saving checkpoints for 5001 into /home/gridsan/salford/tf/saved/lenet5_exp0.2-2000-0.5sc/model.ckpt.
INFO:tensorflow:loss = 0.0011905297, step = 5001
INFO:tensorflow:global_step/sec: 3.72842
INFO:tensorflow:loss = 0.0021963918, step = 5101 (26.821 sec)
INFO:tensorflow:global_step/sec: 3.56447
INFO:tensorflow:loss = 0.018098205, step = 5201 (28.055 sec)
INFO:tensorflow:global_step/sec: 3.78133
INFO:tensorflow:loss = 0.012220595, step = 5301 (26.446 sec)
INFO:tensorflow:global_step/sec: 3.64344
INFO:tensorflow:loss = 0.0019191724, step = 5401 (27.447 sec)
INFO:tensorflow:global_step/sec: 4.31143
INFO:tensorflow:loss = 0.021821031, step = 5501 (23.194 sec)
INFO:tensorflow:global_step/sec: 3.56431
INFO:tensorflow:loss = 0.004682223, step = 5601 (28.056 sec)
INFO:tensorflow:global_step/sec: 3.79771
INFO:tensorflow:loss = 0.010829311, step = 5701 (26.333 sec)
INFO:tensorflow:global_step/sec: 4.01783
INFO:tensorflow:loss = 0.006157219, step = 5801 (24.889 sec)
INFO:tensorflow:global_step/sec: 3.79373
INFO:tensorflow:loss = 0.00070006005, step = 5901 (26.359 sec)
INFO:tensorflow:Saving checkpoints for 6000 into /home/gridsan/salford/tf/saved/lenet5_exp0.2-2000-0.5sc/model.ckpt.
INFO:tensorflow:Loss for final step: 0.0023683957.
INFO:tensorflow:Starting evaluation at 2018-07-18-21:56:44
INFO:tensorflow:Restoring parameters from /home/gridsan/salford/tf/saved/lenet5_exp0.2-2000-0.5sc/model.ckpt-6000
2018-07-18 17:56:44.135440: E tensorflow/core/common_runtime/bfc_allocator.cc:244] tried to allocate 0 bytes
2018-07-18 17:56:44.135568: W tensorflow/core/common_runtime/allocator_retry.cc:32] Request to allocate 0 bytes
2018-07-18 17:56:44.135614: E tensorflow/core/common_runtime/bfc_allocator.cc:378] tried to deallocate nullptr
2018-07-18 17:56:44.148585: E tensorflow/core/common_runtime/bfc_allocator.cc:244] tried to allocate 0 bytes
2018-07-18 17:56:44.148640: W tensorflow/core/common_runtime/allocator_retry.cc:32] Request to allocate 0 bytes
2018-07-18 17:56:44.148676: E tensorflow/core/common_runtime/bfc_allocator.cc:378] tried to deallocate nullptr
INFO:tensorflow:Finished evaluation at 2018-07-18-21:56:52
INFO:tensorflow:Saving dict for global step 6000: accuracy = 0.9907, global_step = 6000, loss = 0.02741837
INFO:tensorflow:Create CheckpointSaverHook.
INFO:tensorflow:Restoring parameters from /home/gridsan/salford/tf/saved/lenet5_exp0.2-2000-0.5sc/model.ckpt-6000
2018-07-18 17:56:52.912688: E tensorflow/core/common_runtime/bfc_allocator.cc:244] tried to allocate 0 bytes
2018-07-18 17:56:52.912790: W tensorflow/core/common_runtime/allocator_retry.cc:32] Request to allocate 0 bytes
2018-07-18 17:56:52.912838: E tensorflow/core/common_runtime/bfc_allocator.cc:378] tried to deallocate nullptr
2018-07-18 17:56:52.925113: E tensorflow/core/common_runtime/bfc_allocator.cc:244] tried to allocate 0 bytes
2018-07-18 17:56:52.925163: W tensorflow/core/common_runtime/allocator_retry.cc:32] Request to allocate 0 bytes
2018-07-18 17:56:52.925202: E tensorflow/core/common_runtime/bfc_allocator.cc:378] tried to deallocate nullptr
INFO:tensorflow:Saving checkpoints for 6001 into /home/gridsan/salford/tf/saved/lenet5_exp0.2-2000-0.5sc/model.ckpt.
INFO:tensorflow:loss = 0.0033941627, step = 6001
INFO:tensorflow:global_step/sec: 3.9387
INFO:tensorflow:loss = 0.0017037904, step = 6101 (25.389 sec)
INFO:tensorflow:global_step/sec: 3.71462
INFO:tensorflow:loss = 0.0036798515, step = 6201 (26.922 sec)
INFO:tensorflow:global_step/sec: 3.7343
INFO:tensorflow:loss = 0.0030194938, step = 6301 (26.778 sec)
INFO:tensorflow:global_step/sec: 3.69898
INFO:tensorflow:loss = 0.022084378, step = 6401 (27.035 sec)
INFO:tensorflow:global_step/sec: 4.02197
INFO:tensorflow:loss = 0.00043183795, step = 6501 (24.864 sec)
INFO:tensorflow:global_step/sec: 3.87847
INFO:tensorflow:loss = 0.011766385, step = 6601 (25.785 sec)
INFO:tensorflow:global_step/sec: 3.69916
INFO:tensorflow:loss = 0.0017034247, step = 6701 (27.033 sec)
INFO:tensorflow:global_step/sec: 3.80486
INFO:tensorflow:loss = 0.013503787, step = 6801 (26.282 sec)
INFO:tensorflow:global_step/sec: 3.57825
INFO:tensorflow:loss = 0.007491107, step = 6901 (27.945 sec)
INFO:tensorflow:Saving checkpoints for 7000 into /home/gridsan/salford/tf/saved/lenet5_exp0.2-2000-0.5sc/model.ckpt.
INFO:tensorflow:Loss for final step: 0.0021105923.
INFO:tensorflow:Starting evaluation at 2018-07-18-22:01:17
INFO:tensorflow:Restoring parameters from /home/gridsan/salford/tf/saved/lenet5_exp0.2-2000-0.5sc/model.ckpt-7000
2018-07-18 18:01:17.199478: E tensorflow/core/common_runtime/bfc_allocator.cc:244] tried to allocate 0 bytes
2018-07-18 18:01:17.199586: W tensorflow/core/common_runtime/allocator_retry.cc:32] Request to allocate 0 bytes
2018-07-18 18:01:17.199633: E tensorflow/core/common_runtime/bfc_allocator.cc:378] tried to deallocate nullptr
2018-07-18 18:01:17.213023: E tensorflow/core/common_runtime/bfc_allocator.cc:244] tried to allocate 0 bytes
2018-07-18 18:01:17.213096: W tensorflow/core/common_runtime/allocator_retry.cc:32] Request to allocate 0 bytes
2018-07-18 18:01:17.213133: E tensorflow/core/common_runtime/bfc_allocator.cc:378] tried to deallocate nullptr
INFO:tensorflow:Finished evaluation at 2018-07-18-22:01:24
INFO:tensorflow:Saving dict for global step 7000: accuracy = 0.9914, global_step = 7000, loss = 0.026631994
INFO:tensorflow:Create CheckpointSaverHook.
INFO:tensorflow:Restoring parameters from /home/gridsan/salford/tf/saved/lenet5_exp0.2-2000-0.5sc/model.ckpt-7000
2018-07-18 18:01:24.858606: E tensorflow/core/common_runtime/bfc_allocator.cc:244] tried to allocate 0 bytes
2018-07-18 18:01:24.858706: W tensorflow/core/common_runtime/allocator_retry.cc:32] Request to allocate 0 bytes
2018-07-18 18:01:24.858753: E tensorflow/core/common_runtime/bfc_allocator.cc:378] tried to deallocate nullptr
2018-07-18 18:01:24.870568: E tensorflow/core/common_runtime/bfc_allocator.cc:244] tried to allocate 0 bytes
2018-07-18 18:01:24.870623: W tensorflow/core/common_runtime/allocator_retry.cc:32] Request to allocate 0 bytes
2018-07-18 18:01:24.870662: E tensorflow/core/common_runtime/bfc_allocator.cc:378] tried to deallocate nullptr
INFO:tensorflow:Saving checkpoints for 7001 into /home/gridsan/salford/tf/saved/lenet5_exp0.2-2000-0.5sc/model.ckpt.
INFO:tensorflow:loss = 0.0026235438, step = 7001
INFO:tensorflow:global_step/sec: 4.08092
INFO:tensorflow:loss = 0.0042889165, step = 7101 (24.505 sec)
INFO:tensorflow:global_step/sec: 4.0806
INFO:tensorflow:loss = 0.0043989904, step = 7201 (24.506 sec)
INFO:tensorflow:global_step/sec: 3.65428
INFO:tensorflow:loss = 0.00021304758, step = 7301 (27.366 sec)
INFO:tensorflow:global_step/sec: 3.64217
INFO:tensorflow:loss = 0.019967256, step = 7401 (27.456 sec)
INFO:tensorflow:global_step/sec: 4.31409
INFO:tensorflow:loss = 0.047971874, step = 7501 (23.180 sec)
INFO:tensorflow:global_step/sec: 3.99924
INFO:tensorflow:loss = 0.002023687, step = 7601 (25.005 sec)
INFO:tensorflow:global_step/sec: 3.87831
INFO:tensorflow:loss = 0.0009913897, step = 7701 (25.784 sec)
INFO:tensorflow:global_step/sec: 4.17344
INFO:tensorflow:loss = 0.0058025625, step = 7801 (23.961 sec)
INFO:tensorflow:global_step/sec: 3.95109
INFO:tensorflow:loss = 0.0017171536, step = 7901 (25.310 sec)
INFO:tensorflow:Saving checkpoints for 8000 into /home/gridsan/salford/tf/saved/lenet5_exp0.2-2000-0.5sc/model.ckpt.
INFO:tensorflow:Loss for final step: 0.0015374445.
INFO:tensorflow:Starting evaluation at 2018-07-18-22:05:39
INFO:tensorflow:Restoring parameters from /home/gridsan/salford/tf/saved/lenet5_exp0.2-2000-0.5sc/model.ckpt-8000
2018-07-18 18:05:39.497744: E tensorflow/core/common_runtime/bfc_allocator.cc:244] tried to allocate 0 bytes
2018-07-18 18:05:39.497857: W tensorflow/core/common_runtime/allocator_retry.cc:32] Request to allocate 0 bytes
2018-07-18 18:05:39.497902: E tensorflow/core/common_runtime/bfc_allocator.cc:378] tried to deallocate nullptr
2018-07-18 18:05:39.510875: E tensorflow/core/common_runtime/bfc_allocator.cc:244] tried to allocate 0 bytes
2018-07-18 18:05:39.510942: W tensorflow/core/common_runtime/allocator_retry.cc:32] Request to allocate 0 bytes
2018-07-18 18:05:39.510978: E tensorflow/core/common_runtime/bfc_allocator.cc:378] tried to deallocate nullptr
INFO:tensorflow:Finished evaluation at 2018-07-18-22:05:47
INFO:tensorflow:Saving dict for global step 8000: accuracy = 0.992, global_step = 8000, loss = 0.025453402
INFO:tensorflow:Create CheckpointSaverHook.
INFO:tensorflow:Restoring parameters from /home/gridsan/salford/tf/saved/lenet5_exp0.2-2000-0.5sc/model.ckpt-8000
2018-07-18 18:05:47.697258: E tensorflow/core/common_runtime/bfc_allocator.cc:244] tried to allocate 0 bytes
2018-07-18 18:05:47.697357: W tensorflow/core/common_runtime/allocator_retry.cc:32] Request to allocate 0 bytes
2018-07-18 18:05:47.697406: E tensorflow/core/common_runtime/bfc_allocator.cc:378] tried to deallocate nullptr
2018-07-18 18:05:47.709223: E tensorflow/core/common_runtime/bfc_allocator.cc:244] tried to allocate 0 bytes
2018-07-18 18:05:47.709291: W tensorflow/core/common_runtime/allocator_retry.cc:32] Request to allocate 0 bytes
2018-07-18 18:05:47.709329: E tensorflow/core/common_runtime/bfc_allocator.cc:378] tried to deallocate nullptr
INFO:tensorflow:Saving checkpoints for 8001 into /home/gridsan/salford/tf/saved/lenet5_exp0.2-2000-0.5sc/model.ckpt.
INFO:tensorflow:loss = 0.0022012396, step = 8001
INFO:tensorflow:global_step/sec: 3.41602
INFO:tensorflow:loss = 0.009391102, step = 8101 (29.273 sec)
INFO:tensorflow:global_step/sec: 3.79551
INFO:tensorflow:loss = 0.0030915714, step = 8201 (26.347 sec)
INFO:tensorflow:global_step/sec: 3.739
INFO:tensorflow:loss = 0.0008011133, step = 8301 (26.745 sec)
INFO:tensorflow:global_step/sec: 4.25685
INFO:tensorflow:loss = 0.004145034, step = 8401 (23.492 sec)
INFO:tensorflow:global_step/sec: 3.96162
INFO:tensorflow:loss = 0.00033402912, step = 8501 (25.242 sec)
INFO:tensorflow:global_step/sec: 3.70717
INFO:tensorflow:loss = 0.0025085271, step = 8601 (26.975 sec)
INFO:tensorflow:global_step/sec: 3.88352
INFO:tensorflow:loss = 0.010244453, step = 8701 (25.750 sec)
INFO:tensorflow:global_step/sec: 3.58379
INFO:tensorflow:loss = 0.0021439441, step = 8801 (27.903 sec)
INFO:tensorflow:global_step/sec: 4.07711
INFO:tensorflow:loss = 0.00035398456, step = 8901 (24.527 sec)
INFO:tensorflow:Saving checkpoints for 9000 into /home/gridsan/salford/tf/saved/lenet5_exp0.2-2000-0.5sc/model.ckpt.
INFO:tensorflow:Loss for final step: 0.008788014.
INFO:tensorflow:Starting evaluation at 2018-07-18-22:10:12
INFO:tensorflow:Restoring parameters from /home/gridsan/salford/tf/saved/lenet5_exp0.2-2000-0.5sc/model.ckpt-9000
2018-07-18 18:10:12.585575: E tensorflow/core/common_runtime/bfc_allocator.cc:244] tried to allocate 0 bytes
2018-07-18 18:10:12.585683: W tensorflow/core/common_runtime/allocator_retry.cc:32] Request to allocate 0 bytes
2018-07-18 18:10:12.585731: E tensorflow/core/common_runtime/bfc_allocator.cc:378] tried to deallocate nullptr
2018-07-18 18:10:12.599236: E tensorflow/core/common_runtime/bfc_allocator.cc:244] tried to allocate 0 bytes
2018-07-18 18:10:12.599304: W tensorflow/core/common_runtime/allocator_retry.cc:32] Request to allocate 0 bytes
2018-07-18 18:10:12.599341: E tensorflow/core/common_runtime/bfc_allocator.cc:378] tried to deallocate nullptr
INFO:tensorflow:Finished evaluation at 2018-07-18-22:10:20
INFO:tensorflow:Saving dict for global step 9000: accuracy = 0.9909, global_step = 9000, loss = 0.03052913
INFO:tensorflow:Create CheckpointSaverHook.
INFO:tensorflow:Restoring parameters from /home/gridsan/salford/tf/saved/lenet5_exp0.2-2000-0.5sc/model.ckpt-9000
2018-07-18 18:10:21.039621: E tensorflow/core/common_runtime/bfc_allocator.cc:244] tried to allocate 0 bytes
2018-07-18 18:10:21.039755: W tensorflow/core/common_runtime/allocator_retry.cc:32] Request to allocate 0 bytes
2018-07-18 18:10:21.039807: E tensorflow/core/common_runtime/bfc_allocator.cc:378] tried to deallocate nullptr
2018-07-18 18:10:21.051760: E tensorflow/core/common_runtime/bfc_allocator.cc:244] tried to allocate 0 bytes
2018-07-18 18:10:21.051818: W tensorflow/core/common_runtime/allocator_retry.cc:32] Request to allocate 0 bytes
2018-07-18 18:10:21.051858: E tensorflow/core/common_runtime/bfc_allocator.cc:378] tried to deallocate nullptr
INFO:tensorflow:Saving checkpoints for 9001 into /home/gridsan/salford/tf/saved/lenet5_exp0.2-2000-0.5sc/model.ckpt.
INFO:tensorflow:loss = 0.003875743, step = 9001
INFO:tensorflow:global_step/sec: 3.81761
INFO:tensorflow:loss = 0.009024421, step = 9101 (26.195 sec)
INFO:tensorflow:global_step/sec: 4.03261
INFO:tensorflow:loss = 0.0034316855, step = 9201 (24.798 sec)
INFO:tensorflow:global_step/sec: 3.77415
INFO:tensorflow:loss = 0.0006927587, step = 9301 (26.496 sec)
INFO:tensorflow:global_step/sec: 3.69378
INFO:tensorflow:loss = 0.00018399415, step = 9401 (27.072 sec)
INFO:tensorflow:global_step/sec: 3.69293
INFO:tensorflow:loss = 0.005173244, step = 9501 (27.079 sec)
INFO:tensorflow:global_step/sec: 3.88503
INFO:tensorflow:loss = 0.005169226, step = 9601 (25.740 sec)
INFO:tensorflow:global_step/sec: 3.67813
INFO:tensorflow:loss = 0.0013338956, step = 9701 (27.188 sec)
INFO:tensorflow:global_step/sec: 3.86517
INFO:tensorflow:loss = 2.2624217e-05, step = 9801 (25.872 sec)
INFO:tensorflow:global_step/sec: 4.01581
INFO:tensorflow:loss = 0.005736056, step = 9901 (24.902 sec)
INFO:tensorflow:Saving checkpoints for 10000 into /home/gridsan/salford/tf/saved/lenet5_exp0.2-2000-0.5sc/model.ckpt.
INFO:tensorflow:Loss for final step: 0.0006455087.
INFO:tensorflow:Starting evaluation at 2018-07-18-22:14:42
INFO:tensorflow:Restoring parameters from /home/gridsan/salford/tf/saved/lenet5_exp0.2-2000-0.5sc/model.ckpt-10000
2018-07-18 18:14:42.862711: E tensorflow/core/common_runtime/bfc_allocator.cc:244] tried to allocate 0 bytes
2018-07-18 18:14:42.862836: W tensorflow/core/common_runtime/allocator_retry.cc:32] Request to allocate 0 bytes
2018-07-18 18:14:42.862881: E tensorflow/core/common_runtime/bfc_allocator.cc:378] tried to deallocate nullptr
2018-07-18 18:14:42.875780: E tensorflow/core/common_runtime/bfc_allocator.cc:244] tried to allocate 0 bytes
2018-07-18 18:14:42.875831: W tensorflow/core/common_runtime/allocator_retry.cc:32] Request to allocate 0 bytes
2018-07-18 18:14:42.875869: E tensorflow/core/common_runtime/bfc_allocator.cc:378] tried to deallocate nullptr
INFO:tensorflow:Finished evaluation at 2018-07-18-22:14:50
INFO:tensorflow:Saving dict for global step 10000: accuracy = 0.9913, global_step = 10000, loss = 0.030036017
INFO:tensorflow:Create CheckpointSaverHook.
INFO:tensorflow:Restoring parameters from /home/gridsan/salford/tf/saved/lenet5_exp0.2-2000-0.5sc/model.ckpt-10000
2018-07-18 18:14:51.454208: E tensorflow/core/common_runtime/bfc_allocator.cc:244] tried to allocate 0 bytes
2018-07-18 18:14:51.454308: W tensorflow/core/common_runtime/allocator_retry.cc:32] Request to allocate 0 bytes
2018-07-18 18:14:51.454357: E tensorflow/core/common_runtime/bfc_allocator.cc:378] tried to deallocate nullptr
2018-07-18 18:14:51.465821: E tensorflow/core/common_runtime/bfc_allocator.cc:244] tried to allocate 0 bytes
2018-07-18 18:14:51.465882: W tensorflow/core/common_runtime/allocator_retry.cc:32] Request to allocate 0 bytes
2018-07-18 18:14:51.465919: E tensorflow/core/common_runtime/bfc_allocator.cc:378] tried to deallocate nullptr
INFO:tensorflow:Saving checkpoints for 10001 into /home/gridsan/salford/tf/saved/lenet5_exp0.2-2000-0.5sc/model.ckpt.
INFO:tensorflow:loss = 0.0005218974, step = 10001
INFO:tensorflow:global_step/sec: 3.76964
INFO:tensorflow:loss = 0.0005366393, step = 10101 (26.528 sec)
INFO:tensorflow:global_step/sec: 3.61747
INFO:tensorflow:loss = 0.00091368804, step = 10201 (27.644 sec)
INFO:tensorflow:global_step/sec: 3.54338
INFO:tensorflow:loss = 0.0051294058, step = 10301 (28.222 sec)
INFO:tensorflow:global_step/sec: 3.82137
INFO:tensorflow:loss = 0.029208757, step = 10401 (26.168 sec)
INFO:tensorflow:global_step/sec: 3.8776
INFO:tensorflow:loss = 0.0013217143, step = 10501 (25.789 sec)
INFO:tensorflow:global_step/sec: 3.36251
INFO:tensorflow:loss = 2.6828457e-05, step = 10601 (29.740 sec)
INFO:tensorflow:global_step/sec: 4.13131
INFO:tensorflow:loss = 0.0003093262, step = 10701 (24.205 sec)
INFO:tensorflow:global_step/sec: 3.8911
INFO:tensorflow:loss = 0.004256793, step = 10801 (25.700 sec)
INFO:tensorflow:global_step/sec: 4.204
INFO:tensorflow:loss = 0.0022731978, step = 10901 (23.787 sec)
INFO:tensorflow:Saving checkpoints for 11000 into /home/gridsan/salford/tf/saved/lenet5_exp0.2-2000-0.5sc/model.ckpt.
INFO:tensorflow:Loss for final step: 3.2994758e-05.
INFO:tensorflow:Starting evaluation at 2018-07-18-22:19:15
INFO:tensorflow:Restoring parameters from /home/gridsan/salford/tf/saved/lenet5_exp0.2-2000-0.5sc/model.ckpt-11000
2018-07-18 18:19:15.237259: E tensorflow/core/common_runtime/bfc_allocator.cc:244] tried to allocate 0 bytes
2018-07-18 18:19:15.237368: W tensorflow/core/common_runtime/allocator_retry.cc:32] Request to allocate 0 bytes
2018-07-18 18:19:15.237416: E tensorflow/core/common_runtime/bfc_allocator.cc:378] tried to deallocate nullptr
2018-07-18 18:19:15.250815: E tensorflow/core/common_runtime/bfc_allocator.cc:244] tried to allocate 0 bytes
2018-07-18 18:19:15.250873: W tensorflow/core/common_runtime/allocator_retry.cc:32] Request to allocate 0 bytes
2018-07-18 18:19:15.250910: E tensorflow/core/common_runtime/bfc_allocator.cc:378] tried to deallocate nullptr
INFO:tensorflow:Finished evaluation at 2018-07-18-22:19:22
INFO:tensorflow:Saving dict for global step 11000: accuracy = 0.9908, global_step = 11000, loss = 0.033833172
INFO:tensorflow:Create CheckpointSaverHook.
INFO:tensorflow:Restoring parameters from /home/gridsan/salford/tf/saved/lenet5_exp0.2-2000-0.5sc/model.ckpt-11000
2018-07-18 18:19:23.506846: E tensorflow/core/common_runtime/bfc_allocator.cc:244] tried to allocate 0 bytes
2018-07-18 18:19:23.506947: W tensorflow/core/common_runtime/allocator_retry.cc:32] Request to allocate 0 bytes
2018-07-18 18:19:23.506997: E tensorflow/core/common_runtime/bfc_allocator.cc:378] tried to deallocate nullptr
2018-07-18 18:19:23.519012: E tensorflow/core/common_runtime/bfc_allocator.cc:244] tried to allocate 0 bytes
2018-07-18 18:19:23.519085: W tensorflow/core/common_runtime/allocator_retry.cc:32] Request to allocate 0 bytes
2018-07-18 18:19:23.519123: E tensorflow/core/common_runtime/bfc_allocator.cc:378] tried to deallocate nullptr
INFO:tensorflow:Saving checkpoints for 11001 into /home/gridsan/salford/tf/saved/lenet5_exp0.2-2000-0.5sc/model.ckpt.
INFO:tensorflow:loss = 0.00336142, step = 11001
INFO:tensorflow:global_step/sec: 3.72282
INFO:tensorflow:loss = 0.003979626, step = 11101 (26.862 sec)
INFO:tensorflow:global_step/sec: 3.63724
INFO:tensorflow:loss = 0.0040273666, step = 11201 (27.493 sec)
INFO:tensorflow:global_step/sec: 3.58158
INFO:tensorflow:loss = 0.00075846654, step = 11301 (27.921 sec)
INFO:tensorflow:global_step/sec: 3.90863
INFO:tensorflow:loss = 8.8571775e-05, step = 11401 (25.584 sec)
INFO:tensorflow:global_step/sec: 3.97904
INFO:tensorflow:loss = 0.00075821625, step = 11501 (25.132 sec)
INFO:tensorflow:global_step/sec: 3.66835
INFO:tensorflow:loss = 0.0007554011, step = 11601 (27.260 sec)
INFO:tensorflow:global_step/sec: 3.79197
INFO:tensorflow:loss = 0.00040685452, step = 11701 (26.371 sec)
INFO:tensorflow:global_step/sec: 3.59426
INFO:tensorflow:loss = 0.00035104432, step = 11801 (27.822 sec)
INFO:tensorflow:global_step/sec: 3.64725
INFO:tensorflow:loss = 0.009108964, step = 11901 (27.418 sec)
INFO:tensorflow:Saving checkpoints for 12000 into /home/gridsan/salford/tf/saved/lenet5_exp0.2-2000-0.5sc/model.ckpt.
INFO:tensorflow:Loss for final step: 0.009663387.
INFO:tensorflow:Starting evaluation at 2018-07-18-22:23:51
INFO:tensorflow:Restoring parameters from /home/gridsan/salford/tf/saved/lenet5_exp0.2-2000-0.5sc/model.ckpt-12000
2018-07-18 18:23:51.216251: E tensorflow/core/common_runtime/bfc_allocator.cc:244] tried to allocate 0 bytes
2018-07-18 18:23:51.216370: W tensorflow/core/common_runtime/allocator_retry.cc:32] Request to allocate 0 bytes
2018-07-18 18:23:51.216419: E tensorflow/core/common_runtime/bfc_allocator.cc:378] tried to deallocate nullptr
2018-07-18 18:23:51.229416: E tensorflow/core/common_runtime/bfc_allocator.cc:244] tried to allocate 0 bytes
2018-07-18 18:23:51.229484: W tensorflow/core/common_runtime/allocator_retry.cc:32] Request to allocate 0 bytes
2018-07-18 18:23:51.229521: E tensorflow/core/common_runtime/bfc_allocator.cc:378] tried to deallocate nullptr
INFO:tensorflow:Finished evaluation at 2018-07-18-22:23:58
INFO:tensorflow:Saving dict for global step 12000: accuracy = 0.9921, global_step = 12000, loss = 0.030708041
INFO:tensorflow:Create CheckpointSaverHook.
INFO:tensorflow:Restoring parameters from /home/gridsan/salford/tf/saved/lenet5_exp0.2-2000-0.5sc/model.ckpt-12000
2018-07-18 18:23:59.269630: E tensorflow/core/common_runtime/bfc_allocator.cc:244] tried to allocate 0 bytes
2018-07-18 18:23:59.269742: W tensorflow/core/common_runtime/allocator_retry.cc:32] Request to allocate 0 bytes
2018-07-18 18:23:59.269790: E tensorflow/core/common_runtime/bfc_allocator.cc:378] tried to deallocate nullptr
2018-07-18 18:23:59.281177: E tensorflow/core/common_runtime/bfc_allocator.cc:244] tried to allocate 0 bytes
2018-07-18 18:23:59.281245: W tensorflow/core/common_runtime/allocator_retry.cc:32] Request to allocate 0 bytes
2018-07-18 18:23:59.281284: E tensorflow/core/common_runtime/bfc_allocator.cc:378] tried to deallocate nullptr
INFO:tensorflow:Saving checkpoints for 12001 into /home/gridsan/salford/tf/saved/lenet5_exp0.2-2000-0.5sc/model.ckpt.
INFO:tensorflow:loss = 0.00078716467, step = 12001
INFO:tensorflow:global_step/sec: 3.52056
INFO:tensorflow:loss = 0.005427621, step = 12101 (28.405 sec)
INFO:tensorflow:global_step/sec: 4.12995
INFO:tensorflow:loss = 0.0010037724, step = 12201 (24.213 sec)
INFO:tensorflow:global_step/sec: 3.77598
INFO:tensorflow:loss = 0.0017025569, step = 12301 (26.483 sec)
INFO:tensorflow:global_step/sec: 3.99356
INFO:tensorflow:loss = 0.00046898145, step = 12401 (25.041 sec)
INFO:tensorflow:global_step/sec: 3.76106
INFO:tensorflow:loss = 0.0003445288, step = 12501 (26.588 sec)
INFO:tensorflow:global_step/sec: 3.76912
INFO:tensorflow:loss = 0.001782861, step = 12601 (26.531 sec)
INFO:tensorflow:global_step/sec: 4.01336
INFO:tensorflow:loss = 0.0007612811, step = 12701 (24.917 sec)
INFO:tensorflow:global_step/sec: 3.7895
INFO:tensorflow:loss = 4.324222e-05, step = 12801 (26.389 sec)
INFO:tensorflow:global_step/sec: 3.88851
INFO:tensorflow:loss = 0.0020044683, step = 12901 (25.717 sec)
INFO:tensorflow:Saving checkpoints for 13000 into /home/gridsan/salford/tf/saved/lenet5_exp0.2-2000-0.5sc/model.ckpt.
INFO:tensorflow:Loss for final step: 2.055896e-05.
INFO:tensorflow:Starting evaluation at 2018-07-18-22:28:21
INFO:tensorflow:Restoring parameters from /home/gridsan/salford/tf/saved/lenet5_exp0.2-2000-0.5sc/model.ckpt-13000
2018-07-18 18:28:21.179682: E tensorflow/core/common_runtime/bfc_allocator.cc:244] tried to allocate 0 bytes
2018-07-18 18:28:21.179801: W tensorflow/core/common_runtime/allocator_retry.cc:32] Request to allocate 0 bytes
2018-07-18 18:28:21.179850: E tensorflow/core/common_runtime/bfc_allocator.cc:378] tried to deallocate nullptr
2018-07-18 18:28:21.193550: E tensorflow/core/common_runtime/bfc_allocator.cc:244] tried to allocate 0 bytes
2018-07-18 18:28:21.193622: W tensorflow/core/common_runtime/allocator_retry.cc:32] Request to allocate 0 bytes
2018-07-18 18:28:21.193659: E tensorflow/core/common_runtime/bfc_allocator.cc:378] tried to deallocate nullptr
INFO:tensorflow:Finished evaluation at 2018-07-18-22:28:29
INFO:tensorflow:Saving dict for global step 13000: accuracy = 0.9921, global_step = 13000, loss = 0.031927068
INFO:tensorflow:Create CheckpointSaverHook.
INFO:tensorflow:Restoring parameters from /home/gridsan/salford/tf/saved/lenet5_exp0.2-2000-0.5sc/model.ckpt-13000
2018-07-18 18:28:30.076660: E tensorflow/core/common_runtime/bfc_allocator.cc:244] tried to allocate 0 bytes
2018-07-18 18:28:30.076758: W tensorflow/core/common_runtime/allocator_retry.cc:32] Request to allocate 0 bytes
2018-07-18 18:28:30.076805: E tensorflow/core/common_runtime/bfc_allocator.cc:378] tried to deallocate nullptr
2018-07-18 18:28:30.088320: E tensorflow/core/common_runtime/bfc_allocator.cc:244] tried to allocate 0 bytes
2018-07-18 18:28:30.088370: W tensorflow/core/common_runtime/allocator_retry.cc:32] Request to allocate 0 bytes
2018-07-18 18:28:30.088420: E tensorflow/core/common_runtime/bfc_allocator.cc:378] tried to deallocate nullptr
INFO:tensorflow:Saving checkpoints for 13001 into /home/gridsan/salford/tf/saved/lenet5_exp0.2-2000-0.5sc/model.ckpt.
INFO:tensorflow:loss = 0.00025332914, step = 13001
INFO:tensorflow:global_step/sec: 3.58001
INFO:tensorflow:loss = 0.00019066589, step = 13101 (27.931 sec)
INFO:tensorflow:global_step/sec: 4.08334
INFO:tensorflow:loss = 0.0011280598, step = 13201 (24.490 sec)
INFO:tensorflow:global_step/sec: 3.84711
INFO:tensorflow:loss = 6.4629814e-05, step = 13301 (25.994 sec)
INFO:tensorflow:global_step/sec: 3.78141
INFO:tensorflow:loss = 0.00036809352, step = 13401 (26.445 sec)
INFO:tensorflow:global_step/sec: 4.11512
INFO:tensorflow:loss = 0.0019934713, step = 13501 (24.301 sec)
INFO:tensorflow:global_step/sec: 3.6655
INFO:tensorflow:loss = 0.0027443508, step = 13601 (27.281 sec)
INFO:tensorflow:global_step/sec: 4.10364
INFO:tensorflow:loss = 0.00026377558, step = 13701 (24.368 sec)
INFO:tensorflow:global_step/sec: 3.82864
INFO:tensorflow:loss = 0.00020923992, step = 13801 (26.119 sec)
INFO:tensorflow:global_step/sec: 3.62882
INFO:tensorflow:loss = 0.00011332595, step = 13901 (27.557 sec)
INFO:tensorflow:Saving checkpoints for 14000 into /home/gridsan/salford/tf/saved/lenet5_exp0.2-2000-0.5sc/model.ckpt.
INFO:tensorflow:Loss for final step: 0.018255584.
INFO:tensorflow:Starting evaluation at 2018-07-18-22:32:53
INFO:tensorflow:Restoring parameters from /home/gridsan/salford/tf/saved/lenet5_exp0.2-2000-0.5sc/model.ckpt-14000
2018-07-18 18:32:53.754885: E tensorflow/core/common_runtime/bfc_allocator.cc:244] tried to allocate 0 bytes
2018-07-18 18:32:53.755008: W tensorflow/core/common_runtime/allocator_retry.cc:32] Request to allocate 0 bytes
2018-07-18 18:32:53.755055: E tensorflow/core/common_runtime/bfc_allocator.cc:378] tried to deallocate nullptr
2018-07-18 18:32:53.768354: E tensorflow/core/common_runtime/bfc_allocator.cc:244] tried to allocate 0 bytes
2018-07-18 18:32:53.768409: W tensorflow/core/common_runtime/allocator_retry.cc:32] Request to allocate 0 bytes
2018-07-18 18:32:53.768445: E tensorflow/core/common_runtime/bfc_allocator.cc:378] tried to deallocate nullptr
INFO:tensorflow:Finished evaluation at 2018-07-18-22:33:01
INFO:tensorflow:Saving dict for global step 14000: accuracy = 0.9925, global_step = 14000, loss = 0.029295143
INFO:tensorflow:Create CheckpointSaverHook.
INFO:tensorflow:Restoring parameters from /home/gridsan/salford/tf/saved/lenet5_exp0.2-2000-0.5sc/model.ckpt-14000
2018-07-18 18:33:02.120576: E tensorflow/core/common_runtime/bfc_allocator.cc:244] tried to allocate 0 bytes
2018-07-18 18:33:02.120674: W tensorflow/core/common_runtime/allocator_retry.cc:32] Request to allocate 0 bytes
2018-07-18 18:33:02.120722: E tensorflow/core/common_runtime/bfc_allocator.cc:378] tried to deallocate nullptr
2018-07-18 18:33:02.132479: E tensorflow/core/common_runtime/bfc_allocator.cc:244] tried to allocate 0 bytes
2018-07-18 18:33:02.132529: W tensorflow/core/common_runtime/allocator_retry.cc:32] Request to allocate 0 bytes
2018-07-18 18:33:02.132568: E tensorflow/core/common_runtime/bfc_allocator.cc:378] tried to deallocate nullptr
INFO:tensorflow:Saving checkpoints for 14001 into /home/gridsan/salford/tf/saved/lenet5_exp0.2-2000-0.5sc/model.ckpt.
INFO:tensorflow:loss = 3.9792885e-05, step = 14001
INFO:tensorflow:global_step/sec: 3.66595
INFO:tensorflow:loss = 0.00035011422, step = 14101 (27.278 sec)
INFO:tensorflow:global_step/sec: 4.04158
INFO:tensorflow:loss = 0.00015638988, step = 14201 (24.743 sec)
INFO:tensorflow:global_step/sec: 3.821
INFO:tensorflow:loss = 0.0027063882, step = 14301 (26.172 sec)
INFO:tensorflow:global_step/sec: 3.86591
INFO:tensorflow:loss = 0.0024585447, step = 14401 (25.866 sec)
INFO:tensorflow:global_step/sec: 4.05795
INFO:tensorflow:loss = 0.00056473, step = 14501 (24.643 sec)
INFO:tensorflow:global_step/sec: 4.02815
INFO:tensorflow:loss = 0.0037480018, step = 14601 (24.825 sec)
INFO:tensorflow:global_step/sec: 3.94352
INFO:tensorflow:loss = 0.0016370866, step = 14701 (25.358 sec)
INFO:tensorflow:global_step/sec: 3.91148
INFO:tensorflow:loss = 6.903969e-05, step = 14801 (25.566 sec)
INFO:tensorflow:global_step/sec: 3.72432
INFO:tensorflow:loss = 0.0017242602, step = 14901 (26.850 sec)
INFO:tensorflow:Saving checkpoints for 15000 into /home/gridsan/salford/tf/saved/lenet5_exp0.2-2000-0.5sc/model.ckpt.
INFO:tensorflow:Loss for final step: 0.0001461249.
INFO:tensorflow:Starting evaluation at 2018-07-18-22:37:19
INFO:tensorflow:Restoring parameters from /home/gridsan/salford/tf/saved/lenet5_exp0.2-2000-0.5sc/model.ckpt-15000
2018-07-18 18:37:19.960493: E tensorflow/core/common_runtime/bfc_allocator.cc:244] tried to allocate 0 bytes
2018-07-18 18:37:19.960567: W tensorflow/core/common_runtime/allocator_retry.cc:32] Request to allocate 0 bytes
2018-07-18 18:37:19.960608: E tensorflow/core/common_runtime/bfc_allocator.cc:378] tried to deallocate nullptr
2018-07-18 18:37:19.973997: E tensorflow/core/common_runtime/bfc_allocator.cc:244] tried to allocate 0 bytes
2018-07-18 18:37:19.974053: W tensorflow/core/common_runtime/allocator_retry.cc:32] Request to allocate 0 bytes
2018-07-18 18:37:19.974090: E tensorflow/core/common_runtime/bfc_allocator.cc:378] tried to deallocate nullptr
INFO:tensorflow:Finished evaluation at 2018-07-18-22:37:28
INFO:tensorflow:Saving dict for global step 15000: accuracy = 0.9916, global_step = 15000, loss = 0.03309317
INFO:tensorflow:Create CheckpointSaverHook.
INFO:tensorflow:Restoring parameters from /home/gridsan/salford/tf/saved/lenet5_exp0.2-2000-0.5sc/model.ckpt-15000
2018-07-18 18:37:28.695916: E tensorflow/core/common_runtime/bfc_allocator.cc:244] tried to allocate 0 bytes
2018-07-18 18:37:28.696000: W tensorflow/core/common_runtime/allocator_retry.cc:32] Request to allocate 0 bytes
2018-07-18 18:37:28.696045: E tensorflow/core/common_runtime/bfc_allocator.cc:378] tried to deallocate nullptr
2018-07-18 18:37:28.707909: E tensorflow/core/common_runtime/bfc_allocator.cc:244] tried to allocate 0 bytes
2018-07-18 18:37:28.707978: W tensorflow/core/common_runtime/allocator_retry.cc:32] Request to allocate 0 bytes
2018-07-18 18:37:28.708015: E tensorflow/core/common_runtime/bfc_allocator.cc:378] tried to deallocate nullptr
INFO:tensorflow:Saving checkpoints for 15001 into /home/gridsan/salford/tf/saved/lenet5_exp0.2-2000-0.5sc/model.ckpt.
INFO:tensorflow:loss = 0.00031732913, step = 15001
INFO:tensorflow:global_step/sec: 3.55205
INFO:tensorflow:loss = 0.0021004314, step = 15101 (28.153 sec)
INFO:tensorflow:global_step/sec: 3.75248
INFO:tensorflow:loss = 8.25086e-05, step = 15201 (26.650 sec)
INFO:tensorflow:global_step/sec: 3.44632
INFO:tensorflow:loss = 0.016600577, step = 15301 (29.015 sec)
INFO:tensorflow:global_step/sec: 3.67797
INFO:tensorflow:loss = 0.00029008533, step = 15401 (27.189 sec)
INFO:tensorflow:global_step/sec: 3.6295
INFO:tensorflow:loss = 0.018324982, step = 15501 (27.552 sec)
INFO:tensorflow:global_step/sec: 3.70662
INFO:tensorflow:loss = 1.7826758e-05, step = 15601 (26.979 sec)
INFO:tensorflow:global_step/sec: 3.44651
INFO:tensorflow:loss = 0.03412666, step = 15701 (29.015 sec)
INFO:tensorflow:global_step/sec: 3.92944
INFO:tensorflow:loss = 0.00069189316, step = 15801 (25.449 sec)
INFO:tensorflow:global_step/sec: 4.05407
INFO:tensorflow:loss = 0.00026098144, step = 15901 (24.666 sec)
INFO:tensorflow:Saving checkpoints for 16000 into /home/gridsan/salford/tf/saved/lenet5_exp0.2-2000-0.5sc/model.ckpt.
INFO:tensorflow:Loss for final step: 0.0008601605.
INFO:tensorflow:Starting evaluation at 2018-07-18-22:42:01
INFO:tensorflow:Restoring parameters from /home/gridsan/salford/tf/saved/lenet5_exp0.2-2000-0.5sc/model.ckpt-16000
2018-07-18 18:42:01.892800: E tensorflow/core/common_runtime/bfc_allocator.cc:244] tried to allocate 0 bytes
2018-07-18 18:42:01.892899: W tensorflow/core/common_runtime/allocator_retry.cc:32] Request to allocate 0 bytes
2018-07-18 18:42:01.892945: E tensorflow/core/common_runtime/bfc_allocator.cc:378] tried to deallocate nullptr
2018-07-18 18:42:01.906015: E tensorflow/core/common_runtime/bfc_allocator.cc:244] tried to allocate 0 bytes
2018-07-18 18:42:01.906073: W tensorflow/core/common_runtime/allocator_retry.cc:32] Request to allocate 0 bytes
2018-07-18 18:42:01.906114: E tensorflow/core/common_runtime/bfc_allocator.cc:378] tried to deallocate nullptr
INFO:tensorflow:Finished evaluation at 2018-07-18-22:42:10
INFO:tensorflow:Saving dict for global step 16000: accuracy = 0.9917, global_step = 16000, loss = 0.032693226
INFO:tensorflow:Create CheckpointSaverHook.
INFO:tensorflow:Restoring parameters from /home/gridsan/salford/tf/saved/lenet5_exp0.2-2000-0.5sc/model.ckpt-16000
2018-07-18 18:42:10.626750: E tensorflow/core/common_runtime/bfc_allocator.cc:244] tried to allocate 0 bytes
2018-07-18 18:42:10.626851: W tensorflow/core/common_runtime/allocator_retry.cc:32] Request to allocate 0 bytes
2018-07-18 18:42:10.626901: E tensorflow/core/common_runtime/bfc_allocator.cc:378] tried to deallocate nullptr
2018-07-18 18:42:10.638818: E tensorflow/core/common_runtime/bfc_allocator.cc:244] tried to allocate 0 bytes
2018-07-18 18:42:10.638868: W tensorflow/core/common_runtime/allocator_retry.cc:32] Request to allocate 0 bytes
2018-07-18 18:42:10.638907: E tensorflow/core/common_runtime/bfc_allocator.cc:378] tried to deallocate nullptr
INFO:tensorflow:Saving checkpoints for 16001 into /home/gridsan/salford/tf/saved/lenet5_exp0.2-2000-0.5sc/model.ckpt.
INFO:tensorflow:loss = 0.000273632, step = 16001
INFO:tensorflow:global_step/sec: 3.98374
INFO:tensorflow:loss = 0.00019604126, step = 16101 (25.102 sec)
INFO:tensorflow:global_step/sec: 4.18152
INFO:tensorflow:loss = 0.00013346174, step = 16201 (23.915 sec)
INFO:tensorflow:global_step/sec: 3.81985
INFO:tensorflow:loss = 0.0027273407, step = 16301 (26.179 sec)
INFO:tensorflow:global_step/sec: 4.00161
INFO:tensorflow:loss = 0.00039910653, step = 16401 (24.990 sec)
INFO:tensorflow:global_step/sec: 3.7909
INFO:tensorflow:loss = 0.003342178, step = 16501 (26.379 sec)
INFO:tensorflow:global_step/sec: 4.11045
INFO:tensorflow:loss = 0.0034920315, step = 16601 (24.328 sec)
INFO:tensorflow:global_step/sec: 3.97185
INFO:tensorflow:loss = 9.3795825e-05, step = 16701 (25.177 sec)
INFO:tensorflow:global_step/sec: 3.57571
INFO:tensorflow:loss = 0.0001812731, step = 16801 (27.967 sec)
INFO:tensorflow:global_step/sec: 2.92756
INFO:tensorflow:loss = 7.952794e-05, step = 16901 (34.158 sec)
INFO:tensorflow:Saving checkpoints for 17000 into /home/gridsan/salford/tf/saved/lenet5_exp0.2-2000-0.5sc/model.ckpt.
INFO:tensorflow:Loss for final step: 0.0012699463.
INFO:tensorflow:Starting evaluation at 2018-07-18-22:46:46
INFO:tensorflow:Restoring parameters from /home/gridsan/salford/tf/saved/lenet5_exp0.2-2000-0.5sc/model.ckpt-17000
2018-07-18 18:46:46.344091: E tensorflow/core/common_runtime/bfc_allocator.cc:244] tried to allocate 0 bytes
2018-07-18 18:46:46.344222: W tensorflow/core/common_runtime/allocator_retry.cc:32] Request to allocate 0 bytes
2018-07-18 18:46:46.344272: E tensorflow/core/common_runtime/bfc_allocator.cc:378] tried to deallocate nullptr
2018-07-18 18:46:46.358077: E tensorflow/core/common_runtime/bfc_allocator.cc:244] tried to allocate 0 bytes
2018-07-18 18:46:46.358175: W tensorflow/core/common_runtime/allocator_retry.cc:32] Request to allocate 0 bytes
2018-07-18 18:46:46.358219: E tensorflow/core/common_runtime/bfc_allocator.cc:378] tried to deallocate nullptr
INFO:tensorflow:Finished evaluation at 2018-07-18-22:46:54
INFO:tensorflow:Saving dict for global step 17000: accuracy = 0.9915, global_step = 17000, loss = 0.03517743
INFO:tensorflow:Create CheckpointSaverHook.
INFO:tensorflow:Restoring parameters from /home/gridsan/salford/tf/saved/lenet5_exp0.2-2000-0.5sc/model.ckpt-17000
2018-07-18 18:46:55.090209: E tensorflow/core/common_runtime/bfc_allocator.cc:244] tried to allocate 0 bytes
2018-07-18 18:46:55.090303: W tensorflow/core/common_runtime/allocator_retry.cc:32] Request to allocate 0 bytes
2018-07-18 18:46:55.090350: E tensorflow/core/common_runtime/bfc_allocator.cc:378] tried to deallocate nullptr
2018-07-18 18:46:55.102252: E tensorflow/core/common_runtime/bfc_allocator.cc:244] tried to allocate 0 bytes
2018-07-18 18:46:55.102305: W tensorflow/core/common_runtime/allocator_retry.cc:32] Request to allocate 0 bytes
2018-07-18 18:46:55.102344: E tensorflow/core/common_runtime/bfc_allocator.cc:378] tried to deallocate nullptr
INFO:tensorflow:Saving checkpoints for 17001 into /home/gridsan/salford/tf/saved/lenet5_exp0.2-2000-0.5sc/model.ckpt.
INFO:tensorflow:loss = 3.6467198e-05, step = 17001
INFO:tensorflow:global_step/sec: 3.02218
INFO:tensorflow:loss = 0.0017901602, step = 17101 (33.089 sec)
INFO:tensorflow:global_step/sec: 2.78463
INFO:tensorflow:loss = 9.293264e-06, step = 17201 (35.911 sec)
INFO:tensorflow:global_step/sec: 2.99625
INFO:tensorflow:loss = 0.0008303799, step = 17301 (33.375 sec)
INFO:tensorflow:global_step/sec: 2.83394
INFO:tensorflow:loss = 2.6997443e-05, step = 17401 (35.287 sec)
INFO:tensorflow:global_step/sec: 3.08694
INFO:tensorflow:loss = 0.0005967397, step = 17501 (32.395 sec)
INFO:tensorflow:global_step/sec: 2.91826
INFO:tensorflow:loss = 0.0011423383, step = 17601 (34.267 sec)
INFO:tensorflow:global_step/sec: 3.11872
INFO:tensorflow:loss = 0.0002699786, step = 17701 (32.065 sec)
INFO:tensorflow:global_step/sec: 2.73591
INFO:tensorflow:loss = 0.0113981115, step = 17801 (36.551 sec)
INFO:tensorflow:global_step/sec: 3.12347
INFO:tensorflow:loss = 0.00023994928, step = 17901 (32.016 sec)
INFO:tensorflow:Saving checkpoints for 18000 into /home/gridsan/salford/tf/saved/lenet5_exp0.2-2000-0.5sc/model.ckpt.
INFO:tensorflow:Loss for final step: 0.0017024823.
INFO:tensorflow:Starting evaluation at 2018-07-18-22:52:32
INFO:tensorflow:Restoring parameters from /home/gridsan/salford/tf/saved/lenet5_exp0.2-2000-0.5sc/model.ckpt-18000
2018-07-18 18:52:32.437370: E tensorflow/core/common_runtime/bfc_allocator.cc:244] tried to allocate 0 bytes
2018-07-18 18:52:32.437472: W tensorflow/core/common_runtime/allocator_retry.cc:32] Request to allocate 0 bytes
2018-07-18 18:52:32.437518: E tensorflow/core/common_runtime/bfc_allocator.cc:378] tried to deallocate nullptr
2018-07-18 18:52:32.450639: E tensorflow/core/common_runtime/bfc_allocator.cc:244] tried to allocate 0 bytes
2018-07-18 18:52:32.450704: W tensorflow/core/common_runtime/allocator_retry.cc:32] Request to allocate 0 bytes
2018-07-18 18:52:32.450741: E tensorflow/core/common_runtime/bfc_allocator.cc:378] tried to deallocate nullptr
INFO:tensorflow:Finished evaluation at 2018-07-18-22:52:39
INFO:tensorflow:Saving dict for global step 18000: accuracy = 0.9919, global_step = 18000, loss = 0.03224687
INFO:tensorflow:Create CheckpointSaverHook.
INFO:tensorflow:Restoring parameters from /home/gridsan/salford/tf/saved/lenet5_exp0.2-2000-0.5sc/model.ckpt-18000
2018-07-18 18:52:40.443977: E tensorflow/core/common_runtime/bfc_allocator.cc:244] tried to allocate 0 bytes
2018-07-18 18:52:40.444073: W tensorflow/core/common_runtime/allocator_retry.cc:32] Request to allocate 0 bytes
2018-07-18 18:52:40.444123: E tensorflow/core/common_runtime/bfc_allocator.cc:378] tried to deallocate nullptr
2018-07-18 18:52:40.455693: E tensorflow/core/common_runtime/bfc_allocator.cc:244] tried to allocate 0 bytes
2018-07-18 18:52:40.455758: W tensorflow/core/common_runtime/allocator_retry.cc:32] Request to allocate 0 bytes
2018-07-18 18:52:40.455795: E tensorflow/core/common_runtime/bfc_allocator.cc:378] tried to deallocate nullptr
INFO:tensorflow:Saving checkpoints for 18001 into /home/gridsan/salford/tf/saved/lenet5_exp0.2-2000-0.5sc/model.ckpt.
INFO:tensorflow:loss = 0.0007288676, step = 18001
INFO:tensorflow:global_step/sec: 3.4906
INFO:tensorflow:loss = 0.00015245905, step = 18101 (28.649 sec)
INFO:tensorflow:global_step/sec: 3.77142
INFO:tensorflow:loss = 0.0010679965, step = 18201 (26.515 sec)
INFO:tensorflow:global_step/sec: 3.70277
INFO:tensorflow:loss = 0.0001686747, step = 18301 (27.007 sec)
INFO:tensorflow:global_step/sec: 3.70942
INFO:tensorflow:loss = 0.0011127907, step = 18401 (26.959 sec)
INFO:tensorflow:global_step/sec: 3.47671
INFO:tensorflow:loss = 0.030986853, step = 18501 (28.763 sec)
INFO:tensorflow:global_step/sec: 3.50331
INFO:tensorflow:loss = 3.4995912e-05, step = 18601 (28.545 sec)
INFO:tensorflow:global_step/sec: 3.47148
INFO:tensorflow:loss = 0.000107361, step = 18701 (28.806 sec)
INFO:tensorflow:global_step/sec: 4.29385
INFO:tensorflow:loss = 0.0016403735, step = 18801 (23.289 sec)
INFO:tensorflow:global_step/sec: 3.78334
INFO:tensorflow:loss = 2.5879825e-05, step = 18901 (26.431 sec)
INFO:tensorflow:Saving checkpoints for 19000 into /home/gridsan/salford/tf/saved/lenet5_exp0.2-2000-0.5sc/model.ckpt.
INFO:tensorflow:Loss for final step: 0.003679401.
INFO:tensorflow:Starting evaluation at 2018-07-18-22:57:12
INFO:tensorflow:Restoring parameters from /home/gridsan/salford/tf/saved/lenet5_exp0.2-2000-0.5sc/model.ckpt-19000
2018-07-18 18:57:13.005449: E tensorflow/core/common_runtime/bfc_allocator.cc:244] tried to allocate 0 bytes
2018-07-18 18:57:13.005557: W tensorflow/core/common_runtime/allocator_retry.cc:32] Request to allocate 0 bytes
2018-07-18 18:57:13.005605: E tensorflow/core/common_runtime/bfc_allocator.cc:378] tried to deallocate nullptr
2018-07-18 18:57:13.018798: E tensorflow/core/common_runtime/bfc_allocator.cc:244] tried to allocate 0 bytes
2018-07-18 18:57:13.018853: W tensorflow/core/common_runtime/allocator_retry.cc:32] Request to allocate 0 bytes
2018-07-18 18:57:13.018890: E tensorflow/core/common_runtime/bfc_allocator.cc:378] tried to deallocate nullptr
INFO:tensorflow:Finished evaluation at 2018-07-18-22:57:20
INFO:tensorflow:Saving dict for global step 19000: accuracy = 0.992, global_step = 19000, loss = 0.033671606
INFO:tensorflow:Create CheckpointSaverHook.
INFO:tensorflow:Restoring parameters from /home/gridsan/salford/tf/saved/lenet5_exp0.2-2000-0.5sc/model.ckpt-19000
2018-07-18 18:57:21.350983: E tensorflow/core/common_runtime/bfc_allocator.cc:244] tried to allocate 0 bytes
2018-07-18 18:57:21.351087: W tensorflow/core/common_runtime/allocator_retry.cc:32] Request to allocate 0 bytes
2018-07-18 18:57:21.351136: E tensorflow/core/common_runtime/bfc_allocator.cc:378] tried to deallocate nullptr
2018-07-18 18:57:21.362989: E tensorflow/core/common_runtime/bfc_allocator.cc:244] tried to allocate 0 bytes
2018-07-18 18:57:21.363043: W tensorflow/core/common_runtime/allocator_retry.cc:32] Request to allocate 0 bytes
2018-07-18 18:57:21.363079: E tensorflow/core/common_runtime/bfc_allocator.cc:378] tried to deallocate nullptr
INFO:tensorflow:Saving checkpoints for 19001 into /home/gridsan/salford/tf/saved/lenet5_exp0.2-2000-0.5sc/model.ckpt.
INFO:tensorflow:loss = 0.040437303, step = 19001
INFO:tensorflow:global_step/sec: 3.8395
INFO:tensorflow:loss = 0.00025085322, step = 19101 (26.045 sec)
INFO:tensorflow:global_step/sec: 4.07688
INFO:tensorflow:loss = 1.5190394e-05, step = 19201 (24.528 sec)
INFO:tensorflow:global_step/sec: 3.58166
INFO:tensorflow:loss = 0.0006610655, step = 19301 (27.920 sec)
INFO:tensorflow:global_step/sec: 3.60051
INFO:tensorflow:loss = 0.002091905, step = 19401 (27.774 sec)
INFO:tensorflow:global_step/sec: 2.8977
INFO:tensorflow:loss = 0.00022750974, step = 19501 (34.510 sec)
INFO:tensorflow:global_step/sec: 3.05335
INFO:tensorflow:loss = 0.00040601415, step = 19601 (32.751 sec)
INFO:tensorflow:global_step/sec: 3.21318
INFO:tensorflow:loss = 0.000202181, step = 19701 (31.122 sec)
INFO:tensorflow:global_step/sec: 3.01605
INFO:tensorflow:loss = 0.0014131039, step = 19801 (33.156 sec)
INFO:tensorflow:global_step/sec: 2.9717
INFO:tensorflow:loss = 3.5181994e-05, step = 19901 (33.655 sec)
INFO:tensorflow:Saving checkpoints for 20000 into /home/gridsan/salford/tf/saved/lenet5_exp0.2-2000-0.5sc/model.ckpt.
INFO:tensorflow:Loss for final step: 0.014971159.
INFO:tensorflow:Starting evaluation at 2018-07-18-23:02:28
INFO:tensorflow:Restoring parameters from /home/gridsan/salford/tf/saved/lenet5_exp0.2-2000-0.5sc/model.ckpt-20000
2018-07-18 19:02:28.275524: E tensorflow/core/common_runtime/bfc_allocator.cc:244] tried to allocate 0 bytes
2018-07-18 19:02:28.275648: W tensorflow/core/common_runtime/allocator_retry.cc:32] Request to allocate 0 bytes
2018-07-18 19:02:28.275696: E tensorflow/core/common_runtime/bfc_allocator.cc:378] tried to deallocate nullptr
2018-07-18 19:02:28.288974: E tensorflow/core/common_runtime/bfc_allocator.cc:244] tried to allocate 0 bytes
2018-07-18 19:02:28.289030: W tensorflow/core/common_runtime/allocator_retry.cc:32] Request to allocate 0 bytes
2018-07-18 19:02:28.289065: E tensorflow/core/common_runtime/bfc_allocator.cc:378] tried to deallocate nullptr
INFO:tensorflow:Finished evaluation at 2018-07-18-23:02:37
INFO:tensorflow:Saving dict for global step 20000: accuracy = 0.9921, global_step = 20000, loss = 0.031440273
Extracting /home/gridsan/salford/mnist/data/train-images-idx3-ubyte.gz
Extracting /home/gridsan/salford/mnist/data/train-labels-idx1-ubyte.gz
Extracting /home/gridsan/salford/mnist/data/t10k-images-idx3-ubyte.gz
Extracting /home/gridsan/salford/mnist/data/t10k-labels-idx1-ubyte.gz
