/state/partition1/llgrid/pkg/anaconda2-5.0.1/lib/python2.7/site-packages/h5py/__init__.py:34: FutureWarning: Conversion of the second argument of issubdtype from `float` to `np.floating` is deprecated. In future, it will be treated as `np.float64 == np.dtype(float).type`.
  from ._conv import register_converters as _register_converters
INFO:tensorflow:Using default config.
INFO:tensorflow:Using config: {'_save_checkpoints_secs': 600, '_session_config': None, '_keep_checkpoint_max': 5, '_tf_random_seed': 1, '_keep_checkpoint_every_n_hours': 10000, '_log_step_count_steps': 100, '_save_checkpoints_steps': None, '_model_dir': '/home/gridsan/salford/tf/saved/lenet300_100_4/', '_save_summary_steps': 100}
INFO:tensorflow:Summary name dense/Relu/activation sparsity is illegal; using dense/Relu/activation_sparsity instead.
INFO:tensorflow:Summary name dense_2/Relu/activation sparsity is illegal; using dense_2/Relu/activation_sparsity instead.
INFO:tensorflow:Summary name dense_3/BiasAdd/activation sparsity is illegal; using dense_3/BiasAdd/activation_sparsity instead.
INFO:tensorflow:Summary name cross_entropy (raw) is illegal; using cross_entropy__raw_ instead.
INFO:tensorflow:Summary name total_loss (raw) is illegal; using total_loss__raw_ instead.
INFO:tensorflow:Updating masks.
INFO:tensorflow:Create CheckpointSaverHook.
2018-07-26 16:19:08.728097: W tensorflow/core/platform/cpu_feature_guard.cc:45] The TensorFlow library wasn't compiled to use AVX instructions, but these are available on your machine and could speed up CPU computations.
2018-07-26 16:19:08.849152: E tensorflow/core/common_runtime/bfc_allocator.cc:244] tried to allocate 0 bytes
2018-07-26 16:19:08.849270: W tensorflow/core/common_runtime/allocator_retry.cc:32] Request to allocate 0 bytes
2018-07-26 16:19:08.849316: E tensorflow/core/common_runtime/bfc_allocator.cc:378] tried to deallocate nullptr
2018-07-26 16:19:08.872924: E tensorflow/core/common_runtime/bfc_allocator.cc:244] tried to allocate 0 bytes
2018-07-26 16:19:08.873002: W tensorflow/core/common_runtime/allocator_retry.cc:32] Request to allocate 0 bytes
2018-07-26 16:19:08.873046: E tensorflow/core/common_runtime/bfc_allocator.cc:378] tried to deallocate nullptr
INFO:tensorflow:Saving checkpoints for 1 into /home/gridsan/salford/tf/saved/lenet300_100_4/model.ckpt.
INFO:tensorflow:loss = 2.4091232, step = 1
INFO:tensorflow:global_step/sec: 3.1588
INFO:tensorflow:loss = 0.19216374, step = 101 (31.659 sec)
INFO:tensorflow:global_step/sec: 3.44868
INFO:tensorflow:loss = 0.23342194, step = 201 (28.999 sec)
INFO:tensorflow:global_step/sec: 3.65525
INFO:tensorflow:loss = 0.20129253, step = 301 (27.356 sec)
INFO:tensorflow:global_step/sec: 3.20534
INFO:tensorflow:loss = 0.43467864, step = 401 (31.197 sec)
INFO:tensorflow:Saving checkpoints for 500 into /home/gridsan/salford/tf/saved/lenet300_100_4/model.ckpt.
INFO:tensorflow:Loss for final step: 0.044409048.
INFO:tensorflow:Summary name dense/Relu/activation sparsity is illegal; using dense/Relu/activation_sparsity instead.
INFO:tensorflow:Summary name dense_2/Relu/activation sparsity is illegal; using dense_2/Relu/activation_sparsity instead.
INFO:tensorflow:Summary name dense_3/BiasAdd/activation sparsity is illegal; using dense_3/BiasAdd/activation_sparsity instead.
INFO:tensorflow:Starting evaluation at 2018-07-26-20:21:41
INFO:tensorflow:Restoring parameters from /home/gridsan/salford/tf/saved/lenet300_100_4/model.ckpt-500
2018-07-26 16:21:41.436989: E tensorflow/core/common_runtime/bfc_allocator.cc:244] tried to allocate 0 bytes
2018-07-26 16:21:41.437094: W tensorflow/core/common_runtime/allocator_retry.cc:32] Request to allocate 0 bytes
2018-07-26 16:21:41.437144: E tensorflow/core/common_runtime/bfc_allocator.cc:378] tried to deallocate nullptr
2018-07-26 16:21:41.459778: E tensorflow/core/common_runtime/bfc_allocator.cc:244] tried to allocate 0 bytes
2018-07-26 16:21:41.459904: W tensorflow/core/common_runtime/allocator_retry.cc:32] Request to allocate 0 bytes
2018-07-26 16:21:41.459956: E tensorflow/core/common_runtime/bfc_allocator.cc:378] tried to deallocate nullptr
INFO:tensorflow:Finished evaluation at 2018-07-26-20:21:49
INFO:tensorflow:Saving dict for global step 500: accuracy = 0.9527, global_step = 500, loss = 0.15734069
INFO:tensorflow:Summary name dense/Relu/activation sparsity is illegal; using dense/Relu/activation_sparsity instead.
INFO:tensorflow:Summary name dense_2/Relu/activation sparsity is illegal; using dense_2/Relu/activation_sparsity instead.
INFO:tensorflow:Summary name dense_3/BiasAdd/activation sparsity is illegal; using dense_3/BiasAdd/activation_sparsity instead.
INFO:tensorflow:Summary name cross_entropy (raw) is illegal; using cross_entropy__raw_ instead.
INFO:tensorflow:Summary name total_loss (raw) is illegal; using total_loss__raw_ instead.
INFO:tensorflow:Updating masks.
INFO:tensorflow:Create CheckpointSaverHook.
INFO:tensorflow:Restoring parameters from /home/gridsan/salford/tf/saved/lenet300_100_4/model.ckpt-500
2018-07-26 16:21:50.731287: E tensorflow/core/common_runtime/bfc_allocator.cc:244] tried to allocate 0 bytes
2018-07-26 16:21:50.731373: W tensorflow/core/common_runtime/allocator_retry.cc:32] Request to allocate 0 bytes
2018-07-26 16:21:50.731420: E tensorflow/core/common_runtime/bfc_allocator.cc:378] tried to deallocate nullptr
2018-07-26 16:21:50.744418: E tensorflow/core/common_runtime/bfc_allocator.cc:244] tried to allocate 0 bytes
2018-07-26 16:21:50.744468: W tensorflow/core/common_runtime/allocator_retry.cc:32] Request to allocate 0 bytes
2018-07-26 16:21:50.744507: E tensorflow/core/common_runtime/bfc_allocator.cc:378] tried to deallocate nullptr
INFO:tensorflow:Saving checkpoints for 501 into /home/gridsan/salford/tf/saved/lenet300_100_4/model.ckpt.
INFO:tensorflow:loss = 0.06311072, step = 501
INFO:tensorflow:global_step/sec: 3.15718
INFO:tensorflow:loss = 0.3266942, step = 601 (31.674 sec)
INFO:tensorflow:global_step/sec: 3.12408
INFO:tensorflow:loss = 0.3244629, step = 701 (32.009 sec)
INFO:tensorflow:global_step/sec: 2.9897
INFO:tensorflow:loss = 0.09984759, step = 801 (33.449 sec)
INFO:tensorflow:global_step/sec: 2.58598
INFO:tensorflow:loss = 0.052791845, step = 901 (38.670 sec)
INFO:tensorflow:Saving checkpoints for 1000 into /home/gridsan/salford/tf/saved/lenet300_100_4/model.ckpt.
INFO:tensorflow:Loss for final step: 0.11699102.
INFO:tensorflow:Summary name dense/Relu/activation sparsity is illegal; using dense/Relu/activation_sparsity instead.
INFO:tensorflow:Summary name dense_2/Relu/activation sparsity is illegal; using dense_2/Relu/activation_sparsity instead.
INFO:tensorflow:Summary name dense_3/BiasAdd/activation sparsity is illegal; using dense_3/BiasAdd/activation_sparsity instead.
INFO:tensorflow:Starting evaluation at 2018-07-26-20:24:42
INFO:tensorflow:Restoring parameters from /home/gridsan/salford/tf/saved/lenet300_100_4/model.ckpt-1000
2018-07-26 16:24:42.486885: E tensorflow/core/common_runtime/bfc_allocator.cc:244] tried to allocate 0 bytes
2018-07-26 16:24:42.486995: W tensorflow/core/common_runtime/allocator_retry.cc:32] Request to allocate 0 bytes
2018-07-26 16:24:42.487043: E tensorflow/core/common_runtime/bfc_allocator.cc:378] tried to deallocate nullptr
2018-07-26 16:24:42.502547: E tensorflow/core/common_runtime/bfc_allocator.cc:244] tried to allocate 0 bytes
2018-07-26 16:24:42.502597: W tensorflow/core/common_runtime/allocator_retry.cc:32] Request to allocate 0 bytes
2018-07-26 16:24:42.502636: E tensorflow/core/common_runtime/bfc_allocator.cc:378] tried to deallocate nullptr
INFO:tensorflow:Finished evaluation at 2018-07-26-20:24:50
INFO:tensorflow:Saving dict for global step 1000: accuracy = 0.9619, global_step = 1000, loss = 0.113942035
INFO:tensorflow:Summary name dense/Relu/activation sparsity is illegal; using dense/Relu/activation_sparsity instead.
INFO:tensorflow:Summary name dense_2/Relu/activation sparsity is illegal; using dense_2/Relu/activation_sparsity instead.
INFO:tensorflow:Summary name dense_3/BiasAdd/activation sparsity is illegal; using dense_3/BiasAdd/activation_sparsity instead.
INFO:tensorflow:Summary name cross_entropy (raw) is illegal; using cross_entropy__raw_ instead.
INFO:tensorflow:Summary name total_loss (raw) is illegal; using total_loss__raw_ instead.
INFO:tensorflow:Updating masks.
INFO:tensorflow:Create CheckpointSaverHook.
INFO:tensorflow:Restoring parameters from /home/gridsan/salford/tf/saved/lenet300_100_4/model.ckpt-1000
2018-07-26 16:24:51.478122: E tensorflow/core/common_runtime/bfc_allocator.cc:244] tried to allocate 0 bytes
2018-07-26 16:24:51.478227: W tensorflow/core/common_runtime/allocator_retry.cc:32] Request to allocate 0 bytes
2018-07-26 16:24:51.478275: E tensorflow/core/common_runtime/bfc_allocator.cc:378] tried to deallocate nullptr
2018-07-26 16:24:51.499911: E tensorflow/core/common_runtime/bfc_allocator.cc:244] tried to allocate 0 bytes
2018-07-26 16:24:51.499993: W tensorflow/core/common_runtime/allocator_retry.cc:32] Request to allocate 0 bytes
2018-07-26 16:24:51.500038: E tensorflow/core/common_runtime/bfc_allocator.cc:378] tried to deallocate nullptr
INFO:tensorflow:Saving checkpoints for 1001 into /home/gridsan/salford/tf/saved/lenet300_100_4/model.ckpt.
INFO:tensorflow:loss = 0.14052948, step = 1001
INFO:tensorflow:global_step/sec: 3.0334
INFO:tensorflow:loss = 0.1831161, step = 1101 (32.967 sec)
INFO:tensorflow:global_step/sec: 2.95062
INFO:tensorflow:loss = 0.097814396, step = 1201 (33.891 sec)
INFO:tensorflow:global_step/sec: 3.32322
INFO:tensorflow:loss = 0.06799498, step = 1301 (30.092 sec)
INFO:tensorflow:global_step/sec: 3.18991
INFO:tensorflow:loss = 0.10450149, step = 1401 (31.347 sec)
INFO:tensorflow:Saving checkpoints for 1500 into /home/gridsan/salford/tf/saved/lenet300_100_4/model.ckpt.
INFO:tensorflow:Loss for final step: 0.12099041.
INFO:tensorflow:Summary name dense/Relu/activation sparsity is illegal; using dense/Relu/activation_sparsity instead.
INFO:tensorflow:Summary name dense_2/Relu/activation sparsity is illegal; using dense_2/Relu/activation_sparsity instead.
INFO:tensorflow:Summary name dense_3/BiasAdd/activation sparsity is illegal; using dense_3/BiasAdd/activation_sparsity instead.
INFO:tensorflow:Starting evaluation at 2018-07-26-20:27:35
INFO:tensorflow:Restoring parameters from /home/gridsan/salford/tf/saved/lenet300_100_4/model.ckpt-1500
2018-07-26 16:27:35.679457: E tensorflow/core/common_runtime/bfc_allocator.cc:244] tried to allocate 0 bytes
2018-07-26 16:27:35.679571: W tensorflow/core/common_runtime/allocator_retry.cc:32] Request to allocate 0 bytes
2018-07-26 16:27:35.679619: E tensorflow/core/common_runtime/bfc_allocator.cc:378] tried to deallocate nullptr
2018-07-26 16:27:35.693724: E tensorflow/core/common_runtime/bfc_allocator.cc:244] tried to allocate 0 bytes
2018-07-26 16:27:35.693818: W tensorflow/core/common_runtime/allocator_retry.cc:32] Request to allocate 0 bytes
2018-07-26 16:27:35.693863: E tensorflow/core/common_runtime/bfc_allocator.cc:378] tried to deallocate nullptr
INFO:tensorflow:Finished evaluation at 2018-07-26-20:27:42
INFO:tensorflow:Saving dict for global step 1500: accuracy = 0.9695, global_step = 1500, loss = 0.09673016
INFO:tensorflow:Summary name dense/Relu/activation sparsity is illegal; using dense/Relu/activation_sparsity instead.
INFO:tensorflow:Summary name dense_2/Relu/activation sparsity is illegal; using dense_2/Relu/activation_sparsity instead.
INFO:tensorflow:Summary name dense_3/BiasAdd/activation sparsity is illegal; using dense_3/BiasAdd/activation_sparsity instead.
INFO:tensorflow:Summary name cross_entropy (raw) is illegal; using cross_entropy__raw_ instead.
INFO:tensorflow:Summary name total_loss (raw) is illegal; using total_loss__raw_ instead.
INFO:tensorflow:Updating masks.
INFO:tensorflow:Create CheckpointSaverHook.
INFO:tensorflow:Restoring parameters from /home/gridsan/salford/tf/saved/lenet300_100_4/model.ckpt-1500
2018-07-26 16:27:43.113263: E tensorflow/core/common_runtime/bfc_allocator.cc:244] tried to allocate 0 bytes
2018-07-26 16:27:43.113365: W tensorflow/core/common_runtime/allocator_retry.cc:32] Request to allocate 0 bytes
2018-07-26 16:27:43.113412: E tensorflow/core/common_runtime/bfc_allocator.cc:378] tried to deallocate nullptr
2018-07-26 16:27:43.125254: E tensorflow/core/common_runtime/bfc_allocator.cc:244] tried to allocate 0 bytes
2018-07-26 16:27:43.125338: W tensorflow/core/common_runtime/allocator_retry.cc:32] Request to allocate 0 bytes
2018-07-26 16:27:43.125380: E tensorflow/core/common_runtime/bfc_allocator.cc:378] tried to deallocate nullptr
INFO:tensorflow:Saving checkpoints for 1501 into /home/gridsan/salford/tf/saved/lenet300_100_4/model.ckpt.
INFO:tensorflow:loss = 0.06312841, step = 1501
INFO:tensorflow:global_step/sec: 3.398
INFO:tensorflow:loss = 0.015221175, step = 1601 (29.437 sec)
INFO:tensorflow:global_step/sec: 2.95497
INFO:tensorflow:loss = 0.02407353, step = 1701 (33.833 sec)
INFO:tensorflow:global_step/sec: 3.05364
INFO:tensorflow:loss = 0.0445501, step = 1801 (32.748 sec)
INFO:tensorflow:global_step/sec: 3.20651
INFO:tensorflow:loss = 0.048843384, step = 1901 (31.188 sec)
INFO:tensorflow:Saving checkpoints for 2000 into /home/gridsan/salford/tf/saved/lenet300_100_4/model.ckpt.
INFO:tensorflow:Loss for final step: 0.04931738.
INFO:tensorflow:Summary name dense/Relu/activation sparsity is illegal; using dense/Relu/activation_sparsity instead.
INFO:tensorflow:Summary name dense_2/Relu/activation sparsity is illegal; using dense_2/Relu/activation_sparsity instead.
INFO:tensorflow:Summary name dense_3/BiasAdd/activation sparsity is illegal; using dense_3/BiasAdd/activation_sparsity instead.
INFO:tensorflow:Starting evaluation at 2018-07-26-20:30:23
INFO:tensorflow:Restoring parameters from /home/gridsan/salford/tf/saved/lenet300_100_4/model.ckpt-2000
2018-07-26 16:30:24.087948: E tensorflow/core/common_runtime/bfc_allocator.cc:244] tried to allocate 0 bytes
2018-07-26 16:30:24.088052: W tensorflow/core/common_runtime/allocator_retry.cc:32] Request to allocate 0 bytes
2018-07-26 16:30:24.088100: E tensorflow/core/common_runtime/bfc_allocator.cc:378] tried to deallocate nullptr
2018-07-26 16:30:24.112187: E tensorflow/core/common_runtime/bfc_allocator.cc:244] tried to allocate 0 bytes
2018-07-26 16:30:24.112256: W tensorflow/core/common_runtime/allocator_retry.cc:32] Request to allocate 0 bytes
2018-07-26 16:30:24.112297: E tensorflow/core/common_runtime/bfc_allocator.cc:378] tried to deallocate nullptr
INFO:tensorflow:Finished evaluation at 2018-07-26-20:30:31
INFO:tensorflow:Saving dict for global step 2000: accuracy = 0.9728, global_step = 2000, loss = 0.08501414
INFO:tensorflow:Summary name dense/Relu/activation sparsity is illegal; using dense/Relu/activation_sparsity instead.
INFO:tensorflow:Summary name dense_2/Relu/activation sparsity is illegal; using dense_2/Relu/activation_sparsity instead.
INFO:tensorflow:Summary name dense_3/BiasAdd/activation sparsity is illegal; using dense_3/BiasAdd/activation_sparsity instead.
INFO:tensorflow:Summary name cross_entropy (raw) is illegal; using cross_entropy__raw_ instead.
INFO:tensorflow:Summary name total_loss (raw) is illegal; using total_loss__raw_ instead.
INFO:tensorflow:Updating masks.
INFO:tensorflow:Create CheckpointSaverHook.
INFO:tensorflow:Restoring parameters from /home/gridsan/salford/tf/saved/lenet300_100_4/model.ckpt-2000
2018-07-26 16:30:32.301470: E tensorflow/core/common_runtime/bfc_allocator.cc:244] tried to allocate 0 bytes
2018-07-26 16:30:32.301594: W tensorflow/core/common_runtime/allocator_retry.cc:32] Request to allocate 0 bytes
2018-07-26 16:30:32.301647: E tensorflow/core/common_runtime/bfc_allocator.cc:378] tried to deallocate nullptr
2018-07-26 16:30:32.314494: E tensorflow/core/common_runtime/bfc_allocator.cc:244] tried to allocate 0 bytes
2018-07-26 16:30:32.314553: W tensorflow/core/common_runtime/allocator_retry.cc:32] Request to allocate 0 bytes
2018-07-26 16:30:32.314592: E tensorflow/core/common_runtime/bfc_allocator.cc:378] tried to deallocate nullptr
INFO:tensorflow:Saving checkpoints for 2001 into /home/gridsan/salford/tf/saved/lenet300_100_4/model.ckpt.
INFO:tensorflow:loss = 0.0875437, step = 2001
INFO:tensorflow:global_step/sec: 2.89922
INFO:tensorflow:loss = 0.09860192, step = 2101 (34.494 sec)
INFO:tensorflow:global_step/sec: 3.28385
INFO:tensorflow:loss = 0.026070187, step = 2201 (30.450 sec)
INFO:tensorflow:global_step/sec: 2.90432
INFO:tensorflow:loss = 0.01833135, step = 2301 (34.432 sec)
INFO:tensorflow:global_step/sec: 3.18408
INFO:tensorflow:loss = 0.036235232, step = 2401 (31.406 sec)
INFO:tensorflow:Saving checkpoints for 2500 into /home/gridsan/salford/tf/saved/lenet300_100_4/model.ckpt.
INFO:tensorflow:Loss for final step: 0.03496959.
INFO:tensorflow:Summary name dense/Relu/activation sparsity is illegal; using dense/Relu/activation_sparsity instead.
INFO:tensorflow:Summary name dense_2/Relu/activation sparsity is illegal; using dense_2/Relu/activation_sparsity instead.
INFO:tensorflow:Summary name dense_3/BiasAdd/activation sparsity is illegal; using dense_3/BiasAdd/activation_sparsity instead.
INFO:tensorflow:Starting evaluation at 2018-07-26-20:33:13
INFO:tensorflow:Restoring parameters from /home/gridsan/salford/tf/saved/lenet300_100_4/model.ckpt-2500
2018-07-26 16:33:13.750123: E tensorflow/core/common_runtime/bfc_allocator.cc:244] tried to allocate 0 bytes
2018-07-26 16:33:13.750227: W tensorflow/core/common_runtime/allocator_retry.cc:32] Request to allocate 0 bytes
2018-07-26 16:33:13.750274: E tensorflow/core/common_runtime/bfc_allocator.cc:378] tried to deallocate nullptr
2018-07-26 16:33:13.770498: E tensorflow/core/common_runtime/bfc_allocator.cc:244] tried to allocate 0 bytes
2018-07-26 16:33:13.770549: W tensorflow/core/common_runtime/allocator_retry.cc:32] Request to allocate 0 bytes
2018-07-26 16:33:13.770587: E tensorflow/core/common_runtime/bfc_allocator.cc:378] tried to deallocate nullptr
INFO:tensorflow:Finished evaluation at 2018-07-26-20:33:19
INFO:tensorflow:Saving dict for global step 2500: accuracy = 0.9785, global_step = 2500, loss = 0.067981705
INFO:tensorflow:Summary name dense/Relu/activation sparsity is illegal; using dense/Relu/activation_sparsity instead.
INFO:tensorflow:Summary name dense_2/Relu/activation sparsity is illegal; using dense_2/Relu/activation_sparsity instead.
INFO:tensorflow:Summary name dense_3/BiasAdd/activation sparsity is illegal; using dense_3/BiasAdd/activation_sparsity instead.
INFO:tensorflow:Summary name cross_entropy (raw) is illegal; using cross_entropy__raw_ instead.
INFO:tensorflow:Summary name total_loss (raw) is illegal; using total_loss__raw_ instead.
INFO:tensorflow:Updating masks.
INFO:tensorflow:Create CheckpointSaverHook.
INFO:tensorflow:Restoring parameters from /home/gridsan/salford/tf/saved/lenet300_100_4/model.ckpt-2500
2018-07-26 16:33:20.749223: E tensorflow/core/common_runtime/bfc_allocator.cc:244] tried to allocate 0 bytes
2018-07-26 16:33:20.749334: W tensorflow/core/common_runtime/allocator_retry.cc:32] Request to allocate 0 bytes
2018-07-26 16:33:20.749384: E tensorflow/core/common_runtime/bfc_allocator.cc:378] tried to deallocate nullptr
2018-07-26 16:33:20.763940: E tensorflow/core/common_runtime/bfc_allocator.cc:244] tried to allocate 0 bytes
2018-07-26 16:33:20.763990: W tensorflow/core/common_runtime/allocator_retry.cc:32] Request to allocate 0 bytes
2018-07-26 16:33:20.764029: E tensorflow/core/common_runtime/bfc_allocator.cc:378] tried to deallocate nullptr
INFO:tensorflow:Saving checkpoints for 2501 into /home/gridsan/salford/tf/saved/lenet300_100_4/model.ckpt.
INFO:tensorflow:loss = 0.0057957973, step = 2501
INFO:tensorflow:global_step/sec: 2.90545
INFO:tensorflow:loss = 0.08318567, step = 2601 (34.419 sec)
INFO:tensorflow:global_step/sec: 3.56458
INFO:tensorflow:loss = 0.07756033, step = 2701 (28.054 sec)
INFO:tensorflow:global_step/sec: 3.18815
INFO:tensorflow:loss = 0.07398194, step = 2801 (31.366 sec)
INFO:tensorflow:global_step/sec: 3.32946
INFO:tensorflow:loss = 0.031119186, step = 2901 (30.035 sec)
INFO:tensorflow:Saving checkpoints for 3000 into /home/gridsan/salford/tf/saved/lenet300_100_4/model.ckpt.
INFO:tensorflow:Loss for final step: 0.05662737.
INFO:tensorflow:Summary name dense/Relu/activation sparsity is illegal; using dense/Relu/activation_sparsity instead.
INFO:tensorflow:Summary name dense_2/Relu/activation sparsity is illegal; using dense_2/Relu/activation_sparsity instead.
INFO:tensorflow:Summary name dense_3/BiasAdd/activation sparsity is illegal; using dense_3/BiasAdd/activation_sparsity instead.
INFO:tensorflow:Starting evaluation at 2018-07-26-20:35:55
INFO:tensorflow:Restoring parameters from /home/gridsan/salford/tf/saved/lenet300_100_4/model.ckpt-3000
2018-07-26 16:35:55.979902: E tensorflow/core/common_runtime/bfc_allocator.cc:244] tried to allocate 0 bytes
2018-07-26 16:35:55.980018: W tensorflow/core/common_runtime/allocator_retry.cc:32] Request to allocate 0 bytes
2018-07-26 16:35:55.980068: E tensorflow/core/common_runtime/bfc_allocator.cc:378] tried to deallocate nullptr
2018-07-26 16:35:56.007059: E tensorflow/core/common_runtime/bfc_allocator.cc:244] tried to allocate 0 bytes
2018-07-26 16:35:56.007177: W tensorflow/core/common_runtime/allocator_retry.cc:32] Request to allocate 0 bytes
2018-07-26 16:35:56.007228: E tensorflow/core/common_runtime/bfc_allocator.cc:378] tried to deallocate nullptr
INFO:tensorflow:Finished evaluation at 2018-07-26-20:36:03
INFO:tensorflow:Saving dict for global step 3000: accuracy = 0.9754, global_step = 3000, loss = 0.07617907
INFO:tensorflow:Summary name dense/Relu/activation sparsity is illegal; using dense/Relu/activation_sparsity instead.
INFO:tensorflow:Summary name dense_2/Relu/activation sparsity is illegal; using dense_2/Relu/activation_sparsity instead.
INFO:tensorflow:Summary name dense_3/BiasAdd/activation sparsity is illegal; using dense_3/BiasAdd/activation_sparsity instead.
INFO:tensorflow:Summary name cross_entropy (raw) is illegal; using cross_entropy__raw_ instead.
INFO:tensorflow:Summary name total_loss (raw) is illegal; using total_loss__raw_ instead.
INFO:tensorflow:Updating masks.
INFO:tensorflow:Create CheckpointSaverHook.
INFO:tensorflow:Restoring parameters from /home/gridsan/salford/tf/saved/lenet300_100_4/model.ckpt-3000
2018-07-26 16:36:04.940035: E tensorflow/core/common_runtime/bfc_allocator.cc:244] tried to allocate 0 bytes
2018-07-26 16:36:04.940128: W tensorflow/core/common_runtime/allocator_retry.cc:32] Request to allocate 0 bytes
2018-07-26 16:36:04.940178: E tensorflow/core/common_runtime/bfc_allocator.cc:378] tried to deallocate nullptr
2018-07-26 16:36:04.952339: E tensorflow/core/common_runtime/bfc_allocator.cc:244] tried to allocate 0 bytes
2018-07-26 16:36:04.952391: W tensorflow/core/common_runtime/allocator_retry.cc:32] Request to allocate 0 bytes
2018-07-26 16:36:04.952431: E tensorflow/core/common_runtime/bfc_allocator.cc:378] tried to deallocate nullptr
INFO:tensorflow:Saving checkpoints for 3001 into /home/gridsan/salford/tf/saved/lenet300_100_4/model.ckpt.
INFO:tensorflow:loss = 0.017184054, step = 3001
INFO:tensorflow:global_step/sec: 3.23622
INFO:tensorflow:loss = 0.0047717663, step = 3101 (30.901 sec)
INFO:tensorflow:global_step/sec: 3.02348
INFO:tensorflow:loss = 0.01672731, step = 3201 (33.075 sec)
INFO:tensorflow:global_step/sec: 3.64455
INFO:tensorflow:loss = 0.030214034, step = 3301 (27.438 sec)
INFO:tensorflow:global_step/sec: 3.19368
INFO:tensorflow:loss = 0.023271382, step = 3401 (31.312 sec)
INFO:tensorflow:Saving checkpoints for 3500 into /home/gridsan/salford/tf/saved/lenet300_100_4/model.ckpt.
INFO:tensorflow:Loss for final step: 0.061176963.
INFO:tensorflow:Summary name dense/Relu/activation sparsity is illegal; using dense/Relu/activation_sparsity instead.
INFO:tensorflow:Summary name dense_2/Relu/activation sparsity is illegal; using dense_2/Relu/activation_sparsity instead.
INFO:tensorflow:Summary name dense_3/BiasAdd/activation sparsity is illegal; using dense_3/BiasAdd/activation_sparsity instead.
INFO:tensorflow:Starting evaluation at 2018-07-26-20:38:35
INFO:tensorflow:Restoring parameters from /home/gridsan/salford/tf/saved/lenet300_100_4/model.ckpt-3500
2018-07-26 16:38:36.129690: E tensorflow/core/common_runtime/bfc_allocator.cc:244] tried to allocate 0 bytes
2018-07-26 16:38:36.129801: W tensorflow/core/common_runtime/allocator_retry.cc:32] Request to allocate 0 bytes
2018-07-26 16:38:36.129864: E tensorflow/core/common_runtime/bfc_allocator.cc:378] tried to deallocate nullptr
2018-07-26 16:38:36.144089: E tensorflow/core/common_runtime/bfc_allocator.cc:244] tried to allocate 0 bytes
2018-07-26 16:38:36.144203: W tensorflow/core/common_runtime/allocator_retry.cc:32] Request to allocate 0 bytes
2018-07-26 16:38:36.144249: E tensorflow/core/common_runtime/bfc_allocator.cc:378] tried to deallocate nullptr
INFO:tensorflow:Finished evaluation at 2018-07-26-20:38:41
INFO:tensorflow:Saving dict for global step 3500: accuracy = 0.9732, global_step = 3500, loss = 0.08373525
INFO:tensorflow:Summary name dense/Relu/activation sparsity is illegal; using dense/Relu/activation_sparsity instead.
INFO:tensorflow:Summary name dense_2/Relu/activation sparsity is illegal; using dense_2/Relu/activation_sparsity instead.
INFO:tensorflow:Summary name dense_3/BiasAdd/activation sparsity is illegal; using dense_3/BiasAdd/activation_sparsity instead.
INFO:tensorflow:Summary name cross_entropy (raw) is illegal; using cross_entropy__raw_ instead.
INFO:tensorflow:Summary name total_loss (raw) is illegal; using total_loss__raw_ instead.
INFO:tensorflow:Updating masks.
INFO:tensorflow:Create CheckpointSaverHook.
INFO:tensorflow:Restoring parameters from /home/gridsan/salford/tf/saved/lenet300_100_4/model.ckpt-3500
2018-07-26 16:38:42.238209: E tensorflow/core/common_runtime/bfc_allocator.cc:244] tried to allocate 0 bytes
2018-07-26 16:38:42.238356: W tensorflow/core/common_runtime/allocator_retry.cc:32] Request to allocate 0 bytes
2018-07-26 16:38:42.238411: E tensorflow/core/common_runtime/bfc_allocator.cc:378] tried to deallocate nullptr
2018-07-26 16:38:42.256015: E tensorflow/core/common_runtime/bfc_allocator.cc:244] tried to allocate 0 bytes
2018-07-26 16:38:42.256128: W tensorflow/core/common_runtime/allocator_retry.cc:32] Request to allocate 0 bytes
2018-07-26 16:38:42.256178: E tensorflow/core/common_runtime/bfc_allocator.cc:378] tried to deallocate nullptr
INFO:tensorflow:Saving checkpoints for 3501 into /home/gridsan/salford/tf/saved/lenet300_100_4/model.ckpt.
INFO:tensorflow:loss = 0.010462732, step = 3501
INFO:tensorflow:global_step/sec: 3.84115
INFO:tensorflow:loss = 0.012655059, step = 3601 (26.034 sec)
INFO:tensorflow:global_step/sec: 3.13109
INFO:tensorflow:loss = 0.008436881, step = 3701 (31.937 sec)
INFO:tensorflow:global_step/sec: 3.38824
INFO:tensorflow:loss = 0.014834895, step = 3801 (29.514 sec)
INFO:tensorflow:global_step/sec: 3.1515
INFO:tensorflow:loss = 0.02362017, step = 3901 (31.730 sec)
INFO:tensorflow:Saving checkpoints for 4000 into /home/gridsan/salford/tf/saved/lenet300_100_4/model.ckpt.
INFO:tensorflow:Loss for final step: 0.045818996.
INFO:tensorflow:Summary name dense/Relu/activation sparsity is illegal; using dense/Relu/activation_sparsity instead.
INFO:tensorflow:Summary name dense_2/Relu/activation sparsity is illegal; using dense_2/Relu/activation_sparsity instead.
INFO:tensorflow:Summary name dense_3/BiasAdd/activation sparsity is illegal; using dense_3/BiasAdd/activation_sparsity instead.
INFO:tensorflow:Starting evaluation at 2018-07-26-20:41:15
INFO:tensorflow:Restoring parameters from /home/gridsan/salford/tf/saved/lenet300_100_4/model.ckpt-4000
2018-07-26 16:41:15.646652: E tensorflow/core/common_runtime/bfc_allocator.cc:244] tried to allocate 0 bytes
2018-07-26 16:41:15.646784: W tensorflow/core/common_runtime/allocator_retry.cc:32] Request to allocate 0 bytes
2018-07-26 16:41:15.646835: E tensorflow/core/common_runtime/bfc_allocator.cc:378] tried to deallocate nullptr
2018-07-26 16:41:15.669894: E tensorflow/core/common_runtime/bfc_allocator.cc:244] tried to allocate 0 bytes
2018-07-26 16:41:15.670008: W tensorflow/core/common_runtime/allocator_retry.cc:32] Request to allocate 0 bytes
2018-07-26 16:41:15.670059: E tensorflow/core/common_runtime/bfc_allocator.cc:378] tried to deallocate nullptr
INFO:tensorflow:Finished evaluation at 2018-07-26-20:41:22
INFO:tensorflow:Saving dict for global step 4000: accuracy = 0.9767, global_step = 4000, loss = 0.07235915
INFO:tensorflow:Summary name dense/Relu/activation sparsity is illegal; using dense/Relu/activation_sparsity instead.
INFO:tensorflow:Summary name dense_2/Relu/activation sparsity is illegal; using dense_2/Relu/activation_sparsity instead.
INFO:tensorflow:Summary name dense_3/BiasAdd/activation sparsity is illegal; using dense_3/BiasAdd/activation_sparsity instead.
INFO:tensorflow:Summary name cross_entropy (raw) is illegal; using cross_entropy__raw_ instead.
INFO:tensorflow:Summary name total_loss (raw) is illegal; using total_loss__raw_ instead.
INFO:tensorflow:Updating masks.
INFO:tensorflow:Create CheckpointSaverHook.
INFO:tensorflow:Restoring parameters from /home/gridsan/salford/tf/saved/lenet300_100_4/model.ckpt-4000
2018-07-26 16:41:23.903270: E tensorflow/core/common_runtime/bfc_allocator.cc:244] tried to allocate 0 bytes
2018-07-26 16:41:23.903363: W tensorflow/core/common_runtime/allocator_retry.cc:32] Request to allocate 0 bytes
2018-07-26 16:41:23.903412: E tensorflow/core/common_runtime/bfc_allocator.cc:378] tried to deallocate nullptr
2018-07-26 16:41:23.915979: E tensorflow/core/common_runtime/bfc_allocator.cc:244] tried to allocate 0 bytes
2018-07-26 16:41:23.916035: W tensorflow/core/common_runtime/allocator_retry.cc:32] Request to allocate 0 bytes
2018-07-26 16:41:23.916075: E tensorflow/core/common_runtime/bfc_allocator.cc:378] tried to deallocate nullptr
INFO:tensorflow:Saving checkpoints for 4001 into /home/gridsan/salford/tf/saved/lenet300_100_4/model.ckpt.
INFO:tensorflow:loss = 0.053322934, step = 4001
INFO:tensorflow:global_step/sec: 3.36084
INFO:tensorflow:loss = 0.0063381935, step = 4101 (29.756 sec)
INFO:tensorflow:global_step/sec: 3.05004
INFO:tensorflow:loss = 0.01731323, step = 4201 (32.785 sec)
INFO:tensorflow:global_step/sec: 3.20207
INFO:tensorflow:loss = 0.010616218, step = 4301 (31.230 sec)
INFO:tensorflow:global_step/sec: 3.4003
INFO:tensorflow:loss = 0.03797008, step = 4401 (29.418 sec)
INFO:tensorflow:Saving checkpoints for 4500 into /home/gridsan/salford/tf/saved/lenet300_100_4/model.ckpt.
INFO:tensorflow:Loss for final step: 0.016685357.
INFO:tensorflow:Summary name dense/Relu/activation sparsity is illegal; using dense/Relu/activation_sparsity instead.
INFO:tensorflow:Summary name dense_2/Relu/activation sparsity is illegal; using dense_2/Relu/activation_sparsity instead.
INFO:tensorflow:Summary name dense_3/BiasAdd/activation sparsity is illegal; using dense_3/BiasAdd/activation_sparsity instead.
INFO:tensorflow:Starting evaluation at 2018-07-26-20:43:59
INFO:tensorflow:Restoring parameters from /home/gridsan/salford/tf/saved/lenet300_100_4/model.ckpt-4500
2018-07-26 16:43:59.851059: E tensorflow/core/common_runtime/bfc_allocator.cc:244] tried to allocate 0 bytes
2018-07-26 16:43:59.851164: W tensorflow/core/common_runtime/allocator_retry.cc:32] Request to allocate 0 bytes
2018-07-26 16:43:59.851212: E tensorflow/core/common_runtime/bfc_allocator.cc:378] tried to deallocate nullptr
2018-07-26 16:43:59.885287: E tensorflow/core/common_runtime/bfc_allocator.cc:244] tried to allocate 0 bytes
2018-07-26 16:43:59.885356: W tensorflow/core/common_runtime/allocator_retry.cc:32] Request to allocate 0 bytes
2018-07-26 16:43:59.885400: E tensorflow/core/common_runtime/bfc_allocator.cc:378] tried to deallocate nullptr
INFO:tensorflow:Finished evaluation at 2018-07-26-20:44:06
INFO:tensorflow:Saving dict for global step 4500: accuracy = 0.9782, global_step = 4500, loss = 0.06493431
INFO:tensorflow:Summary name dense/Relu/activation sparsity is illegal; using dense/Relu/activation_sparsity instead.
INFO:tensorflow:Summary name dense_2/Relu/activation sparsity is illegal; using dense_2/Relu/activation_sparsity instead.
INFO:tensorflow:Summary name dense_3/BiasAdd/activation sparsity is illegal; using dense_3/BiasAdd/activation_sparsity instead.
INFO:tensorflow:Summary name cross_entropy (raw) is illegal; using cross_entropy__raw_ instead.
INFO:tensorflow:Summary name total_loss (raw) is illegal; using total_loss__raw_ instead.
INFO:tensorflow:Updating masks.
INFO:tensorflow:Create CheckpointSaverHook.
INFO:tensorflow:Restoring parameters from /home/gridsan/salford/tf/saved/lenet300_100_4/model.ckpt-4500
2018-07-26 16:44:07.760801: E tensorflow/core/common_runtime/bfc_allocator.cc:244] tried to allocate 0 bytes
2018-07-26 16:44:07.760901: W tensorflow/core/common_runtime/allocator_retry.cc:32] Request to allocate 0 bytes
2018-07-26 16:44:07.760951: E tensorflow/core/common_runtime/bfc_allocator.cc:378] tried to deallocate nullptr
2018-07-26 16:44:07.785888: E tensorflow/core/common_runtime/bfc_allocator.cc:244] tried to allocate 0 bytes
2018-07-26 16:44:07.785964: W tensorflow/core/common_runtime/allocator_retry.cc:32] Request to allocate 0 bytes
2018-07-26 16:44:07.786009: E tensorflow/core/common_runtime/bfc_allocator.cc:378] tried to deallocate nullptr
INFO:tensorflow:Saving checkpoints for 4501 into /home/gridsan/salford/tf/saved/lenet300_100_4/model.ckpt.
INFO:tensorflow:loss = 0.016773285, step = 4501
INFO:tensorflow:global_step/sec: 3.33807
INFO:tensorflow:loss = 0.015051258, step = 4601 (29.959 sec)
INFO:tensorflow:global_step/sec: 4.07588
INFO:tensorflow:loss = 0.02658088, step = 4701 (24.534 sec)
INFO:tensorflow:global_step/sec: 3.22268
INFO:tensorflow:loss = 0.0032308025, step = 4801 (31.030 sec)
INFO:tensorflow:global_step/sec: 3.54905
INFO:tensorflow:loss = 0.0051628184, step = 4901 (28.177 sec)
INFO:tensorflow:Saving checkpoints for 5000 into /home/gridsan/salford/tf/saved/lenet300_100_4/model.ckpt.
INFO:tensorflow:Loss for final step: 0.015302422.
INFO:tensorflow:Summary name dense/Relu/activation sparsity is illegal; using dense/Relu/activation_sparsity instead.
INFO:tensorflow:Summary name dense_2/Relu/activation sparsity is illegal; using dense_2/Relu/activation_sparsity instead.
INFO:tensorflow:Summary name dense_3/BiasAdd/activation sparsity is illegal; using dense_3/BiasAdd/activation_sparsity instead.
INFO:tensorflow:Starting evaluation at 2018-07-26-20:46:32
INFO:tensorflow:Restoring parameters from /home/gridsan/salford/tf/saved/lenet300_100_4/model.ckpt-5000
2018-07-26 16:46:32.516579: E tensorflow/core/common_runtime/bfc_allocator.cc:244] tried to allocate 0 bytes
2018-07-26 16:46:32.516671: W tensorflow/core/common_runtime/allocator_retry.cc:32] Request to allocate 0 bytes
2018-07-26 16:46:32.516717: E tensorflow/core/common_runtime/bfc_allocator.cc:378] tried to deallocate nullptr
2018-07-26 16:46:32.531421: E tensorflow/core/common_runtime/bfc_allocator.cc:244] tried to allocate 0 bytes
2018-07-26 16:46:32.531476: W tensorflow/core/common_runtime/allocator_retry.cc:32] Request to allocate 0 bytes
2018-07-26 16:46:32.531516: E tensorflow/core/common_runtime/bfc_allocator.cc:378] tried to deallocate nullptr
INFO:tensorflow:Finished evaluation at 2018-07-26-20:46:38
INFO:tensorflow:Saving dict for global step 5000: accuracy = 0.9762, global_step = 5000, loss = 0.078338034
INFO:tensorflow:Summary name dense/Relu/activation sparsity is illegal; using dense/Relu/activation_sparsity instead.
INFO:tensorflow:Summary name dense_2/Relu/activation sparsity is illegal; using dense_2/Relu/activation_sparsity instead.
INFO:tensorflow:Summary name dense_3/BiasAdd/activation sparsity is illegal; using dense_3/BiasAdd/activation_sparsity instead.
INFO:tensorflow:Summary name cross_entropy (raw) is illegal; using cross_entropy__raw_ instead.
INFO:tensorflow:Summary name total_loss (raw) is illegal; using total_loss__raw_ instead.
INFO:tensorflow:Updating masks.
INFO:tensorflow:Create CheckpointSaverHook.
INFO:tensorflow:Restoring parameters from /home/gridsan/salford/tf/saved/lenet300_100_4/model.ckpt-5000
2018-07-26 16:46:39.438498: E tensorflow/core/common_runtime/bfc_allocator.cc:244] tried to allocate 0 bytes
2018-07-26 16:46:39.438599: W tensorflow/core/common_runtime/allocator_retry.cc:32] Request to allocate 0 bytes
2018-07-26 16:46:39.438649: E tensorflow/core/common_runtime/bfc_allocator.cc:378] tried to deallocate nullptr
2018-07-26 16:46:39.461346: E tensorflow/core/common_runtime/bfc_allocator.cc:244] tried to allocate 0 bytes
2018-07-26 16:46:39.461475: W tensorflow/core/common_runtime/allocator_retry.cc:32] Request to allocate 0 bytes
2018-07-26 16:46:39.461525: E tensorflow/core/common_runtime/bfc_allocator.cc:378] tried to deallocate nullptr
INFO:tensorflow:Saving checkpoints for 5001 into /home/gridsan/salford/tf/saved/lenet300_100_4/model.ckpt.
INFO:tensorflow:loss = 0.007333398, step = 5001
INFO:tensorflow:global_step/sec: 3.59178
INFO:tensorflow:loss = 0.013680934, step = 5101 (27.842 sec)
INFO:tensorflow:global_step/sec: 3.09455
INFO:tensorflow:loss = 0.016683944, step = 5201 (32.315 sec)
INFO:tensorflow:global_step/sec: 3.1966
INFO:tensorflow:loss = 0.0042686067, step = 5301 (31.294 sec)
INFO:tensorflow:global_step/sec: 3.48717
INFO:tensorflow:loss = 0.04805723, step = 5401 (28.667 sec)
INFO:tensorflow:Saving checkpoints for 5500 into /home/gridsan/salford/tf/saved/lenet300_100_4/model.ckpt.
INFO:tensorflow:Loss for final step: 0.015127283.
INFO:tensorflow:Summary name dense/Relu/activation sparsity is illegal; using dense/Relu/activation_sparsity instead.
INFO:tensorflow:Summary name dense_2/Relu/activation sparsity is illegal; using dense_2/Relu/activation_sparsity instead.
INFO:tensorflow:Summary name dense_3/BiasAdd/activation sparsity is illegal; using dense_3/BiasAdd/activation_sparsity instead.
INFO:tensorflow:Starting evaluation at 2018-07-26-20:49:11
INFO:tensorflow:Restoring parameters from /home/gridsan/salford/tf/saved/lenet300_100_4/model.ckpt-5500
2018-07-26 16:49:12.089903: E tensorflow/core/common_runtime/bfc_allocator.cc:244] tried to allocate 0 bytes
2018-07-26 16:49:12.090020: W tensorflow/core/common_runtime/allocator_retry.cc:32] Request to allocate 0 bytes
2018-07-26 16:49:12.090069: E tensorflow/core/common_runtime/bfc_allocator.cc:378] tried to deallocate nullptr
2018-07-26 16:49:12.109880: E tensorflow/core/common_runtime/bfc_allocator.cc:244] tried to allocate 0 bytes
2018-07-26 16:49:12.109931: W tensorflow/core/common_runtime/allocator_retry.cc:32] Request to allocate 0 bytes
2018-07-26 16:49:12.109971: E tensorflow/core/common_runtime/bfc_allocator.cc:378] tried to deallocate nullptr
INFO:tensorflow:Finished evaluation at 2018-07-26-20:49:19
INFO:tensorflow:Saving dict for global step 5500: accuracy = 0.9798, global_step = 5500, loss = 0.0617171
INFO:tensorflow:Summary name dense/Relu/activation sparsity is illegal; using dense/Relu/activation_sparsity instead.
INFO:tensorflow:Summary name dense_2/Relu/activation sparsity is illegal; using dense_2/Relu/activation_sparsity instead.
INFO:tensorflow:Summary name dense_3/BiasAdd/activation sparsity is illegal; using dense_3/BiasAdd/activation_sparsity instead.
INFO:tensorflow:Summary name cross_entropy (raw) is illegal; using cross_entropy__raw_ instead.
INFO:tensorflow:Summary name total_loss (raw) is illegal; using total_loss__raw_ instead.
INFO:tensorflow:Updating masks.
INFO:tensorflow:Create CheckpointSaverHook.
INFO:tensorflow:Restoring parameters from /home/gridsan/salford/tf/saved/lenet300_100_4/model.ckpt-5500
2018-07-26 16:49:20.937025: E tensorflow/core/common_runtime/bfc_allocator.cc:244] tried to allocate 0 bytes
2018-07-26 16:49:20.937141: W tensorflow/core/common_runtime/allocator_retry.cc:32] Request to allocate 0 bytes
2018-07-26 16:49:20.937193: E tensorflow/core/common_runtime/bfc_allocator.cc:378] tried to deallocate nullptr
2018-07-26 16:49:20.962059: E tensorflow/core/common_runtime/bfc_allocator.cc:244] tried to allocate 0 bytes
2018-07-26 16:49:20.962153: W tensorflow/core/common_runtime/allocator_retry.cc:32] Request to allocate 0 bytes
2018-07-26 16:49:20.962197: E tensorflow/core/common_runtime/bfc_allocator.cc:378] tried to deallocate nullptr
INFO:tensorflow:Saving checkpoints for 5501 into /home/gridsan/salford/tf/saved/lenet300_100_4/model.ckpt.
INFO:tensorflow:loss = 0.014558144, step = 5501
INFO:tensorflow:global_step/sec: 3.97731
INFO:tensorflow:loss = 0.004917019, step = 5601 (25.142 sec)
INFO:tensorflow:global_step/sec: 4.02674
INFO:tensorflow:loss = 0.021199621, step = 5701 (24.836 sec)
INFO:tensorflow:global_step/sec: 3.08555
INFO:tensorflow:loss = 0.018182073, step = 5801 (32.407 sec)
INFO:tensorflow:global_step/sec: 3.38366
INFO:tensorflow:loss = 0.007941563, step = 5901 (29.554 sec)
INFO:tensorflow:Saving checkpoints for 6000 into /home/gridsan/salford/tf/saved/lenet300_100_4/model.ckpt.
INFO:tensorflow:Loss for final step: 0.0038467168.
INFO:tensorflow:Summary name dense/Relu/activation sparsity is illegal; using dense/Relu/activation_sparsity instead.
INFO:tensorflow:Summary name dense_2/Relu/activation sparsity is illegal; using dense_2/Relu/activation_sparsity instead.
INFO:tensorflow:Summary name dense_3/BiasAdd/activation sparsity is illegal; using dense_3/BiasAdd/activation_sparsity instead.
INFO:tensorflow:Starting evaluation at 2018-07-26-20:51:44
INFO:tensorflow:Restoring parameters from /home/gridsan/salford/tf/saved/lenet300_100_4/model.ckpt-6000
2018-07-26 16:51:44.419968: E tensorflow/core/common_runtime/bfc_allocator.cc:244] tried to allocate 0 bytes
2018-07-26 16:51:44.420087: W tensorflow/core/common_runtime/allocator_retry.cc:32] Request to allocate 0 bytes
2018-07-26 16:51:44.420137: E tensorflow/core/common_runtime/bfc_allocator.cc:378] tried to deallocate nullptr
2018-07-26 16:51:44.439904: E tensorflow/core/common_runtime/bfc_allocator.cc:244] tried to allocate 0 bytes
2018-07-26 16:51:44.440020: W tensorflow/core/common_runtime/allocator_retry.cc:32] Request to allocate 0 bytes
2018-07-26 16:51:44.440074: E tensorflow/core/common_runtime/bfc_allocator.cc:378] tried to deallocate nullptr
INFO:tensorflow:Finished evaluation at 2018-07-26-20:51:51
INFO:tensorflow:Saving dict for global step 6000: accuracy = 0.9805, global_step = 6000, loss = 0.06440964
INFO:tensorflow:Summary name dense/Relu/activation sparsity is illegal; using dense/Relu/activation_sparsity instead.
INFO:tensorflow:Summary name dense_2/Relu/activation sparsity is illegal; using dense_2/Relu/activation_sparsity instead.
INFO:tensorflow:Summary name dense_3/BiasAdd/activation sparsity is illegal; using dense_3/BiasAdd/activation_sparsity instead.
INFO:tensorflow:Summary name cross_entropy (raw) is illegal; using cross_entropy__raw_ instead.
INFO:tensorflow:Summary name total_loss (raw) is illegal; using total_loss__raw_ instead.
INFO:tensorflow:Updating masks.
INFO:tensorflow:Create CheckpointSaverHook.
INFO:tensorflow:Restoring parameters from /home/gridsan/salford/tf/saved/lenet300_100_4/model.ckpt-6000
2018-07-26 16:51:52.561408: E tensorflow/core/common_runtime/bfc_allocator.cc:244] tried to allocate 0 bytes
2018-07-26 16:51:52.561506: W tensorflow/core/common_runtime/allocator_retry.cc:32] Request to allocate 0 bytes
2018-07-26 16:51:52.561554: E tensorflow/core/common_runtime/bfc_allocator.cc:378] tried to deallocate nullptr
2018-07-26 16:51:52.578111: E tensorflow/core/common_runtime/bfc_allocator.cc:244] tried to allocate 0 bytes
2018-07-26 16:51:52.578160: W tensorflow/core/common_runtime/allocator_retry.cc:32] Request to allocate 0 bytes
2018-07-26 16:51:52.578198: E tensorflow/core/common_runtime/bfc_allocator.cc:378] tried to deallocate nullptr
INFO:tensorflow:Saving checkpoints for 6001 into /home/gridsan/salford/tf/saved/lenet300_100_4/model.ckpt.
INFO:tensorflow:loss = 0.0065352963, step = 6001
INFO:tensorflow:global_step/sec: 2.88328
INFO:tensorflow:loss = 0.010763912, step = 6101 (34.683 sec)
INFO:tensorflow:global_step/sec: 3.09484
INFO:tensorflow:loss = 0.006401313, step = 6201 (32.311 sec)
INFO:tensorflow:global_step/sec: 3.566
INFO:tensorflow:loss = 0.005651625, step = 6301 (28.043 sec)
INFO:tensorflow:global_step/sec: 3.46146
INFO:tensorflow:loss = 0.002227454, step = 6401 (28.891 sec)
INFO:tensorflow:Saving checkpoints for 6500 into /home/gridsan/salford/tf/saved/lenet300_100_4/model.ckpt.
INFO:tensorflow:Loss for final step: 0.08320206.
INFO:tensorflow:Summary name dense/Relu/activation sparsity is illegal; using dense/Relu/activation_sparsity instead.
INFO:tensorflow:Summary name dense_2/Relu/activation sparsity is illegal; using dense_2/Relu/activation_sparsity instead.
INFO:tensorflow:Summary name dense_3/BiasAdd/activation sparsity is illegal; using dense_3/BiasAdd/activation_sparsity instead.
INFO:tensorflow:Starting evaluation at 2018-07-26-20:54:28
INFO:tensorflow:Restoring parameters from /home/gridsan/salford/tf/saved/lenet300_100_4/model.ckpt-6500
2018-07-26 16:54:28.691199: E tensorflow/core/common_runtime/bfc_allocator.cc:244] tried to allocate 0 bytes
2018-07-26 16:54:28.691292: W tensorflow/core/common_runtime/allocator_retry.cc:32] Request to allocate 0 bytes
2018-07-26 16:54:28.691337: E tensorflow/core/common_runtime/bfc_allocator.cc:378] tried to deallocate nullptr
2018-07-26 16:54:28.712961: E tensorflow/core/common_runtime/bfc_allocator.cc:244] tried to allocate 0 bytes
2018-07-26 16:54:28.713015: W tensorflow/core/common_runtime/allocator_retry.cc:32] Request to allocate 0 bytes
2018-07-26 16:54:28.713054: E tensorflow/core/common_runtime/bfc_allocator.cc:378] tried to deallocate nullptr
INFO:tensorflow:Finished evaluation at 2018-07-26-20:54:34
INFO:tensorflow:Saving dict for global step 6500: accuracy = 0.9762, global_step = 6500, loss = 0.084662154
INFO:tensorflow:Summary name dense/Relu/activation sparsity is illegal; using dense/Relu/activation_sparsity instead.
INFO:tensorflow:Summary name dense_2/Relu/activation sparsity is illegal; using dense_2/Relu/activation_sparsity instead.
INFO:tensorflow:Summary name dense_3/BiasAdd/activation sparsity is illegal; using dense_3/BiasAdd/activation_sparsity instead.
INFO:tensorflow:Summary name cross_entropy (raw) is illegal; using cross_entropy__raw_ instead.
INFO:tensorflow:Summary name total_loss (raw) is illegal; using total_loss__raw_ instead.
INFO:tensorflow:Updating masks.
INFO:tensorflow:Create CheckpointSaverHook.
INFO:tensorflow:Restoring parameters from /home/gridsan/salford/tf/saved/lenet300_100_4/model.ckpt-6500
2018-07-26 16:54:35.443533: E tensorflow/core/common_runtime/bfc_allocator.cc:244] tried to allocate 0 bytes
2018-07-26 16:54:35.443634: W tensorflow/core/common_runtime/allocator_retry.cc:32] Request to allocate 0 bytes
2018-07-26 16:54:35.443684: E tensorflow/core/common_runtime/bfc_allocator.cc:378] tried to deallocate nullptr
2018-07-26 16:54:35.455567: E tensorflow/core/common_runtime/bfc_allocator.cc:244] tried to allocate 0 bytes
2018-07-26 16:54:35.455618: W tensorflow/core/common_runtime/allocator_retry.cc:32] Request to allocate 0 bytes
2018-07-26 16:54:35.455658: E tensorflow/core/common_runtime/bfc_allocator.cc:378] tried to deallocate nullptr
INFO:tensorflow:Saving checkpoints for 6501 into /home/gridsan/salford/tf/saved/lenet300_100_4/model.ckpt.
INFO:tensorflow:loss = 0.009339587, step = 6501
INFO:tensorflow:global_step/sec: 3.34951
INFO:tensorflow:loss = 0.004489915, step = 6601 (29.856 sec)
INFO:tensorflow:global_step/sec: 3.44022
INFO:tensorflow:loss = 0.009599586, step = 6701 (29.070 sec)
INFO:tensorflow:global_step/sec: 3.39911
INFO:tensorflow:loss = 0.006574655, step = 6801 (29.417 sec)
INFO:tensorflow:global_step/sec: 3.48237
INFO:tensorflow:loss = 0.0030599844, step = 6901 (28.716 sec)
INFO:tensorflow:Saving checkpoints for 7000 into /home/gridsan/salford/tf/saved/lenet300_100_4/model.ckpt.
INFO:tensorflow:Loss for final step: 0.004015008.
INFO:tensorflow:Summary name dense/Relu/activation sparsity is illegal; using dense/Relu/activation_sparsity instead.
INFO:tensorflow:Summary name dense_2/Relu/activation sparsity is illegal; using dense_2/Relu/activation_sparsity instead.
INFO:tensorflow:Summary name dense_3/BiasAdd/activation sparsity is illegal; using dense_3/BiasAdd/activation_sparsity instead.
INFO:tensorflow:Starting evaluation at 2018-07-26-20:57:04
INFO:tensorflow:Restoring parameters from /home/gridsan/salford/tf/saved/lenet300_100_4/model.ckpt-7000
2018-07-26 16:57:04.480975: E tensorflow/core/common_runtime/bfc_allocator.cc:244] tried to allocate 0 bytes
2018-07-26 16:57:04.481081: W tensorflow/core/common_runtime/allocator_retry.cc:32] Request to allocate 0 bytes
2018-07-26 16:57:04.481130: E tensorflow/core/common_runtime/bfc_allocator.cc:378] tried to deallocate nullptr
2018-07-26 16:57:04.494984: E tensorflow/core/common_runtime/bfc_allocator.cc:244] tried to allocate 0 bytes
2018-07-26 16:57:04.495037: W tensorflow/core/common_runtime/allocator_retry.cc:32] Request to allocate 0 bytes
2018-07-26 16:57:04.495111: E tensorflow/core/common_runtime/bfc_allocator.cc:378] tried to deallocate nullptr
INFO:tensorflow:Finished evaluation at 2018-07-26-20:57:12
INFO:tensorflow:Saving dict for global step 7000: accuracy = 0.9826, global_step = 7000, loss = 0.058719803
INFO:tensorflow:Summary name dense/Relu/activation sparsity is illegal; using dense/Relu/activation_sparsity instead.
INFO:tensorflow:Summary name dense_2/Relu/activation sparsity is illegal; using dense_2/Relu/activation_sparsity instead.
INFO:tensorflow:Summary name dense_3/BiasAdd/activation sparsity is illegal; using dense_3/BiasAdd/activation_sparsity instead.
INFO:tensorflow:Summary name cross_entropy (raw) is illegal; using cross_entropy__raw_ instead.
INFO:tensorflow:Summary name total_loss (raw) is illegal; using total_loss__raw_ instead.
INFO:tensorflow:Updating masks.
INFO:tensorflow:Create CheckpointSaverHook.
INFO:tensorflow:Restoring parameters from /home/gridsan/salford/tf/saved/lenet300_100_4/model.ckpt-7000
2018-07-26 16:57:14.070816: E tensorflow/core/common_runtime/bfc_allocator.cc:244] tried to allocate 0 bytes
2018-07-26 16:57:14.070903: W tensorflow/core/common_runtime/allocator_retry.cc:32] Request to allocate 0 bytes
2018-07-26 16:57:14.070950: E tensorflow/core/common_runtime/bfc_allocator.cc:378] tried to deallocate nullptr
2018-07-26 16:57:14.089670: E tensorflow/core/common_runtime/bfc_allocator.cc:244] tried to allocate 0 bytes
2018-07-26 16:57:14.089729: W tensorflow/core/common_runtime/allocator_retry.cc:32] Request to allocate 0 bytes
2018-07-26 16:57:14.089768: E tensorflow/core/common_runtime/bfc_allocator.cc:378] tried to deallocate nullptr
INFO:tensorflow:Saving checkpoints for 7001 into /home/gridsan/salford/tf/saved/lenet300_100_4/model.ckpt.
INFO:tensorflow:loss = 0.0034003893, step = 7001
INFO:tensorflow:global_step/sec: 3.73455
INFO:tensorflow:loss = 0.0015993288, step = 7101 (26.775 sec)
INFO:tensorflow:global_step/sec: 3.54618
INFO:tensorflow:loss = 0.0024197982, step = 7201 (28.199 sec)
INFO:tensorflow:global_step/sec: 3.67195
INFO:tensorflow:loss = 0.0031865018, step = 7301 (27.233 sec)
INFO:tensorflow:global_step/sec: 3.95073
INFO:tensorflow:loss = 0.014898662, step = 7401 (25.346 sec)
INFO:tensorflow:Saving checkpoints for 7500 into /home/gridsan/salford/tf/saved/lenet300_100_4/model.ckpt.
INFO:tensorflow:Loss for final step: 0.0012146919.
INFO:tensorflow:Summary name dense/Relu/activation sparsity is illegal; using dense/Relu/activation_sparsity instead.
INFO:tensorflow:Summary name dense_2/Relu/activation sparsity is illegal; using dense_2/Relu/activation_sparsity instead.
INFO:tensorflow:Summary name dense_3/BiasAdd/activation sparsity is illegal; using dense_3/BiasAdd/activation_sparsity instead.
INFO:tensorflow:Starting evaluation at 2018-07-26-20:59:35
INFO:tensorflow:Restoring parameters from /home/gridsan/salford/tf/saved/lenet300_100_4/model.ckpt-7500
2018-07-26 16:59:35.481224: E tensorflow/core/common_runtime/bfc_allocator.cc:244] tried to allocate 0 bytes
2018-07-26 16:59:35.481317: W tensorflow/core/common_runtime/allocator_retry.cc:32] Request to allocate 0 bytes
2018-07-26 16:59:35.481362: E tensorflow/core/common_runtime/bfc_allocator.cc:378] tried to deallocate nullptr
2018-07-26 16:59:35.502350: E tensorflow/core/common_runtime/bfc_allocator.cc:244] tried to allocate 0 bytes
2018-07-26 16:59:35.502404: W tensorflow/core/common_runtime/allocator_retry.cc:32] Request to allocate 0 bytes
2018-07-26 16:59:35.502443: E tensorflow/core/common_runtime/bfc_allocator.cc:378] tried to deallocate nullptr
INFO:tensorflow:Finished evaluation at 2018-07-26-20:59:42
INFO:tensorflow:Saving dict for global step 7500: accuracy = 0.9806, global_step = 7500, loss = 0.0656315
INFO:tensorflow:Summary name dense/Relu/activation sparsity is illegal; using dense/Relu/activation_sparsity instead.
INFO:tensorflow:Summary name dense_2/Relu/activation sparsity is illegal; using dense_2/Relu/activation_sparsity instead.
INFO:tensorflow:Summary name dense_3/BiasAdd/activation sparsity is illegal; using dense_3/BiasAdd/activation_sparsity instead.
INFO:tensorflow:Summary name cross_entropy (raw) is illegal; using cross_entropy__raw_ instead.
INFO:tensorflow:Summary name total_loss (raw) is illegal; using total_loss__raw_ instead.
INFO:tensorflow:Updating masks.
INFO:tensorflow:Create CheckpointSaverHook.
INFO:tensorflow:Restoring parameters from /home/gridsan/salford/tf/saved/lenet300_100_4/model.ckpt-7500
2018-07-26 16:59:43.734848: E tensorflow/core/common_runtime/bfc_allocator.cc:244] tried to allocate 0 bytes
2018-07-26 16:59:43.734947: W tensorflow/core/common_runtime/allocator_retry.cc:32] Request to allocate 0 bytes
2018-07-26 16:59:43.734996: E tensorflow/core/common_runtime/bfc_allocator.cc:378] tried to deallocate nullptr
2018-07-26 16:59:43.749880: E tensorflow/core/common_runtime/bfc_allocator.cc:244] tried to allocate 0 bytes
2018-07-26 16:59:43.749932: W tensorflow/core/common_runtime/allocator_retry.cc:32] Request to allocate 0 bytes
2018-07-26 16:59:43.749973: E tensorflow/core/common_runtime/bfc_allocator.cc:378] tried to deallocate nullptr
INFO:tensorflow:Saving checkpoints for 7501 into /home/gridsan/salford/tf/saved/lenet300_100_4/model.ckpt.
INFO:tensorflow:loss = 0.004243877, step = 7501
INFO:tensorflow:global_step/sec: 3.27717
INFO:tensorflow:loss = 0.002236532, step = 7601 (30.509 sec)
INFO:tensorflow:global_step/sec: 3.51659
INFO:tensorflow:loss = 0.002737838, step = 7701 (28.435 sec)
INFO:tensorflow:global_step/sec: 3.8582
INFO:tensorflow:loss = 0.0074555995, step = 7801 (25.919 sec)
INFO:tensorflow:global_step/sec: 3.21441
INFO:tensorflow:loss = 0.0025231661, step = 7901 (31.110 sec)
INFO:tensorflow:Saving checkpoints for 8000 into /home/gridsan/salford/tf/saved/lenet300_100_4/model.ckpt.
INFO:tensorflow:Loss for final step: 0.0071273022.
INFO:tensorflow:Summary name dense/Relu/activation sparsity is illegal; using dense/Relu/activation_sparsity instead.
INFO:tensorflow:Summary name dense_2/Relu/activation sparsity is illegal; using dense_2/Relu/activation_sparsity instead.
INFO:tensorflow:Summary name dense_3/BiasAdd/activation sparsity is illegal; using dense_3/BiasAdd/activation_sparsity instead.
INFO:tensorflow:Starting evaluation at 2018-07-26-21:02:10
INFO:tensorflow:Restoring parameters from /home/gridsan/salford/tf/saved/lenet300_100_4/model.ckpt-8000
2018-07-26 17:02:10.566248: E tensorflow/core/common_runtime/bfc_allocator.cc:244] tried to allocate 0 bytes
2018-07-26 17:02:10.566347: W tensorflow/core/common_runtime/allocator_retry.cc:32] Request to allocate 0 bytes
2018-07-26 17:02:10.566394: E tensorflow/core/common_runtime/bfc_allocator.cc:378] tried to deallocate nullptr
2018-07-26 17:02:10.586283: E tensorflow/core/common_runtime/bfc_allocator.cc:244] tried to allocate 0 bytes
2018-07-26 17:02:10.586337: W tensorflow/core/common_runtime/allocator_retry.cc:32] Request to allocate 0 bytes
2018-07-26 17:02:10.586375: E tensorflow/core/common_runtime/bfc_allocator.cc:378] tried to deallocate nullptr
INFO:tensorflow:Finished evaluation at 2018-07-26-21:02:16
INFO:tensorflow:Saving dict for global step 8000: accuracy = 0.9791, global_step = 8000, loss = 0.07288839
INFO:tensorflow:Summary name dense/Relu/activation sparsity is illegal; using dense/Relu/activation_sparsity instead.
INFO:tensorflow:Summary name dense_2/Relu/activation sparsity is illegal; using dense_2/Relu/activation_sparsity instead.
INFO:tensorflow:Summary name dense_3/BiasAdd/activation sparsity is illegal; using dense_3/BiasAdd/activation_sparsity instead.
INFO:tensorflow:Summary name cross_entropy (raw) is illegal; using cross_entropy__raw_ instead.
INFO:tensorflow:Summary name total_loss (raw) is illegal; using total_loss__raw_ instead.
INFO:tensorflow:Updating masks.
INFO:tensorflow:Create CheckpointSaverHook.
INFO:tensorflow:Restoring parameters from /home/gridsan/salford/tf/saved/lenet300_100_4/model.ckpt-8000
2018-07-26 17:02:17.402702: E tensorflow/core/common_runtime/bfc_allocator.cc:244] tried to allocate 0 bytes
2018-07-26 17:02:17.402799: W tensorflow/core/common_runtime/allocator_retry.cc:32] Request to allocate 0 bytes
2018-07-26 17:02:17.402879: E tensorflow/core/common_runtime/bfc_allocator.cc:378] tried to deallocate nullptr
2018-07-26 17:02:17.425196: E tensorflow/core/common_runtime/bfc_allocator.cc:244] tried to allocate 0 bytes
2018-07-26 17:02:17.425257: W tensorflow/core/common_runtime/allocator_retry.cc:32] Request to allocate 0 bytes
2018-07-26 17:02:17.425298: E tensorflow/core/common_runtime/bfc_allocator.cc:378] tried to deallocate nullptr
INFO:tensorflow:Saving checkpoints for 8001 into /home/gridsan/salford/tf/saved/lenet300_100_4/model.ckpt.
INFO:tensorflow:loss = 0.004951393, step = 8001
INFO:tensorflow:global_step/sec: 3.39359
INFO:tensorflow:loss = 0.0031177292, step = 8101 (29.468 sec)
INFO:tensorflow:global_step/sec: 3.21173
INFO:tensorflow:loss = 0.00646585, step = 8201 (31.136 sec)
INFO:tensorflow:global_step/sec: 3.45434
INFO:tensorflow:loss = 0.0021689024, step = 8301 (28.949 sec)
INFO:tensorflow:global_step/sec: 3.72707
INFO:tensorflow:loss = 0.0027858051, step = 8401 (26.831 sec)
INFO:tensorflow:Saving checkpoints for 8500 into /home/gridsan/salford/tf/saved/lenet300_100_4/model.ckpt.
INFO:tensorflow:Loss for final step: 0.0017579566.
INFO:tensorflow:Summary name dense/Relu/activation sparsity is illegal; using dense/Relu/activation_sparsity instead.
INFO:tensorflow:Summary name dense_2/Relu/activation sparsity is illegal; using dense_2/Relu/activation_sparsity instead.
INFO:tensorflow:Summary name dense_3/BiasAdd/activation sparsity is illegal; using dense_3/BiasAdd/activation_sparsity instead.
INFO:tensorflow:Starting evaluation at 2018-07-26-21:04:45
INFO:tensorflow:Restoring parameters from /home/gridsan/salford/tf/saved/lenet300_100_4/model.ckpt-8500
2018-07-26 17:04:46.035839: E tensorflow/core/common_runtime/bfc_allocator.cc:244] tried to allocate 0 bytes
2018-07-26 17:04:46.035966: W tensorflow/core/common_runtime/allocator_retry.cc:32] Request to allocate 0 bytes
2018-07-26 17:04:46.036018: E tensorflow/core/common_runtime/bfc_allocator.cc:378] tried to deallocate nullptr
2018-07-26 17:04:46.049872: E tensorflow/core/common_runtime/bfc_allocator.cc:244] tried to allocate 0 bytes
2018-07-26 17:04:46.049990: W tensorflow/core/common_runtime/allocator_retry.cc:32] Request to allocate 0 bytes
2018-07-26 17:04:46.050040: E tensorflow/core/common_runtime/bfc_allocator.cc:378] tried to deallocate nullptr
INFO:tensorflow:Finished evaluation at 2018-07-26-21:04:53
INFO:tensorflow:Saving dict for global step 8500: accuracy = 0.9839, global_step = 8500, loss = 0.060015883
INFO:tensorflow:Summary name dense/Relu/activation sparsity is illegal; using dense/Relu/activation_sparsity instead.
INFO:tensorflow:Summary name dense_2/Relu/activation sparsity is illegal; using dense_2/Relu/activation_sparsity instead.
INFO:tensorflow:Summary name dense_3/BiasAdd/activation sparsity is illegal; using dense_3/BiasAdd/activation_sparsity instead.
INFO:tensorflow:Summary name cross_entropy (raw) is illegal; using cross_entropy__raw_ instead.
INFO:tensorflow:Summary name total_loss (raw) is illegal; using total_loss__raw_ instead.
INFO:tensorflow:Updating masks.
INFO:tensorflow:Create CheckpointSaverHook.
INFO:tensorflow:Restoring parameters from /home/gridsan/salford/tf/saved/lenet300_100_4/model.ckpt-8500
2018-07-26 17:04:54.262550: E tensorflow/core/common_runtime/bfc_allocator.cc:244] tried to allocate 0 bytes
2018-07-26 17:04:54.262688: W tensorflow/core/common_runtime/allocator_retry.cc:32] Request to allocate 0 bytes
2018-07-26 17:04:54.262742: E tensorflow/core/common_runtime/bfc_allocator.cc:378] tried to deallocate nullptr
2018-07-26 17:04:54.303037: E tensorflow/core/common_runtime/bfc_allocator.cc:244] tried to allocate 0 bytes
2018-07-26 17:04:54.303154: W tensorflow/core/common_runtime/allocator_retry.cc:32] Request to allocate 0 bytes
2018-07-26 17:04:54.303202: E tensorflow/core/common_runtime/bfc_allocator.cc:378] tried to deallocate nullptr
INFO:tensorflow:Saving checkpoints for 8501 into /home/gridsan/salford/tf/saved/lenet300_100_4/model.ckpt.
INFO:tensorflow:loss = 0.0033501869, step = 8501
INFO:tensorflow:global_step/sec: 3.00854
INFO:tensorflow:loss = 0.002299198, step = 8601 (33.239 sec)
INFO:tensorflow:global_step/sec: 3.98725
INFO:tensorflow:loss = 0.008954205, step = 8701 (25.083 sec)
INFO:tensorflow:global_step/sec: 3.06626
INFO:tensorflow:loss = 0.003677738, step = 8801 (32.623 sec)
INFO:tensorflow:global_step/sec: 3.31173
INFO:tensorflow:loss = 0.00084176555, step = 8901 (30.185 sec)
INFO:tensorflow:Saving checkpoints for 9000 into /home/gridsan/salford/tf/saved/lenet300_100_4/model.ckpt.
INFO:tensorflow:Loss for final step: 0.004150184.
INFO:tensorflow:Summary name dense/Relu/activation sparsity is illegal; using dense/Relu/activation_sparsity instead.
INFO:tensorflow:Summary name dense_2/Relu/activation sparsity is illegal; using dense_2/Relu/activation_sparsity instead.
INFO:tensorflow:Summary name dense_3/BiasAdd/activation sparsity is illegal; using dense_3/BiasAdd/activation_sparsity instead.
INFO:tensorflow:Starting evaluation at 2018-07-26-21:07:21
INFO:tensorflow:Restoring parameters from /home/gridsan/salford/tf/saved/lenet300_100_4/model.ckpt-9000
2018-07-26 17:07:22.009894: E tensorflow/core/common_runtime/bfc_allocator.cc:244] tried to allocate 0 bytes
2018-07-26 17:07:22.010005: W tensorflow/core/common_runtime/allocator_retry.cc:32] Request to allocate 0 bytes
2018-07-26 17:07:22.010051: E tensorflow/core/common_runtime/bfc_allocator.cc:378] tried to deallocate nullptr
2018-07-26 17:07:22.029884: E tensorflow/core/common_runtime/bfc_allocator.cc:244] tried to allocate 0 bytes
2018-07-26 17:07:22.029937: W tensorflow/core/common_runtime/allocator_retry.cc:32] Request to allocate 0 bytes
2018-07-26 17:07:22.029978: E tensorflow/core/common_runtime/bfc_allocator.cc:378] tried to deallocate nullptr
INFO:tensorflow:Finished evaluation at 2018-07-26-21:07:29
INFO:tensorflow:Saving dict for global step 9000: accuracy = 0.9829, global_step = 9000, loss = 0.061776392
INFO:tensorflow:Summary name dense/Relu/activation sparsity is illegal; using dense/Relu/activation_sparsity instead.
INFO:tensorflow:Summary name dense_2/Relu/activation sparsity is illegal; using dense_2/Relu/activation_sparsity instead.
INFO:tensorflow:Summary name dense_3/BiasAdd/activation sparsity is illegal; using dense_3/BiasAdd/activation_sparsity instead.
INFO:tensorflow:Summary name cross_entropy (raw) is illegal; using cross_entropy__raw_ instead.
INFO:tensorflow:Summary name total_loss (raw) is illegal; using total_loss__raw_ instead.
INFO:tensorflow:Updating masks.
INFO:tensorflow:Create CheckpointSaverHook.
INFO:tensorflow:Restoring parameters from /home/gridsan/salford/tf/saved/lenet300_100_4/model.ckpt-9000
2018-07-26 17:07:30.339918: E tensorflow/core/common_runtime/bfc_allocator.cc:244] tried to allocate 0 bytes
2018-07-26 17:07:30.340039: W tensorflow/core/common_runtime/allocator_retry.cc:32] Request to allocate 0 bytes
2018-07-26 17:07:30.340097: E tensorflow/core/common_runtime/bfc_allocator.cc:378] tried to deallocate nullptr
2018-07-26 17:07:30.369979: E tensorflow/core/common_runtime/bfc_allocator.cc:244] tried to allocate 0 bytes
2018-07-26 17:07:30.370099: W tensorflow/core/common_runtime/allocator_retry.cc:32] Request to allocate 0 bytes
2018-07-26 17:07:30.370153: E tensorflow/core/common_runtime/bfc_allocator.cc:378] tried to deallocate nullptr
INFO:tensorflow:Saving checkpoints for 9001 into /home/gridsan/salford/tf/saved/lenet300_100_4/model.ckpt.
INFO:tensorflow:loss = 0.0056439806, step = 9001
INFO:tensorflow:global_step/sec: 3.50109
INFO:tensorflow:loss = 0.0030831974, step = 9101 (28.563 sec)
INFO:tensorflow:global_step/sec: 3.38467
INFO:tensorflow:loss = 0.006345762, step = 9201 (29.545 sec)
INFO:tensorflow:global_step/sec: 3.55497
INFO:tensorflow:loss = 0.002405658, step = 9301 (28.129 sec)
INFO:tensorflow:global_step/sec: 3.19701
INFO:tensorflow:loss = 0.009432276, step = 9401 (31.280 sec)
INFO:tensorflow:Saving checkpoints for 9500 into /home/gridsan/salford/tf/saved/lenet300_100_4/model.ckpt.
INFO:tensorflow:Loss for final step: 0.00056317693.
INFO:tensorflow:Summary name dense/Relu/activation sparsity is illegal; using dense/Relu/activation_sparsity instead.
INFO:tensorflow:Summary name dense_2/Relu/activation sparsity is illegal; using dense_2/Relu/activation_sparsity instead.
INFO:tensorflow:Summary name dense_3/BiasAdd/activation sparsity is illegal; using dense_3/BiasAdd/activation_sparsity instead.
INFO:tensorflow:Starting evaluation at 2018-07-26-21:09:56
INFO:tensorflow:Restoring parameters from /home/gridsan/salford/tf/saved/lenet300_100_4/model.ckpt-9500
2018-07-26 17:09:56.470458: E tensorflow/core/common_runtime/bfc_allocator.cc:244] tried to allocate 0 bytes
2018-07-26 17:09:56.470572: W tensorflow/core/common_runtime/allocator_retry.cc:32] Request to allocate 0 bytes
2018-07-26 17:09:56.470620: E tensorflow/core/common_runtime/bfc_allocator.cc:378] tried to deallocate nullptr
2018-07-26 17:09:56.499114: E tensorflow/core/common_runtime/bfc_allocator.cc:244] tried to allocate 0 bytes
2018-07-26 17:09:56.499254: W tensorflow/core/common_runtime/allocator_retry.cc:32] Request to allocate 0 bytes
2018-07-26 17:09:56.499305: E tensorflow/core/common_runtime/bfc_allocator.cc:378] tried to deallocate nullptr
INFO:tensorflow:Finished evaluation at 2018-07-26-21:10:02
INFO:tensorflow:Saving dict for global step 9500: accuracy = 0.9836, global_step = 9500, loss = 0.061762024
INFO:tensorflow:Summary name dense/Relu/activation sparsity is illegal; using dense/Relu/activation_sparsity instead.
INFO:tensorflow:Summary name dense_2/Relu/activation sparsity is illegal; using dense_2/Relu/activation_sparsity instead.
INFO:tensorflow:Summary name dense_3/BiasAdd/activation sparsity is illegal; using dense_3/BiasAdd/activation_sparsity instead.
INFO:tensorflow:Summary name cross_entropy (raw) is illegal; using cross_entropy__raw_ instead.
INFO:tensorflow:Summary name total_loss (raw) is illegal; using total_loss__raw_ instead.
INFO:tensorflow:Updating masks.
INFO:tensorflow:Create CheckpointSaverHook.
INFO:tensorflow:Restoring parameters from /home/gridsan/salford/tf/saved/lenet300_100_4/model.ckpt-9500
2018-07-26 17:10:02.929139: E tensorflow/core/common_runtime/bfc_allocator.cc:244] tried to allocate 0 bytes
2018-07-26 17:10:02.929239: W tensorflow/core/common_runtime/allocator_retry.cc:32] Request to allocate 0 bytes
2018-07-26 17:10:02.929287: E tensorflow/core/common_runtime/bfc_allocator.cc:378] tried to deallocate nullptr
2018-07-26 17:10:02.941181: E tensorflow/core/common_runtime/bfc_allocator.cc:244] tried to allocate 0 bytes
2018-07-26 17:10:02.941233: W tensorflow/core/common_runtime/allocator_retry.cc:32] Request to allocate 0 bytes
2018-07-26 17:10:02.941272: E tensorflow/core/common_runtime/bfc_allocator.cc:378] tried to deallocate nullptr
INFO:tensorflow:Saving checkpoints for 9501 into /home/gridsan/salford/tf/saved/lenet300_100_4/model.ckpt.
INFO:tensorflow:loss = 0.0014059788, step = 9501
INFO:tensorflow:global_step/sec: 3.44351
INFO:tensorflow:loss = 0.0007843528, step = 9601 (29.040 sec)
INFO:tensorflow:global_step/sec: 3.1763
INFO:tensorflow:loss = 0.0021776655, step = 9701 (31.483 sec)
INFO:tensorflow:global_step/sec: 3.75434
INFO:tensorflow:loss = 0.00071900425, step = 9801 (26.636 sec)
INFO:tensorflow:global_step/sec: 3.63364
INFO:tensorflow:loss = 0.002401386, step = 9901 (27.521 sec)
INFO:tensorflow:Saving checkpoints for 10000 into /home/gridsan/salford/tf/saved/lenet300_100_4/model.ckpt.
INFO:tensorflow:Loss for final step: 0.0013563489.
INFO:tensorflow:Summary name dense/Relu/activation sparsity is illegal; using dense/Relu/activation_sparsity instead.
INFO:tensorflow:Summary name dense_2/Relu/activation sparsity is illegal; using dense_2/Relu/activation_sparsity instead.
INFO:tensorflow:Summary name dense_3/BiasAdd/activation sparsity is illegal; using dense_3/BiasAdd/activation_sparsity instead.
INFO:tensorflow:Starting evaluation at 2018-07-26-21:12:28
INFO:tensorflow:Restoring parameters from /home/gridsan/salford/tf/saved/lenet300_100_4/model.ckpt-10000
2018-07-26 17:12:28.580345: E tensorflow/core/common_runtime/bfc_allocator.cc:244] tried to allocate 0 bytes
2018-07-26 17:12:28.580497: W tensorflow/core/common_runtime/allocator_retry.cc:32] Request to allocate 0 bytes
2018-07-26 17:12:28.580549: E tensorflow/core/common_runtime/bfc_allocator.cc:378] tried to deallocate nullptr
2018-07-26 17:12:28.604887: E tensorflow/core/common_runtime/bfc_allocator.cc:244] tried to allocate 0 bytes
2018-07-26 17:12:28.604999: W tensorflow/core/common_runtime/allocator_retry.cc:32] Request to allocate 0 bytes
2018-07-26 17:12:28.605049: E tensorflow/core/common_runtime/bfc_allocator.cc:378] tried to deallocate nullptr
INFO:tensorflow:Finished evaluation at 2018-07-26-21:12:35
INFO:tensorflow:Saving dict for global step 10000: accuracy = 0.9821, global_step = 10000, loss = 0.063795224
Namespace(pruning_hparams='name=lenet300_100,begin_pruning_step=20000,end_pruning_step=30000,initial_sparsity=0.0,target_sparsity=0.0,sparsity_function_begin_step=20000,sparsity_function_end_step=30000')
Extracting /home/gridsan/salford/mnist/data/train-images-idx3-ubyte.gz
Extracting /home/gridsan/salford/mnist/data/train-labels-idx1-ubyte.gz
Extracting /home/gridsan/salford/mnist/data/t10k-images-idx3-ubyte.gz
Extracting /home/gridsan/salford/mnist/data/t10k-labels-idx1-ubyte.gz
{'loss': 0.15734069, 'global_step': 500, 'accuracy': 0.9527}
{'loss': 0.113942035, 'global_step': 1000, 'accuracy': 0.9619}
{'loss': 0.09673016, 'global_step': 1500, 'accuracy': 0.9695}
{'loss': 0.08501414, 'global_step': 2000, 'accuracy': 0.9728}
{'loss': 0.067981705, 'global_step': 2500, 'accuracy': 0.9785}
{'loss': 0.07617907, 'global_step': 3000, 'accuracy': 0.9754}
{'loss': 0.08373525, 'global_step': 3500, 'accuracy': 0.9732}
{'loss': 0.07235915, 'global_step': 4000, 'accuracy': 0.9767}
{'loss': 0.06493431, 'global_step': 4500, 'accuracy': 0.9782}
{'loss': 0.078338034, 'global_step': 5000, 'accuracy': 0.9762}
{'loss': 0.0617171, 'global_step': 5500, 'accuracy': 0.9798}
{'loss': 0.06440964, 'global_step': 6000, 'accuracy': 0.9805}
{'loss': 0.084662154, 'global_step': 6500, 'accuracy': 0.9762}
{'loss': 0.058719803, 'global_step': 7000, 'accuracy': 0.9826}
{'loss': 0.0656315, 'global_step': 7500, 'accuracy': 0.9806}
{'loss': 0.07288839, 'global_step': 8000, 'accuracy': 0.9791}
{'loss': 0.060015883, 'global_step': 8500, 'accuracy': 0.9839}
{'loss': 0.061776392, 'global_step': 9000, 'accuracy': 0.9829}
{'loss': 0.061762024, 'global_step': 9500, 'accuracy': 0.9836}
{'loss': 0.063795224, 'global_step': 10000, 'accuracy': 0.9821}
