/state/partition1/llgrid/pkg/anaconda2-5.0.1/lib/python2.7/site-packages/h5py/__init__.py:34: FutureWarning: Conversion of the second argument of issubdtype from `float` to `np.floating` is deprecated. In future, it will be treated as `np.float64 == np.dtype(float).type`.
  from ._conv import register_converters as _register_converters
INFO:tensorflow:Using default config.
INFO:tensorflow:Using config: {'_save_checkpoints_secs': 600, '_session_config': None, '_keep_checkpoint_max': 5, '_tf_random_seed': 1, '_keep_checkpoint_every_n_hours': 10000, '_log_step_count_steps': 100, '_save_checkpoints_steps': None, '_model_dir': '/home/gridsan/salford/tf/saved/lenet5_exp0.2-100-0.96sc/', '_save_summary_steps': 100}
INFO:tensorflow:Create CheckpointSaverHook.
2018-07-18 17:29:17.617891: W tensorflow/core/platform/cpu_feature_guard.cc:45] The TensorFlow library wasn't compiled to use AVX instructions, but these are available on your machine and could speed up CPU computations.
2018-07-18 17:29:17.718323: E tensorflow/core/common_runtime/bfc_allocator.cc:244] tried to allocate 0 bytes
2018-07-18 17:29:17.718464: W tensorflow/core/common_runtime/allocator_retry.cc:32] Request to allocate 0 bytes
2018-07-18 17:29:17.718512: E tensorflow/core/common_runtime/bfc_allocator.cc:378] tried to deallocate nullptr
2018-07-18 17:29:17.742096: E tensorflow/core/common_runtime/bfc_allocator.cc:244] tried to allocate 0 bytes
2018-07-18 17:29:17.742231: W tensorflow/core/common_runtime/allocator_retry.cc:32] Request to allocate 0 bytes
2018-07-18 17:29:17.742284: E tensorflow/core/common_runtime/bfc_allocator.cc:378] tried to deallocate nullptr
INFO:tensorflow:Saving checkpoints for 1 into /home/gridsan/salford/tf/saved/lenet5_exp0.2-100-0.96sc/model.ckpt.
INFO:tensorflow:loss = 2.298716, step = 1
INFO:tensorflow:global_step/sec: 0.942995
INFO:tensorflow:loss = 0.17070653, step = 101 (106.048 sec)
INFO:tensorflow:global_step/sec: 0.89849
INFO:tensorflow:loss = 0.17517762, step = 201 (111.306 sec)
INFO:tensorflow:global_step/sec: 0.874037
INFO:tensorflow:loss = 0.21222648, step = 301 (114.403 sec)
INFO:tensorflow:global_step/sec: 0.894517
INFO:tensorflow:loss = 0.15595505, step = 401 (111.791 sec)
INFO:tensorflow:global_step/sec: 0.891637
INFO:tensorflow:loss = 0.048677728, step = 501 (112.153 sec)
INFO:tensorflow:Saving checkpoints for 543 into /home/gridsan/salford/tf/saved/lenet5_exp0.2-100-0.96sc/model.ckpt.
INFO:tensorflow:global_step/sec: 0.936288
INFO:tensorflow:loss = 0.03975971, step = 601 (106.806 sec)
INFO:tensorflow:global_step/sec: 0.950882
INFO:tensorflow:loss = 0.12034233, step = 701 (105.165 sec)
INFO:tensorflow:global_step/sec: 0.954675
INFO:tensorflow:loss = 0.060414687, step = 801 (104.747 sec)
INFO:tensorflow:global_step/sec: 0.944921
INFO:tensorflow:loss = 0.05650859, step = 901 (105.829 sec)
INFO:tensorflow:Saving checkpoints for 1000 into /home/gridsan/salford/tf/saved/lenet5_exp0.2-100-0.96sc/model.ckpt.
INFO:tensorflow:Loss for final step: 0.009241435.
INFO:tensorflow:Starting evaluation at 2018-07-18-21:47:23
INFO:tensorflow:Restoring parameters from /home/gridsan/salford/tf/saved/lenet5_exp0.2-100-0.96sc/model.ckpt-1000
2018-07-18 17:47:23.397532: E tensorflow/core/common_runtime/bfc_allocator.cc:244] tried to allocate 0 bytes
2018-07-18 17:47:23.397651: W tensorflow/core/common_runtime/allocator_retry.cc:32] Request to allocate 0 bytes
2018-07-18 17:47:23.397704: E tensorflow/core/common_runtime/bfc_allocator.cc:378] tried to deallocate nullptr
2018-07-18 17:47:23.417518: E tensorflow/core/common_runtime/bfc_allocator.cc:244] tried to allocate 0 bytes
2018-07-18 17:47:23.417598: W tensorflow/core/common_runtime/allocator_retry.cc:32] Request to allocate 0 bytes
2018-07-18 17:47:23.417640: E tensorflow/core/common_runtime/bfc_allocator.cc:378] tried to deallocate nullptr
INFO:tensorflow:Finished evaluation at 2018-07-18-21:47:48
INFO:tensorflow:Saving dict for global step 1000: accuracy = 0.9844, global_step = 1000, loss = 0.04350086
INFO:tensorflow:Create CheckpointSaverHook.
INFO:tensorflow:Restoring parameters from /home/gridsan/salford/tf/saved/lenet5_exp0.2-100-0.96sc/model.ckpt-1000
2018-07-18 17:47:49.663018: E tensorflow/core/common_runtime/bfc_allocator.cc:244] tried to allocate 0 bytes
2018-07-18 17:47:49.663126: W tensorflow/core/common_runtime/allocator_retry.cc:32] Request to allocate 0 bytes
2018-07-18 17:47:49.663174: E tensorflow/core/common_runtime/bfc_allocator.cc:378] tried to deallocate nullptr
2018-07-18 17:47:49.695631: E tensorflow/core/common_runtime/bfc_allocator.cc:244] tried to allocate 0 bytes
2018-07-18 17:47:49.695719: W tensorflow/core/common_runtime/allocator_retry.cc:32] Request to allocate 0 bytes
2018-07-18 17:47:49.695763: E tensorflow/core/common_runtime/bfc_allocator.cc:378] tried to deallocate nullptr
INFO:tensorflow:Saving checkpoints for 1001 into /home/gridsan/salford/tf/saved/lenet5_exp0.2-100-0.96sc/model.ckpt.
INFO:tensorflow:loss = 0.013864398, step = 1001
INFO:tensorflow:global_step/sec: 0.9274
INFO:tensorflow:loss = 0.033125367, step = 1101 (107.829 sec)
INFO:tensorflow:global_step/sec: 0.930388
INFO:tensorflow:loss = 0.0643751, step = 1201 (107.480 sec)
INFO:tensorflow:global_step/sec: 1.04471
INFO:tensorflow:loss = 0.037116077, step = 1301 (95.722 sec)
INFO:tensorflow:global_step/sec: 0.954425
INFO:tensorflow:loss = 0.03460373, step = 1401 (104.774 sec)
INFO:tensorflow:global_step/sec: 1.02244
INFO:tensorflow:loss = 0.06957822, step = 1501 (97.807 sec)
INFO:tensorflow:Saving checkpoints for 1585 into /home/gridsan/salford/tf/saved/lenet5_exp0.2-100-0.96sc/model.ckpt.
INFO:tensorflow:global_step/sec: 0.95345
INFO:tensorflow:loss = 0.01263649, step = 1601 (104.880 sec)
INFO:tensorflow:global_step/sec: 0.908761
INFO:tensorflow:loss = 0.05000973, step = 1701 (110.042 sec)
INFO:tensorflow:global_step/sec: 1.00488
INFO:tensorflow:loss = 0.0057613812, step = 1801 (99.514 sec)
INFO:tensorflow:global_step/sec: 0.983996
INFO:tensorflow:loss = 0.061459027, step = 1901 (101.625 sec)
INFO:tensorflow:Saving checkpoints for 2000 into /home/gridsan/salford/tf/saved/lenet5_exp0.2-100-0.96sc/model.ckpt.
INFO:tensorflow:Loss for final step: 0.020191303.
INFO:tensorflow:Starting evaluation at 2018-07-18-22:04:59
INFO:tensorflow:Restoring parameters from /home/gridsan/salford/tf/saved/lenet5_exp0.2-100-0.96sc/model.ckpt-2000
2018-07-18 18:04:59.331549: E tensorflow/core/common_runtime/bfc_allocator.cc:244] tried to allocate 0 bytes
2018-07-18 18:04:59.331647: W tensorflow/core/common_runtime/allocator_retry.cc:32] Request to allocate 0 bytes
2018-07-18 18:04:59.331695: E tensorflow/core/common_runtime/bfc_allocator.cc:378] tried to deallocate nullptr
2018-07-18 18:04:59.349954: E tensorflow/core/common_runtime/bfc_allocator.cc:244] tried to allocate 0 bytes
2018-07-18 18:04:59.350022: W tensorflow/core/common_runtime/allocator_retry.cc:32] Request to allocate 0 bytes
2018-07-18 18:04:59.350063: E tensorflow/core/common_runtime/bfc_allocator.cc:378] tried to deallocate nullptr
INFO:tensorflow:Finished evaluation at 2018-07-18-22:05:21
INFO:tensorflow:Saving dict for global step 2000: accuracy = 0.9899, global_step = 2000, loss = 0.030471621
INFO:tensorflow:Create CheckpointSaverHook.
INFO:tensorflow:Restoring parameters from /home/gridsan/salford/tf/saved/lenet5_exp0.2-100-0.96sc/model.ckpt-2000
2018-07-18 18:05:22.519565: E tensorflow/core/common_runtime/bfc_allocator.cc:244] tried to allocate 0 bytes
2018-07-18 18:05:22.519657: W tensorflow/core/common_runtime/allocator_retry.cc:32] Request to allocate 0 bytes
2018-07-18 18:05:22.519704: E tensorflow/core/common_runtime/bfc_allocator.cc:378] tried to deallocate nullptr
2018-07-18 18:05:22.542960: E tensorflow/core/common_runtime/bfc_allocator.cc:244] tried to allocate 0 bytes
2018-07-18 18:05:22.543011: W tensorflow/core/common_runtime/allocator_retry.cc:32] Request to allocate 0 bytes
2018-07-18 18:05:22.543051: E tensorflow/core/common_runtime/bfc_allocator.cc:378] tried to deallocate nullptr
INFO:tensorflow:Saving checkpoints for 2001 into /home/gridsan/salford/tf/saved/lenet5_exp0.2-100-0.96sc/model.ckpt.
INFO:tensorflow:loss = 0.020016097, step = 2001
INFO:tensorflow:global_step/sec: 0.98795
INFO:tensorflow:loss = 0.021308286, step = 2101 (101.220 sec)
INFO:tensorflow:global_step/sec: 0.93979
INFO:tensorflow:loss = 0.041707512, step = 2201 (106.407 sec)
INFO:tensorflow:global_step/sec: 1.02233
INFO:tensorflow:loss = 0.06498668, step = 2301 (97.816 sec)
INFO:tensorflow:global_step/sec: 1.0211
INFO:tensorflow:loss = 0.006315807, step = 2401 (97.933 sec)
INFO:tensorflow:global_step/sec: 0.967251
INFO:tensorflow:loss = 0.00990195, step = 2501 (103.386 sec)
INFO:tensorflow:Saving checkpoints for 2591 into /home/gridsan/salford/tf/saved/lenet5_exp0.2-100-0.96sc/model.ckpt.
INFO:tensorflow:global_step/sec: 0.9661
INFO:tensorflow:loss = 0.04130229, step = 2601 (103.509 sec)
INFO:tensorflow:global_step/sec: 0.883531
INFO:tensorflow:loss = 0.03615283, step = 2701 (113.182 sec)
INFO:tensorflow:global_step/sec: 0.977725
INFO:tensorflow:loss = 0.0029573918, step = 2801 (102.278 sec)
INFO:tensorflow:global_step/sec: 0.971063
INFO:tensorflow:loss = 0.010709065, step = 2901 (102.980 sec)
INFO:tensorflow:Saving checkpoints for 3000 into /home/gridsan/salford/tf/saved/lenet5_exp0.2-100-0.96sc/model.ckpt.
INFO:tensorflow:Loss for final step: 0.0023762486.
INFO:tensorflow:Starting evaluation at 2018-07-18-22:22:29
INFO:tensorflow:Restoring parameters from /home/gridsan/salford/tf/saved/lenet5_exp0.2-100-0.96sc/model.ckpt-3000
2018-07-18 18:22:29.981571: E tensorflow/core/common_runtime/bfc_allocator.cc:244] tried to allocate 0 bytes
2018-07-18 18:22:29.981686: W tensorflow/core/common_runtime/allocator_retry.cc:32] Request to allocate 0 bytes
2018-07-18 18:22:29.981733: E tensorflow/core/common_runtime/bfc_allocator.cc:378] tried to deallocate nullptr
2018-07-18 18:22:29.997364: E tensorflow/core/common_runtime/bfc_allocator.cc:244] tried to allocate 0 bytes
2018-07-18 18:22:29.997420: W tensorflow/core/common_runtime/allocator_retry.cc:32] Request to allocate 0 bytes
2018-07-18 18:22:29.997498: E tensorflow/core/common_runtime/bfc_allocator.cc:378] tried to deallocate nullptr
INFO:tensorflow:Finished evaluation at 2018-07-18-22:22:51
INFO:tensorflow:Saving dict for global step 3000: accuracy = 0.9904, global_step = 3000, loss = 0.027210709
INFO:tensorflow:Create CheckpointSaverHook.
INFO:tensorflow:Restoring parameters from /home/gridsan/salford/tf/saved/lenet5_exp0.2-100-0.96sc/model.ckpt-3000
2018-07-18 18:22:52.965813: E tensorflow/core/common_runtime/bfc_allocator.cc:244] tried to allocate 0 bytes
2018-07-18 18:22:52.965916: W tensorflow/core/common_runtime/allocator_retry.cc:32] Request to allocate 0 bytes
2018-07-18 18:22:52.965965: E tensorflow/core/common_runtime/bfc_allocator.cc:378] tried to deallocate nullptr
2018-07-18 18:22:52.978152: E tensorflow/core/common_runtime/bfc_allocator.cc:244] tried to allocate 0 bytes
2018-07-18 18:22:52.978235: W tensorflow/core/common_runtime/allocator_retry.cc:32] Request to allocate 0 bytes
2018-07-18 18:22:52.978278: E tensorflow/core/common_runtime/bfc_allocator.cc:378] tried to deallocate nullptr
INFO:tensorflow:Saving checkpoints for 3001 into /home/gridsan/salford/tf/saved/lenet5_exp0.2-100-0.96sc/model.ckpt.
INFO:tensorflow:loss = 0.009967624, step = 3001
INFO:tensorflow:global_step/sec: 0.947225
INFO:tensorflow:loss = 0.016728211, step = 3101 (105.574 sec)
INFO:tensorflow:global_step/sec: 0.974286
INFO:tensorflow:loss = 0.0019994993, step = 3201 (102.637 sec)
INFO:tensorflow:global_step/sec: 0.93231
INFO:tensorflow:loss = 0.02715546, step = 3301 (107.262 sec)
INFO:tensorflow:global_step/sec: 0.992047
INFO:tensorflow:loss = 0.0062744464, step = 3401 (100.800 sec)
INFO:tensorflow:global_step/sec: 0.983139
INFO:tensorflow:loss = 0.030459002, step = 3501 (101.715 sec)
INFO:tensorflow:Saving checkpoints for 3583 into /home/gridsan/salford/tf/saved/lenet5_exp0.2-100-0.96sc/model.ckpt.
INFO:tensorflow:global_step/sec: 1.00278
INFO:tensorflow:loss = 0.0059480215, step = 3601 (99.723 sec)
INFO:tensorflow:global_step/sec: 1.09148
INFO:tensorflow:loss = 0.08507865, step = 3701 (91.619 sec)
INFO:tensorflow:global_step/sec: 1.08626
INFO:tensorflow:loss = 0.0092917355, step = 3801 (92.058 sec)
INFO:tensorflow:global_step/sec: 1.1383
INFO:tensorflow:loss = 0.010379178, step = 3901 (87.850 sec)
INFO:tensorflow:Saving checkpoints for 4000 into /home/gridsan/salford/tf/saved/lenet5_exp0.2-100-0.96sc/model.ckpt.
INFO:tensorflow:Loss for final step: 0.009905028.
INFO:tensorflow:Starting evaluation at 2018-07-18-22:39:17
INFO:tensorflow:Restoring parameters from /home/gridsan/salford/tf/saved/lenet5_exp0.2-100-0.96sc/model.ckpt-4000
2018-07-18 18:39:17.834281: E tensorflow/core/common_runtime/bfc_allocator.cc:244] tried to allocate 0 bytes
2018-07-18 18:39:17.834388: W tensorflow/core/common_runtime/allocator_retry.cc:32] Request to allocate 0 bytes
2018-07-18 18:39:17.834434: E tensorflow/core/common_runtime/bfc_allocator.cc:378] tried to deallocate nullptr
2018-07-18 18:39:17.847741: E tensorflow/core/common_runtime/bfc_allocator.cc:244] tried to allocate 0 bytes
2018-07-18 18:39:17.847796: W tensorflow/core/common_runtime/allocator_retry.cc:32] Request to allocate 0 bytes
2018-07-18 18:39:17.847837: E tensorflow/core/common_runtime/bfc_allocator.cc:378] tried to deallocate nullptr
INFO:tensorflow:Finished evaluation at 2018-07-18-22:39:36
INFO:tensorflow:Saving dict for global step 4000: accuracy = 0.9925, global_step = 4000, loss = 0.024570188
INFO:tensorflow:Create CheckpointSaverHook.
INFO:tensorflow:Restoring parameters from /home/gridsan/salford/tf/saved/lenet5_exp0.2-100-0.96sc/model.ckpt-4000
2018-07-18 18:39:36.937256: E tensorflow/core/common_runtime/bfc_allocator.cc:244] tried to allocate 0 bytes
2018-07-18 18:39:36.937352: W tensorflow/core/common_runtime/allocator_retry.cc:32] Request to allocate 0 bytes
2018-07-18 18:39:36.937401: E tensorflow/core/common_runtime/bfc_allocator.cc:378] tried to deallocate nullptr
2018-07-18 18:39:36.959092: E tensorflow/core/common_runtime/bfc_allocator.cc:244] tried to allocate 0 bytes
2018-07-18 18:39:36.959152: W tensorflow/core/common_runtime/allocator_retry.cc:32] Request to allocate 0 bytes
2018-07-18 18:39:36.959192: E tensorflow/core/common_runtime/bfc_allocator.cc:378] tried to deallocate nullptr
INFO:tensorflow:Saving checkpoints for 4001 into /home/gridsan/salford/tf/saved/lenet5_exp0.2-100-0.96sc/model.ckpt.
INFO:tensorflow:loss = 0.004582612, step = 4001
INFO:tensorflow:global_step/sec: 1.10173
INFO:tensorflow:loss = 0.0044379937, step = 4101 (90.766 sec)
INFO:tensorflow:global_step/sec: 1.1201
INFO:tensorflow:loss = 0.016627697, step = 4201 (89.278 sec)
INFO:tensorflow:global_step/sec: 1.09064
INFO:tensorflow:loss = 0.005614913, step = 4301 (91.690 sec)
INFO:tensorflow:global_step/sec: 1.11355
INFO:tensorflow:loss = 0.01709407, step = 4401 (89.803 sec)
INFO:tensorflow:global_step/sec: 1.0792
INFO:tensorflow:loss = 0.01728127, step = 4501 (92.662 sec)
INFO:tensorflow:global_step/sec: 1.03665
INFO:tensorflow:loss = 0.0050987913, step = 4601 (96.464 sec)
INFO:tensorflow:Saving checkpoints for 4652 into /home/gridsan/salford/tf/saved/lenet5_exp0.2-100-0.96sc/model.ckpt.
INFO:tensorflow:global_step/sec: 1.07364
INFO:tensorflow:loss = 0.0047629685, step = 4701 (93.141 sec)
INFO:tensorflow:global_step/sec: 1.10307
INFO:tensorflow:loss = 0.005279668, step = 4801 (90.657 sec)
INFO:tensorflow:global_step/sec: 1.05288
INFO:tensorflow:loss = 0.00025865107, step = 4901 (94.977 sec)
INFO:tensorflow:Saving checkpoints for 5000 into /home/gridsan/salford/tf/saved/lenet5_exp0.2-100-0.96sc/model.ckpt.
INFO:tensorflow:Loss for final step: 0.010207694.
INFO:tensorflow:Starting evaluation at 2018-07-18-22:55:02
INFO:tensorflow:Restoring parameters from /home/gridsan/salford/tf/saved/lenet5_exp0.2-100-0.96sc/model.ckpt-5000
2018-07-18 18:55:02.438786: E tensorflow/core/common_runtime/bfc_allocator.cc:244] tried to allocate 0 bytes
2018-07-18 18:55:02.438897: W tensorflow/core/common_runtime/allocator_retry.cc:32] Request to allocate 0 bytes
2018-07-18 18:55:02.438945: E tensorflow/core/common_runtime/bfc_allocator.cc:378] tried to deallocate nullptr
2018-07-18 18:55:02.462320: E tensorflow/core/common_runtime/bfc_allocator.cc:244] tried to allocate 0 bytes
2018-07-18 18:55:02.462401: W tensorflow/core/common_runtime/allocator_retry.cc:32] Request to allocate 0 bytes
2018-07-18 18:55:02.462442: E tensorflow/core/common_runtime/bfc_allocator.cc:378] tried to deallocate nullptr
INFO:tensorflow:Finished evaluation at 2018-07-18-22:55:22
INFO:tensorflow:Saving dict for global step 5000: accuracy = 0.9908, global_step = 5000, loss = 0.027301209
INFO:tensorflow:Create CheckpointSaverHook.
INFO:tensorflow:Restoring parameters from /home/gridsan/salford/tf/saved/lenet5_exp0.2-100-0.96sc/model.ckpt-5000
2018-07-18 18:55:23.267505: E tensorflow/core/common_runtime/bfc_allocator.cc:244] tried to allocate 0 bytes
2018-07-18 18:55:23.267631: W tensorflow/core/common_runtime/allocator_retry.cc:32] Request to allocate 0 bytes
2018-07-18 18:55:23.267687: E tensorflow/core/common_runtime/bfc_allocator.cc:378] tried to deallocate nullptr
2018-07-18 18:55:23.336008: E tensorflow/core/common_runtime/bfc_allocator.cc:244] tried to allocate 0 bytes
2018-07-18 18:55:23.336153: W tensorflow/core/common_runtime/allocator_retry.cc:32] Request to allocate 0 bytes
2018-07-18 18:55:23.336209: E tensorflow/core/common_runtime/bfc_allocator.cc:378] tried to deallocate nullptr
INFO:tensorflow:Saving checkpoints for 5001 into /home/gridsan/salford/tf/saved/lenet5_exp0.2-100-0.96sc/model.ckpt.
INFO:tensorflow:loss = 0.002828124, step = 5001
INFO:tensorflow:global_step/sec: 1.05328
INFO:tensorflow:loss = 0.01315002, step = 5101 (94.942 sec)
INFO:tensorflow:global_step/sec: 1.03354
INFO:tensorflow:loss = 0.00070607604, step = 5201 (96.755 sec)
INFO:tensorflow:global_step/sec: 1.05587
INFO:tensorflow:loss = 0.0060770717, step = 5301 (94.709 sec)
INFO:tensorflow:global_step/sec: 1.03073
INFO:tensorflow:loss = 0.0007736874, step = 5401 (97.018 sec)
INFO:tensorflow:global_step/sec: 1.09441
INFO:tensorflow:loss = 0.00053165515, step = 5501 (91.374 sec)
INFO:tensorflow:global_step/sec: 1.06042
INFO:tensorflow:loss = 0.03828781, step = 5601 (94.303 sec)
INFO:tensorflow:Saving checkpoints for 5636 into /home/gridsan/salford/tf/saved/lenet5_exp0.2-100-0.96sc/model.ckpt.
INFO:tensorflow:global_step/sec: 1.07351
INFO:tensorflow:loss = 0.0069768275, step = 5701 (93.152 sec)
INFO:tensorflow:global_step/sec: 1.0495
INFO:tensorflow:loss = 0.0051390342, step = 5801 (95.284 sec)
INFO:tensorflow:global_step/sec: 1.04858
INFO:tensorflow:loss = 0.0078022536, step = 5901 (95.367 sec)
INFO:tensorflow:Saving checkpoints for 6000 into /home/gridsan/salford/tf/saved/lenet5_exp0.2-100-0.96sc/model.ckpt.
INFO:tensorflow:Loss for final step: 0.02979316.
INFO:tensorflow:Starting evaluation at 2018-07-18-23:11:13
INFO:tensorflow:Restoring parameters from /home/gridsan/salford/tf/saved/lenet5_exp0.2-100-0.96sc/model.ckpt-6000
2018-07-18 19:11:13.232871: E tensorflow/core/common_runtime/bfc_allocator.cc:244] tried to allocate 0 bytes
2018-07-18 19:11:13.232977: W tensorflow/core/common_runtime/allocator_retry.cc:32] Request to allocate 0 bytes
2018-07-18 19:11:13.233026: E tensorflow/core/common_runtime/bfc_allocator.cc:378] tried to deallocate nullptr
2018-07-18 19:11:13.269095: E tensorflow/core/common_runtime/bfc_allocator.cc:244] tried to allocate 0 bytes
2018-07-18 19:11:13.269146: W tensorflow/core/common_runtime/allocator_retry.cc:32] Request to allocate 0 bytes
2018-07-18 19:11:13.269185: E tensorflow/core/common_runtime/bfc_allocator.cc:378] tried to deallocate nullptr
INFO:tensorflow:Finished evaluation at 2018-07-18-23:11:35
INFO:tensorflow:Saving dict for global step 6000: accuracy = 0.991, global_step = 6000, loss = 0.030597698
INFO:tensorflow:Create CheckpointSaverHook.
INFO:tensorflow:Restoring parameters from /home/gridsan/salford/tf/saved/lenet5_exp0.2-100-0.96sc/model.ckpt-6000
2018-07-18 19:11:36.976432: E tensorflow/core/common_runtime/bfc_allocator.cc:244] tried to allocate 0 bytes
2018-07-18 19:11:36.976532: W tensorflow/core/common_runtime/allocator_retry.cc:32] Request to allocate 0 bytes
2018-07-18 19:11:36.976580: E tensorflow/core/common_runtime/bfc_allocator.cc:378] tried to deallocate nullptr
2018-07-18 19:11:36.989002: E tensorflow/core/common_runtime/bfc_allocator.cc:244] tried to allocate 0 bytes
2018-07-18 19:11:36.989054: W tensorflow/core/common_runtime/allocator_retry.cc:32] Request to allocate 0 bytes
2018-07-18 19:11:36.989094: E tensorflow/core/common_runtime/bfc_allocator.cc:378] tried to deallocate nullptr
INFO:tensorflow:Saving checkpoints for 6001 into /home/gridsan/salford/tf/saved/lenet5_exp0.2-100-0.96sc/model.ckpt.
INFO:tensorflow:loss = 0.018557174, step = 6001
INFO:tensorflow:global_step/sec: 1.05094
INFO:tensorflow:loss = 0.000708206, step = 6101 (95.153 sec)
INFO:tensorflow:global_step/sec: 1.02897
INFO:tensorflow:loss = 0.00078573334, step = 6201 (97.184 sec)
INFO:tensorflow:global_step/sec: 0.999146
INFO:tensorflow:loss = 0.001353919, step = 6301 (100.086 sec)
INFO:tensorflow:global_step/sec: 0.987913
INFO:tensorflow:loss = 0.001060273, step = 6401 (101.224 sec)
INFO:tensorflow:global_step/sec: 1.00873
INFO:tensorflow:loss = 0.0043486534, step = 6501 (99.135 sec)
INFO:tensorflow:global_step/sec: 0.987504
INFO:tensorflow:loss = 0.00070380693, step = 6601 (101.274 sec)
INFO:tensorflow:Saving checkpoints for 6608 into /home/gridsan/salford/tf/saved/lenet5_exp0.2-100-0.96sc/model.ckpt.
INFO:tensorflow:global_step/sec: 1.00334
INFO:tensorflow:loss = 0.012106249, step = 6701 (99.657 sec)
INFO:tensorflow:global_step/sec: 0.990867
INFO:tensorflow:loss = 0.0018202984, step = 6801 (100.922 sec)
INFO:tensorflow:global_step/sec: 0.965855
INFO:tensorflow:loss = 0.0038202642, step = 6901 (103.537 sec)
INFO:tensorflow:Saving checkpoints for 7000 into /home/gridsan/salford/tf/saved/lenet5_exp0.2-100-0.96sc/model.ckpt.
INFO:tensorflow:Loss for final step: 0.00068828615.
INFO:tensorflow:Starting evaluation at 2018-07-18-23:28:21
INFO:tensorflow:Restoring parameters from /home/gridsan/salford/tf/saved/lenet5_exp0.2-100-0.96sc/model.ckpt-7000
2018-07-18 19:28:22.028725: E tensorflow/core/common_runtime/bfc_allocator.cc:244] tried to allocate 0 bytes
2018-07-18 19:28:22.028817: W tensorflow/core/common_runtime/allocator_retry.cc:32] Request to allocate 0 bytes
2018-07-18 19:28:22.028865: E tensorflow/core/common_runtime/bfc_allocator.cc:378] tried to deallocate nullptr
2018-07-18 19:28:22.047520: E tensorflow/core/common_runtime/bfc_allocator.cc:244] tried to allocate 0 bytes
2018-07-18 19:28:22.047580: W tensorflow/core/common_runtime/allocator_retry.cc:32] Request to allocate 0 bytes
2018-07-18 19:28:22.047621: E tensorflow/core/common_runtime/bfc_allocator.cc:378] tried to deallocate nullptr
INFO:tensorflow:Finished evaluation at 2018-07-18-23:28:44
INFO:tensorflow:Saving dict for global step 7000: accuracy = 0.9917, global_step = 7000, loss = 0.028499655
INFO:tensorflow:Create CheckpointSaverHook.
INFO:tensorflow:Restoring parameters from /home/gridsan/salford/tf/saved/lenet5_exp0.2-100-0.96sc/model.ckpt-7000
2018-07-18 19:28:45.615765: E tensorflow/core/common_runtime/bfc_allocator.cc:244] tried to allocate 0 bytes
2018-07-18 19:28:45.615871: W tensorflow/core/common_runtime/allocator_retry.cc:32] Request to allocate 0 bytes
2018-07-18 19:28:45.615922: E tensorflow/core/common_runtime/bfc_allocator.cc:378] tried to deallocate nullptr
2018-07-18 19:28:45.637515: E tensorflow/core/common_runtime/bfc_allocator.cc:244] tried to allocate 0 bytes
2018-07-18 19:28:45.637566: W tensorflow/core/common_runtime/allocator_retry.cc:32] Request to allocate 0 bytes
2018-07-18 19:28:45.637606: E tensorflow/core/common_runtime/bfc_allocator.cc:378] tried to deallocate nullptr
INFO:tensorflow:Saving checkpoints for 7001 into /home/gridsan/salford/tf/saved/lenet5_exp0.2-100-0.96sc/model.ckpt.
INFO:tensorflow:loss = 0.00036691673, step = 7001
INFO:tensorflow:global_step/sec: 1.02601
INFO:tensorflow:loss = 0.00032348244, step = 7101 (97.464 sec)
INFO:tensorflow:global_step/sec: 1.03025
INFO:tensorflow:loss = 0.0023020068, step = 7201 (97.064 sec)
INFO:tensorflow:global_step/sec: 1.0083
INFO:tensorflow:loss = 0.0022174497, step = 7301 (99.176 sec)
INFO:tensorflow:global_step/sec: 1.06163
INFO:tensorflow:loss = 0.019986264, step = 7401 (94.195 sec)
INFO:tensorflow:global_step/sec: 1.04414
INFO:tensorflow:loss = 0.0051566833, step = 7501 (95.773 sec)
INFO:tensorflow:global_step/sec: 0.980248
INFO:tensorflow:loss = 0.009249171, step = 7601 (102.015 sec)
INFO:tensorflow:Saving checkpoints for 7617 into /home/gridsan/salford/tf/saved/lenet5_exp0.2-100-0.96sc/model.ckpt.
INFO:tensorflow:global_step/sec: 1.03217
INFO:tensorflow:loss = 0.00014709533, step = 7701 (96.884 sec)
INFO:tensorflow:global_step/sec: 1.03989
INFO:tensorflow:loss = 0.0009072426, step = 7801 (96.164 sec)
INFO:tensorflow:global_step/sec: 0.971063
INFO:tensorflow:loss = 0.010206228, step = 7901 (102.979 sec)
INFO:tensorflow:Saving checkpoints for 8000 into /home/gridsan/salford/tf/saved/lenet5_exp0.2-100-0.96sc/model.ckpt.
INFO:tensorflow:Loss for final step: 0.0002082917.
INFO:tensorflow:Starting evaluation at 2018-07-18-23:45:09
INFO:tensorflow:Restoring parameters from /home/gridsan/salford/tf/saved/lenet5_exp0.2-100-0.96sc/model.ckpt-8000
2018-07-18 19:45:09.421584: E tensorflow/core/common_runtime/bfc_allocator.cc:244] tried to allocate 0 bytes
2018-07-18 19:45:09.421697: W tensorflow/core/common_runtime/allocator_retry.cc:32] Request to allocate 0 bytes
2018-07-18 19:45:09.421746: E tensorflow/core/common_runtime/bfc_allocator.cc:378] tried to deallocate nullptr
2018-07-18 19:45:09.445977: E tensorflow/core/common_runtime/bfc_allocator.cc:244] tried to allocate 0 bytes
2018-07-18 19:45:09.446030: W tensorflow/core/common_runtime/allocator_retry.cc:32] Request to allocate 0 bytes
2018-07-18 19:45:09.446070: E tensorflow/core/common_runtime/bfc_allocator.cc:378] tried to deallocate nullptr
INFO:tensorflow:Finished evaluation at 2018-07-18-23:45:31
INFO:tensorflow:Saving dict for global step 8000: accuracy = 0.9907, global_step = 8000, loss = 0.033500616
INFO:tensorflow:Create CheckpointSaverHook.
INFO:tensorflow:Restoring parameters from /home/gridsan/salford/tf/saved/lenet5_exp0.2-100-0.96sc/model.ckpt-8000
2018-07-18 19:45:32.617553: E tensorflow/core/common_runtime/bfc_allocator.cc:244] tried to allocate 0 bytes
2018-07-18 19:45:32.617650: W tensorflow/core/common_runtime/allocator_retry.cc:32] Request to allocate 0 bytes
2018-07-18 19:45:32.617696: E tensorflow/core/common_runtime/bfc_allocator.cc:378] tried to deallocate nullptr
2018-07-18 19:45:32.657513: E tensorflow/core/common_runtime/bfc_allocator.cc:244] tried to allocate 0 bytes
2018-07-18 19:45:32.657588: W tensorflow/core/common_runtime/allocator_retry.cc:32] Request to allocate 0 bytes
2018-07-18 19:45:32.657630: E tensorflow/core/common_runtime/bfc_allocator.cc:378] tried to deallocate nullptr
INFO:tensorflow:Saving checkpoints for 8001 into /home/gridsan/salford/tf/saved/lenet5_exp0.2-100-0.96sc/model.ckpt.
INFO:tensorflow:loss = 0.000996466, step = 8001
INFO:tensorflow:global_step/sec: 0.982833
INFO:tensorflow:loss = 0.0044236765, step = 8101 (101.746 sec)
INFO:tensorflow:global_step/sec: 0.990414
INFO:tensorflow:loss = 0.03382638, step = 8201 (100.968 sec)
INFO:tensorflow:global_step/sec: 1.03334
INFO:tensorflow:loss = 0.00033932284, step = 8301 (96.773 sec)
INFO:tensorflow:global_step/sec: 1.05127
INFO:tensorflow:loss = 0.0016066878, step = 8401 (95.123 sec)
INFO:tensorflow:global_step/sec: 1.07186
INFO:tensorflow:loss = 0.0043491772, step = 8501 (93.296 sec)
INFO:tensorflow:global_step/sec: 0.968989
INFO:tensorflow:loss = 0.0048693065, step = 8601 (103.202 sec)
INFO:tensorflow:Saving checkpoints for 8610 into /home/gridsan/salford/tf/saved/lenet5_exp0.2-100-0.96sc/model.ckpt.
INFO:tensorflow:global_step/sec: 0.952109
INFO:tensorflow:loss = 0.0012910968, step = 8701 (105.029 sec)
INFO:tensorflow:global_step/sec: 1.01576
INFO:tensorflow:loss = 0.0031061457, step = 8801 (98.448 sec)
INFO:tensorflow:global_step/sec: 0.971619
INFO:tensorflow:loss = 0.0011504546, step = 8901 (102.920 sec)
INFO:tensorflow:Saving checkpoints for 9000 into /home/gridsan/salford/tf/saved/lenet5_exp0.2-100-0.96sc/model.ckpt.
INFO:tensorflow:Loss for final step: 0.060268365.
INFO:tensorflow:Starting evaluation at 2018-07-19-00:02:14
INFO:tensorflow:Restoring parameters from /home/gridsan/salford/tf/saved/lenet5_exp0.2-100-0.96sc/model.ckpt-9000
2018-07-18 20:02:14.575571: E tensorflow/core/common_runtime/bfc_allocator.cc:244] tried to allocate 0 bytes
2018-07-18 20:02:14.575651: W tensorflow/core/common_runtime/allocator_retry.cc:32] Request to allocate 0 bytes
2018-07-18 20:02:14.575697: E tensorflow/core/common_runtime/bfc_allocator.cc:378] tried to deallocate nullptr
2018-07-18 20:02:14.597232: E tensorflow/core/common_runtime/bfc_allocator.cc:244] tried to allocate 0 bytes
2018-07-18 20:02:14.597303: W tensorflow/core/common_runtime/allocator_retry.cc:32] Request to allocate 0 bytes
2018-07-18 20:02:14.597347: E tensorflow/core/common_runtime/bfc_allocator.cc:378] tried to deallocate nullptr
INFO:tensorflow:Finished evaluation at 2018-07-19-00:02:38
INFO:tensorflow:Saving dict for global step 9000: accuracy = 0.9915, global_step = 9000, loss = 0.031052245
INFO:tensorflow:Create CheckpointSaverHook.
INFO:tensorflow:Restoring parameters from /home/gridsan/salford/tf/saved/lenet5_exp0.2-100-0.96sc/model.ckpt-9000
2018-07-18 20:02:39.494042: E tensorflow/core/common_runtime/bfc_allocator.cc:244] tried to allocate 0 bytes
2018-07-18 20:02:39.494156: W tensorflow/core/common_runtime/allocator_retry.cc:32] Request to allocate 0 bytes
2018-07-18 20:02:39.494207: E tensorflow/core/common_runtime/bfc_allocator.cc:378] tried to deallocate nullptr
2018-07-18 20:02:39.509463: E tensorflow/core/common_runtime/bfc_allocator.cc:244] tried to allocate 0 bytes
2018-07-18 20:02:39.509538: W tensorflow/core/common_runtime/allocator_retry.cc:32] Request to allocate 0 bytes
2018-07-18 20:02:39.509579: E tensorflow/core/common_runtime/bfc_allocator.cc:378] tried to deallocate nullptr
INFO:tensorflow:Saving checkpoints for 9001 into /home/gridsan/salford/tf/saved/lenet5_exp0.2-100-0.96sc/model.ckpt.
INFO:tensorflow:loss = 0.013254838, step = 9001
INFO:tensorflow:global_step/sec: 1.00579
INFO:tensorflow:loss = 0.0020758477, step = 9101 (99.425 sec)
INFO:tensorflow:global_step/sec: 1.00593
INFO:tensorflow:loss = 0.0002887395, step = 9201 (99.416 sec)
INFO:tensorflow:global_step/sec: 1.10126
INFO:tensorflow:loss = 0.006409416, step = 9301 (90.800 sec)
INFO:tensorflow:global_step/sec: 1.0396
INFO:tensorflow:loss = 0.0008464388, step = 9401 (96.192 sec)
INFO:tensorflow:global_step/sec: 1.08261
INFO:tensorflow:loss = 0.012899662, step = 9501 (92.368 sec)
INFO:tensorflow:global_step/sec: 1.05212
INFO:tensorflow:loss = 0.005883434, step = 9601 (95.046 sec)
INFO:tensorflow:Saving checkpoints for 9632 into /home/gridsan/salford/tf/saved/lenet5_exp0.2-100-0.96sc/model.ckpt.
INFO:tensorflow:global_step/sec: 1.06914
INFO:tensorflow:loss = 0.0042720567, step = 9701 (93.533 sec)
INFO:tensorflow:global_step/sec: 1.01785
INFO:tensorflow:loss = 0.00299568, step = 9801 (98.246 sec)
INFO:tensorflow:global_step/sec: 1.0399
INFO:tensorflow:loss = 0.018361652, step = 9901 (96.163 sec)
INFO:tensorflow:Saving checkpoints for 10000 into /home/gridsan/salford/tf/saved/lenet5_exp0.2-100-0.96sc/model.ckpt.
INFO:tensorflow:Loss for final step: 0.04096309.
INFO:tensorflow:Starting evaluation at 2018-07-19-00:18:39
INFO:tensorflow:Restoring parameters from /home/gridsan/salford/tf/saved/lenet5_exp0.2-100-0.96sc/model.ckpt-10000
2018-07-18 20:18:39.659017: E tensorflow/core/common_runtime/bfc_allocator.cc:244] tried to allocate 0 bytes
2018-07-18 20:18:39.659117: W tensorflow/core/common_runtime/allocator_retry.cc:32] Request to allocate 0 bytes
2018-07-18 20:18:39.659164: E tensorflow/core/common_runtime/bfc_allocator.cc:378] tried to deallocate nullptr
2018-07-18 20:18:39.672570: E tensorflow/core/common_runtime/bfc_allocator.cc:244] tried to allocate 0 bytes
2018-07-18 20:18:39.672627: W tensorflow/core/common_runtime/allocator_retry.cc:32] Request to allocate 0 bytes
2018-07-18 20:18:39.672669: E tensorflow/core/common_runtime/bfc_allocator.cc:378] tried to deallocate nullptr
INFO:tensorflow:Finished evaluation at 2018-07-19-00:19:00
INFO:tensorflow:Saving dict for global step 10000: accuracy = 0.9909, global_step = 10000, loss = 0.03240137
INFO:tensorflow:Create CheckpointSaverHook.
INFO:tensorflow:Restoring parameters from /home/gridsan/salford/tf/saved/lenet5_exp0.2-100-0.96sc/model.ckpt-10000
2018-07-18 20:19:00.933177: E tensorflow/core/common_runtime/bfc_allocator.cc:244] tried to allocate 0 bytes
2018-07-18 20:19:00.933294: W tensorflow/core/common_runtime/allocator_retry.cc:32] Request to allocate 0 bytes
2018-07-18 20:19:00.933344: E tensorflow/core/common_runtime/bfc_allocator.cc:378] tried to deallocate nullptr
2018-07-18 20:19:00.992162: E tensorflow/core/common_runtime/bfc_allocator.cc:244] tried to allocate 0 bytes
2018-07-18 20:19:00.992274: W tensorflow/core/common_runtime/allocator_retry.cc:32] Request to allocate 0 bytes
2018-07-18 20:19:00.992323: E tensorflow/core/common_runtime/bfc_allocator.cc:378] tried to deallocate nullptr
INFO:tensorflow:Saving checkpoints for 10001 into /home/gridsan/salford/tf/saved/lenet5_exp0.2-100-0.96sc/model.ckpt.
INFO:tensorflow:loss = 0.00050642865, step = 10001
INFO:tensorflow:global_step/sec: 1.00884
INFO:tensorflow:loss = 0.00091051427, step = 10101 (99.119 sec)
INFO:tensorflow:global_step/sec: 1.01239
INFO:tensorflow:loss = 7.010604e-05, step = 10201 (98.777 sec)
INFO:tensorflow:global_step/sec: 1.02371
INFO:tensorflow:loss = 0.019247398, step = 10301 (97.684 sec)
INFO:tensorflow:global_step/sec: 1.04325
INFO:tensorflow:loss = 0.001087292, step = 10401 (95.854 sec)
INFO:tensorflow:global_step/sec: 0.979894
INFO:tensorflow:loss = 6.213183e-05, step = 10501 (102.052 sec)
INFO:tensorflow:global_step/sec: 1.03824
INFO:tensorflow:loss = 0.008080844, step = 10601 (96.316 sec)
INFO:tensorflow:Saving checkpoints for 10612 into /home/gridsan/salford/tf/saved/lenet5_exp0.2-100-0.96sc/model.ckpt.
INFO:tensorflow:global_step/sec: 1.04108
INFO:tensorflow:loss = 0.003634434, step = 10701 (96.054 sec)
INFO:tensorflow:global_step/sec: 1.10076
INFO:tensorflow:loss = 0.00091814273, step = 10801 (90.847 sec)
INFO:tensorflow:global_step/sec: 0.987614
INFO:tensorflow:loss = 0.00087122864, step = 10901 (101.254 sec)
INFO:tensorflow:Saving checkpoints for 11000 into /home/gridsan/salford/tf/saved/lenet5_exp0.2-100-0.96sc/model.ckpt.
INFO:tensorflow:Loss for final step: 0.00037208176.
INFO:tensorflow:Starting evaluation at 2018-07-19-00:35:15
INFO:tensorflow:Restoring parameters from /home/gridsan/salford/tf/saved/lenet5_exp0.2-100-0.96sc/model.ckpt-11000
2018-07-18 20:35:15.857566: E tensorflow/core/common_runtime/bfc_allocator.cc:244] tried to allocate 0 bytes
2018-07-18 20:35:15.857669: W tensorflow/core/common_runtime/allocator_retry.cc:32] Request to allocate 0 bytes
2018-07-18 20:35:15.857716: E tensorflow/core/common_runtime/bfc_allocator.cc:378] tried to deallocate nullptr
2018-07-18 20:35:15.871192: E tensorflow/core/common_runtime/bfc_allocator.cc:244] tried to allocate 0 bytes
2018-07-18 20:35:15.871250: W tensorflow/core/common_runtime/allocator_retry.cc:32] Request to allocate 0 bytes
2018-07-18 20:35:15.871291: E tensorflow/core/common_runtime/bfc_allocator.cc:378] tried to deallocate nullptr
INFO:tensorflow:Finished evaluation at 2018-07-19-00:35:35
INFO:tensorflow:Saving dict for global step 11000: accuracy = 0.9923, global_step = 11000, loss = 0.028198022
INFO:tensorflow:Create CheckpointSaverHook.
INFO:tensorflow:Restoring parameters from /home/gridsan/salford/tf/saved/lenet5_exp0.2-100-0.96sc/model.ckpt-11000
2018-07-18 20:35:36.427527: E tensorflow/core/common_runtime/bfc_allocator.cc:244] tried to allocate 0 bytes
2018-07-18 20:35:36.427624: W tensorflow/core/common_runtime/allocator_retry.cc:32] Request to allocate 0 bytes
2018-07-18 20:35:36.427673: E tensorflow/core/common_runtime/bfc_allocator.cc:378] tried to deallocate nullptr
2018-07-18 20:35:36.447772: E tensorflow/core/common_runtime/bfc_allocator.cc:244] tried to allocate 0 bytes
2018-07-18 20:35:36.447832: W tensorflow/core/common_runtime/allocator_retry.cc:32] Request to allocate 0 bytes
2018-07-18 20:35:36.447875: E tensorflow/core/common_runtime/bfc_allocator.cc:378] tried to deallocate nullptr
INFO:tensorflow:Saving checkpoints for 11001 into /home/gridsan/salford/tf/saved/lenet5_exp0.2-100-0.96sc/model.ckpt.
INFO:tensorflow:loss = 0.00088170334, step = 11001
INFO:tensorflow:global_step/sec: 1.04383
INFO:tensorflow:loss = 0.0008727727, step = 11101 (95.802 sec)
INFO:tensorflow:global_step/sec: 1.05855
INFO:tensorflow:loss = 0.0006640679, step = 11201 (94.469 sec)
INFO:tensorflow:global_step/sec: 1.08918
INFO:tensorflow:loss = 7.4593016e-05, step = 11301 (91.812 sec)
INFO:tensorflow:global_step/sec: 1.00199
INFO:tensorflow:loss = 0.006733364, step = 11401 (99.801 sec)
INFO:tensorflow:global_step/sec: 1.01788
INFO:tensorflow:loss = 0.00023942415, step = 11501 (98.243 sec)
INFO:tensorflow:global_step/sec: 0.979647
INFO:tensorflow:loss = 4.7480302e-05, step = 11601 (102.078 sec)
INFO:tensorflow:Saving checkpoints for 11618 into /home/gridsan/salford/tf/saved/lenet5_exp0.2-100-0.96sc/model.ckpt.
INFO:tensorflow:global_step/sec: 0.95949
INFO:tensorflow:loss = 0.0011362449, step = 11701 (104.221 sec)
INFO:tensorflow:global_step/sec: 1.02844
INFO:tensorflow:loss = 0.00011485561, step = 11801 (97.235 sec)
INFO:tensorflow:global_step/sec: 1.00405
INFO:tensorflow:loss = 0.00035926868, step = 11901 (99.596 sec)
INFO:tensorflow:Saving checkpoints for 12000 into /home/gridsan/salford/tf/saved/lenet5_exp0.2-100-0.96sc/model.ckpt.
INFO:tensorflow:Loss for final step: 0.00094301207.
INFO:tensorflow:Starting evaluation at 2018-07-19-00:52:03
INFO:tensorflow:Restoring parameters from /home/gridsan/salford/tf/saved/lenet5_exp0.2-100-0.96sc/model.ckpt-12000
2018-07-18 20:52:03.930519: E tensorflow/core/common_runtime/bfc_allocator.cc:244] tried to allocate 0 bytes
2018-07-18 20:52:03.930632: W tensorflow/core/common_runtime/allocator_retry.cc:32] Request to allocate 0 bytes
2018-07-18 20:52:03.930682: E tensorflow/core/common_runtime/bfc_allocator.cc:378] tried to deallocate nullptr
2018-07-18 20:52:03.948440: E tensorflow/core/common_runtime/bfc_allocator.cc:244] tried to allocate 0 bytes
2018-07-18 20:52:03.948502: W tensorflow/core/common_runtime/allocator_retry.cc:32] Request to allocate 0 bytes
2018-07-18 20:52:03.948545: E tensorflow/core/common_runtime/bfc_allocator.cc:378] tried to deallocate nullptr
INFO:tensorflow:Finished evaluation at 2018-07-19-00:52:26
INFO:tensorflow:Saving dict for global step 12000: accuracy = 0.9925, global_step = 12000, loss = 0.026584439
INFO:tensorflow:Create CheckpointSaverHook.
INFO:tensorflow:Restoring parameters from /home/gridsan/salford/tf/saved/lenet5_exp0.2-100-0.96sc/model.ckpt-12000
2018-07-18 20:52:27.056049: E tensorflow/core/common_runtime/bfc_allocator.cc:244] tried to allocate 0 bytes
2018-07-18 20:52:27.056149: W tensorflow/core/common_runtime/allocator_retry.cc:32] Request to allocate 0 bytes
2018-07-18 20:52:27.056198: E tensorflow/core/common_runtime/bfc_allocator.cc:378] tried to deallocate nullptr
2018-07-18 20:52:27.078772: E tensorflow/core/common_runtime/bfc_allocator.cc:244] tried to allocate 0 bytes
2018-07-18 20:52:27.078831: W tensorflow/core/common_runtime/allocator_retry.cc:32] Request to allocate 0 bytes
2018-07-18 20:52:27.078871: E tensorflow/core/common_runtime/bfc_allocator.cc:378] tried to deallocate nullptr
INFO:tensorflow:Saving checkpoints for 12001 into /home/gridsan/salford/tf/saved/lenet5_exp0.2-100-0.96sc/model.ckpt.
INFO:tensorflow:loss = 0.0012744463, step = 12001
INFO:tensorflow:global_step/sec: 0.995454
INFO:tensorflow:loss = 1.8757704e-05, step = 12101 (100.455 sec)
INFO:tensorflow:global_step/sec: 0.999978
INFO:tensorflow:loss = 9.663023e-05, step = 12201 (100.002 sec)
INFO:tensorflow:global_step/sec: 1.00443
INFO:tensorflow:loss = 0.00023415624, step = 12301 (99.559 sec)
INFO:tensorflow:global_step/sec: 1.03348
INFO:tensorflow:loss = 0.01772989, step = 12401 (96.761 sec)
INFO:tensorflow:global_step/sec: 1.03337
INFO:tensorflow:loss = 0.00061701663, step = 12501 (96.770 sec)
INFO:tensorflow:global_step/sec: 1.02887
INFO:tensorflow:loss = 0.0006982496, step = 12601 (97.194 sec)
INFO:tensorflow:Saving checkpoints for 12610 into /home/gridsan/salford/tf/saved/lenet5_exp0.2-100-0.96sc/model.ckpt.
INFO:tensorflow:global_step/sec: 1.03062
INFO:tensorflow:loss = 2.5050058e-05, step = 12701 (97.029 sec)
INFO:tensorflow:global_step/sec: 1.06303
INFO:tensorflow:loss = 0.0007160911, step = 12801 (94.071 sec)
INFO:tensorflow:global_step/sec: 1.04244
INFO:tensorflow:loss = 0.00056695234, step = 12901 (95.929 sec)
INFO:tensorflow:Saving checkpoints for 13000 into /home/gridsan/salford/tf/saved/lenet5_exp0.2-100-0.96sc/model.ckpt.
INFO:tensorflow:Loss for final step: 2.8953247e-05.
INFO:tensorflow:Starting evaluation at 2018-07-19-01:08:42
INFO:tensorflow:Restoring parameters from /home/gridsan/salford/tf/saved/lenet5_exp0.2-100-0.96sc/model.ckpt-13000
2018-07-18 21:08:42.677096: E tensorflow/core/common_runtime/bfc_allocator.cc:244] tried to allocate 0 bytes
2018-07-18 21:08:42.677216: W tensorflow/core/common_runtime/allocator_retry.cc:32] Request to allocate 0 bytes
2018-07-18 21:08:42.677266: E tensorflow/core/common_runtime/bfc_allocator.cc:378] tried to deallocate nullptr
2018-07-18 21:08:42.690719: E tensorflow/core/common_runtime/bfc_allocator.cc:244] tried to allocate 0 bytes
2018-07-18 21:08:42.690772: W tensorflow/core/common_runtime/allocator_retry.cc:32] Request to allocate 0 bytes
2018-07-18 21:08:42.690812: E tensorflow/core/common_runtime/bfc_allocator.cc:378] tried to deallocate nullptr
INFO:tensorflow:Finished evaluation at 2018-07-19-01:09:02
INFO:tensorflow:Saving dict for global step 13000: accuracy = 0.9925, global_step = 13000, loss = 0.02621076
INFO:tensorflow:Create CheckpointSaverHook.
INFO:tensorflow:Restoring parameters from /home/gridsan/salford/tf/saved/lenet5_exp0.2-100-0.96sc/model.ckpt-13000
2018-07-18 21:09:03.606295: E tensorflow/core/common_runtime/bfc_allocator.cc:244] tried to allocate 0 bytes
2018-07-18 21:09:03.606394: W tensorflow/core/common_runtime/allocator_retry.cc:32] Request to allocate 0 bytes
2018-07-18 21:09:03.606444: E tensorflow/core/common_runtime/bfc_allocator.cc:378] tried to deallocate nullptr
2018-07-18 21:09:03.618543: E tensorflow/core/common_runtime/bfc_allocator.cc:244] tried to allocate 0 bytes
2018-07-18 21:09:03.618606: W tensorflow/core/common_runtime/allocator_retry.cc:32] Request to allocate 0 bytes
2018-07-18 21:09:03.618649: E tensorflow/core/common_runtime/bfc_allocator.cc:378] tried to deallocate nullptr
INFO:tensorflow:Saving checkpoints for 13001 into /home/gridsan/salford/tf/saved/lenet5_exp0.2-100-0.96sc/model.ckpt.
INFO:tensorflow:loss = 0.0004912608, step = 13001
INFO:tensorflow:global_step/sec: 0.993594
INFO:tensorflow:loss = 2.725199e-05, step = 13101 (100.644 sec)
INFO:tensorflow:global_step/sec: 0.970895
INFO:tensorflow:loss = 0.0005919755, step = 13201 (102.997 sec)
INFO:tensorflow:global_step/sec: 1.00117
INFO:tensorflow:loss = 0.000119120945, step = 13301 (99.883 sec)
INFO:tensorflow:global_step/sec: 1.01174
INFO:tensorflow:loss = 0.0133816, step = 13401 (98.840 sec)
INFO:tensorflow:global_step/sec: 0.980594
INFO:tensorflow:loss = 0.005194391, step = 13501 (101.979 sec)
INFO:tensorflow:Saving checkpoints for 13598 into /home/gridsan/salford/tf/saved/lenet5_exp0.2-100-0.96sc/model.ckpt.
INFO:tensorflow:global_step/sec: 1.01328
INFO:tensorflow:loss = 0.0025589643, step = 13601 (98.689 sec)
INFO:tensorflow:global_step/sec: 1.08207
INFO:tensorflow:loss = 0.0002714274, step = 13701 (92.416 sec)
INFO:tensorflow:global_step/sec: 0.952674
INFO:tensorflow:loss = 0.0027162158, step = 13801 (104.968 sec)
INFO:tensorflow:global_step/sec: 0.947959
INFO:tensorflow:loss = 0.0040988703, step = 13901 (105.490 sec)
INFO:tensorflow:Saving checkpoints for 14000 into /home/gridsan/salford/tf/saved/lenet5_exp0.2-100-0.96sc/model.ckpt.
INFO:tensorflow:Loss for final step: 0.022296641.
INFO:tensorflow:Starting evaluation at 2018-07-19-01:25:52
INFO:tensorflow:Restoring parameters from /home/gridsan/salford/tf/saved/lenet5_exp0.2-100-0.96sc/model.ckpt-14000
2018-07-18 21:25:52.396507: E tensorflow/core/common_runtime/bfc_allocator.cc:244] tried to allocate 0 bytes
2018-07-18 21:25:52.396604: W tensorflow/core/common_runtime/allocator_retry.cc:32] Request to allocate 0 bytes
2018-07-18 21:25:52.396681: E tensorflow/core/common_runtime/bfc_allocator.cc:378] tried to deallocate nullptr
2018-07-18 21:25:52.420915: E tensorflow/core/common_runtime/bfc_allocator.cc:244] tried to allocate 0 bytes
2018-07-18 21:25:52.421002: W tensorflow/core/common_runtime/allocator_retry.cc:32] Request to allocate 0 bytes
2018-07-18 21:25:52.421046: E tensorflow/core/common_runtime/bfc_allocator.cc:378] tried to deallocate nullptr
INFO:tensorflow:Finished evaluation at 2018-07-19-01:26:14
INFO:tensorflow:Saving dict for global step 14000: accuracy = 0.9918, global_step = 14000, loss = 0.030811865
INFO:tensorflow:Create CheckpointSaverHook.
INFO:tensorflow:Restoring parameters from /home/gridsan/salford/tf/saved/lenet5_exp0.2-100-0.96sc/model.ckpt-14000
2018-07-18 21:26:15.677804: E tensorflow/core/common_runtime/bfc_allocator.cc:244] tried to allocate 0 bytes
2018-07-18 21:26:15.677898: W tensorflow/core/common_runtime/allocator_retry.cc:32] Request to allocate 0 bytes
2018-07-18 21:26:15.677946: E tensorflow/core/common_runtime/bfc_allocator.cc:378] tried to deallocate nullptr
2018-07-18 21:26:15.690101: E tensorflow/core/common_runtime/bfc_allocator.cc:244] tried to allocate 0 bytes
2018-07-18 21:26:15.690150: W tensorflow/core/common_runtime/allocator_retry.cc:32] Request to allocate 0 bytes
2018-07-18 21:26:15.690189: E tensorflow/core/common_runtime/bfc_allocator.cc:378] tried to deallocate nullptr
INFO:tensorflow:Saving checkpoints for 14001 into /home/gridsan/salford/tf/saved/lenet5_exp0.2-100-0.96sc/model.ckpt.
INFO:tensorflow:loss = 0.00063343695, step = 14001
INFO:tensorflow:global_step/sec: 1.00076
INFO:tensorflow:loss = 0.00021716338, step = 14101 (99.923 sec)
INFO:tensorflow:global_step/sec: 1.00389
INFO:tensorflow:loss = 1.7236856e-05, step = 14201 (99.612 sec)
INFO:tensorflow:global_step/sec: 0.96309
INFO:tensorflow:loss = 0.00021075187, step = 14301 (103.833 sec)
INFO:tensorflow:global_step/sec: 0.987089
INFO:tensorflow:loss = 7.102654e-05, step = 14401 (101.308 sec)
INFO:tensorflow:global_step/sec: 0.962306
INFO:tensorflow:loss = 0.01191209, step = 14501 (103.917 sec)
INFO:tensorflow:Saving checkpoints for 14591 into /home/gridsan/salford/tf/saved/lenet5_exp0.2-100-0.96sc/model.ckpt.
INFO:tensorflow:global_step/sec: 0.987444
INFO:tensorflow:loss = 9.875425e-05, step = 14601 (101.271 sec)
INFO:tensorflow:global_step/sec: 0.988498
INFO:tensorflow:loss = 2.3255343e-05, step = 14701 (101.164 sec)
INFO:tensorflow:global_step/sec: 0.994804
INFO:tensorflow:loss = 0.0026919781, step = 14801 (100.522 sec)
INFO:tensorflow:global_step/sec: 0.954605
INFO:tensorflow:loss = 0.014519156, step = 14901 (104.755 sec)
INFO:tensorflow:Saving checkpoints for 15000 into /home/gridsan/salford/tf/saved/lenet5_exp0.2-100-0.96sc/model.ckpt.
INFO:tensorflow:Loss for final step: 0.0013187096.
INFO:tensorflow:Starting evaluation at 2018-07-19-01:43:25
INFO:tensorflow:Restoring parameters from /home/gridsan/salford/tf/saved/lenet5_exp0.2-100-0.96sc/model.ckpt-15000
2018-07-18 21:43:25.800944: E tensorflow/core/common_runtime/bfc_allocator.cc:244] tried to allocate 0 bytes
2018-07-18 21:43:25.801066: W tensorflow/core/common_runtime/allocator_retry.cc:32] Request to allocate 0 bytes
2018-07-18 21:43:25.801117: E tensorflow/core/common_runtime/bfc_allocator.cc:378] tried to deallocate nullptr
2018-07-18 21:43:25.817537: E tensorflow/core/common_runtime/bfc_allocator.cc:244] tried to allocate 0 bytes
2018-07-18 21:43:25.817661: W tensorflow/core/common_runtime/allocator_retry.cc:32] Request to allocate 0 bytes
2018-07-18 21:43:25.817714: E tensorflow/core/common_runtime/bfc_allocator.cc:378] tried to deallocate nullptr
INFO:tensorflow:Finished evaluation at 2018-07-19-01:43:49
INFO:tensorflow:Saving dict for global step 15000: accuracy = 0.993, global_step = 15000, loss = 0.026686737
INFO:tensorflow:Create CheckpointSaverHook.
INFO:tensorflow:Restoring parameters from /home/gridsan/salford/tf/saved/lenet5_exp0.2-100-0.96sc/model.ckpt-15000
2018-07-18 21:43:50.038298: E tensorflow/core/common_runtime/bfc_allocator.cc:244] tried to allocate 0 bytes
2018-07-18 21:43:50.038425: W tensorflow/core/common_runtime/allocator_retry.cc:32] Request to allocate 0 bytes
2018-07-18 21:43:50.038475: E tensorflow/core/common_runtime/bfc_allocator.cc:378] tried to deallocate nullptr
2018-07-18 21:43:50.064234: E tensorflow/core/common_runtime/bfc_allocator.cc:244] tried to allocate 0 bytes
2018-07-18 21:43:50.064302: W tensorflow/core/common_runtime/allocator_retry.cc:32] Request to allocate 0 bytes
2018-07-18 21:43:50.064342: E tensorflow/core/common_runtime/bfc_allocator.cc:378] tried to deallocate nullptr
INFO:tensorflow:Saving checkpoints for 15001 into /home/gridsan/salford/tf/saved/lenet5_exp0.2-100-0.96sc/model.ckpt.
INFO:tensorflow:loss = 1.9543366e-05, step = 15001
INFO:tensorflow:global_step/sec: 0.933875
INFO:tensorflow:loss = 8.431121e-05, step = 15101 (107.082 sec)
INFO:tensorflow:global_step/sec: 0.924763
INFO:tensorflow:loss = 0.0023697785, step = 15201 (108.136 sec)
INFO:tensorflow:global_step/sec: 0.916156
INFO:tensorflow:loss = 6.8636655e-05, step = 15301 (109.150 sec)
INFO:tensorflow:global_step/sec: 0.969439
INFO:tensorflow:loss = 0.00324179, step = 15401 (103.154 sec)
INFO:tensorflow:global_step/sec: 0.951474
INFO:tensorflow:loss = 0.0015892851, step = 15501 (105.098 sec)
INFO:tensorflow:Saving checkpoints for 15567 into /home/gridsan/salford/tf/saved/lenet5_exp0.2-100-0.96sc/model.ckpt.
INFO:tensorflow:global_step/sec: 0.953684
INFO:tensorflow:loss = 0.0002060057, step = 15601 (104.856 sec)
INFO:tensorflow:global_step/sec: 1.00181
INFO:tensorflow:loss = 0.00014078748, step = 15701 (99.820 sec)
INFO:tensorflow:global_step/sec: 0.955128
INFO:tensorflow:loss = 6.89387e-05, step = 15801 (104.698 sec)
INFO:tensorflow:global_step/sec: 1.09
INFO:tensorflow:loss = 5.1888124e-05, step = 15901 (91.743 sec)
INFO:tensorflow:Saving checkpoints for 16000 into /home/gridsan/salford/tf/saved/lenet5_exp0.2-100-0.96sc/model.ckpt.
INFO:tensorflow:Loss for final step: 0.00010984322.
INFO:tensorflow:Starting evaluation at 2018-07-19-02:00:59
INFO:tensorflow:Restoring parameters from /home/gridsan/salford/tf/saved/lenet5_exp0.2-100-0.96sc/model.ckpt-16000
2018-07-18 22:00:59.297543: E tensorflow/core/common_runtime/bfc_allocator.cc:244] tried to allocate 0 bytes
2018-07-18 22:00:59.297656: W tensorflow/core/common_runtime/allocator_retry.cc:32] Request to allocate 0 bytes
2018-07-18 22:00:59.297707: E tensorflow/core/common_runtime/bfc_allocator.cc:378] tried to deallocate nullptr
2018-07-18 22:00:59.312753: E tensorflow/core/common_runtime/bfc_allocator.cc:244] tried to allocate 0 bytes
2018-07-18 22:00:59.312810: W tensorflow/core/common_runtime/allocator_retry.cc:32] Request to allocate 0 bytes
2018-07-18 22:00:59.312850: E tensorflow/core/common_runtime/bfc_allocator.cc:378] tried to deallocate nullptr
INFO:tensorflow:Finished evaluation at 2018-07-19-02:01:18
INFO:tensorflow:Saving dict for global step 16000: accuracy = 0.9934, global_step = 16000, loss = 0.02777836
INFO:tensorflow:Create CheckpointSaverHook.
INFO:tensorflow:Restoring parameters from /home/gridsan/salford/tf/saved/lenet5_exp0.2-100-0.96sc/model.ckpt-16000
2018-07-18 22:01:19.014521: E tensorflow/core/common_runtime/bfc_allocator.cc:244] tried to allocate 0 bytes
2018-07-18 22:01:19.014624: W tensorflow/core/common_runtime/allocator_retry.cc:32] Request to allocate 0 bytes
2018-07-18 22:01:19.014674: E tensorflow/core/common_runtime/bfc_allocator.cc:378] tried to deallocate nullptr
2018-07-18 22:01:19.026600: E tensorflow/core/common_runtime/bfc_allocator.cc:244] tried to allocate 0 bytes
2018-07-18 22:01:19.026662: W tensorflow/core/common_runtime/allocator_retry.cc:32] Request to allocate 0 bytes
2018-07-18 22:01:19.026704: E tensorflow/core/common_runtime/bfc_allocator.cc:378] tried to deallocate nullptr
INFO:tensorflow:Saving checkpoints for 16001 into /home/gridsan/salford/tf/saved/lenet5_exp0.2-100-0.96sc/model.ckpt.
INFO:tensorflow:loss = 2.2568132e-05, step = 16001
INFO:tensorflow:global_step/sec: 1.06987
INFO:tensorflow:loss = 6.071115e-05, step = 16101 (93.470 sec)
INFO:tensorflow:global_step/sec: 1.05595
INFO:tensorflow:loss = 0.004474501, step = 16201 (94.701 sec)
INFO:tensorflow:global_step/sec: 1.07729
INFO:tensorflow:loss = 0.038972016, step = 16301 (92.826 sec)
INFO:tensorflow:global_step/sec: 1.09727
INFO:tensorflow:loss = 1.5056147e-05, step = 16401 (91.136 sec)
INFO:tensorflow:global_step/sec: 1.10701
INFO:tensorflow:loss = 0.0017749374, step = 16501 (90.333 sec)
INFO:tensorflow:global_step/sec: 1.12572
INFO:tensorflow:loss = 0.00015531205, step = 16601 (88.832 sec)
INFO:tensorflow:Saving checkpoints for 16654 into /home/gridsan/salford/tf/saved/lenet5_exp0.2-100-0.96sc/model.ckpt.
INFO:tensorflow:global_step/sec: 1.07388
INFO:tensorflow:loss = 0.0056649055, step = 16701 (93.120 sec)
INFO:tensorflow:global_step/sec: 1.09444
INFO:tensorflow:loss = 0.0015515235, step = 16801 (91.371 sec)
INFO:tensorflow:global_step/sec: 1.07309
INFO:tensorflow:loss = 0.001937184, step = 16901 (93.189 sec)
INFO:tensorflow:Saving checkpoints for 17000 into /home/gridsan/salford/tf/saved/lenet5_exp0.2-100-0.96sc/model.ckpt.
INFO:tensorflow:Loss for final step: 9.79178e-05.
INFO:tensorflow:Starting evaluation at 2018-07-19-02:16:40
INFO:tensorflow:Restoring parameters from /home/gridsan/salford/tf/saved/lenet5_exp0.2-100-0.96sc/model.ckpt-17000
2018-07-18 22:16:40.652846: E tensorflow/core/common_runtime/bfc_allocator.cc:244] tried to allocate 0 bytes
2018-07-18 22:16:40.652941: W tensorflow/core/common_runtime/allocator_retry.cc:32] Request to allocate 0 bytes
2018-07-18 22:16:40.652991: E tensorflow/core/common_runtime/bfc_allocator.cc:378] tried to deallocate nullptr
2018-07-18 22:16:40.667618: E tensorflow/core/common_runtime/bfc_allocator.cc:244] tried to allocate 0 bytes
2018-07-18 22:16:40.667671: W tensorflow/core/common_runtime/allocator_retry.cc:32] Request to allocate 0 bytes
2018-07-18 22:16:40.667711: E tensorflow/core/common_runtime/bfc_allocator.cc:378] tried to deallocate nullptr
INFO:tensorflow:Finished evaluation at 2018-07-19-02:16:59
INFO:tensorflow:Saving dict for global step 17000: accuracy = 0.9931, global_step = 17000, loss = 0.029003743
INFO:tensorflow:Create CheckpointSaverHook.
INFO:tensorflow:Restoring parameters from /home/gridsan/salford/tf/saved/lenet5_exp0.2-100-0.96sc/model.ckpt-17000
2018-07-18 22:17:00.094070: E tensorflow/core/common_runtime/bfc_allocator.cc:244] tried to allocate 0 bytes
2018-07-18 22:17:00.094169: W tensorflow/core/common_runtime/allocator_retry.cc:32] Request to allocate 0 bytes
2018-07-18 22:17:00.094219: E tensorflow/core/common_runtime/bfc_allocator.cc:378] tried to deallocate nullptr
2018-07-18 22:17:00.110598: E tensorflow/core/common_runtime/bfc_allocator.cc:244] tried to allocate 0 bytes
2018-07-18 22:17:00.110649: W tensorflow/core/common_runtime/allocator_retry.cc:32] Request to allocate 0 bytes
2018-07-18 22:17:00.110687: E tensorflow/core/common_runtime/bfc_allocator.cc:378] tried to deallocate nullptr
INFO:tensorflow:Saving checkpoints for 17001 into /home/gridsan/salford/tf/saved/lenet5_exp0.2-100-0.96sc/model.ckpt.
INFO:tensorflow:loss = 0.00046594124, step = 17001
INFO:tensorflow:global_step/sec: 1.13641
INFO:tensorflow:loss = 0.0010904252, step = 17101 (87.997 sec)
INFO:tensorflow:global_step/sec: 1.08151
INFO:tensorflow:loss = 0.00026751126, step = 17201 (92.463 sec)
INFO:tensorflow:global_step/sec: 1.05932
INFO:tensorflow:loss = 0.00010464527, step = 17301 (94.401 sec)
INFO:tensorflow:global_step/sec: 1.03512
INFO:tensorflow:loss = 0.001683457, step = 17401 (96.608 sec)
INFO:tensorflow:global_step/sec: 1.0806
INFO:tensorflow:loss = 3.2697403e-06, step = 17501 (92.541 sec)
INFO:tensorflow:global_step/sec: 1.05177
INFO:tensorflow:loss = 0.00026974006, step = 17601 (95.077 sec)
INFO:tensorflow:Saving checkpoints for 17647 into /home/gridsan/salford/tf/saved/lenet5_exp0.2-100-0.96sc/model.ckpt.
INFO:tensorflow:global_step/sec: 1.08367
INFO:tensorflow:loss = 0.00072044996, step = 17701 (92.279 sec)
INFO:tensorflow:global_step/sec: 1.07401
INFO:tensorflow:loss = 0.0027700218, step = 17801 (93.109 sec)
INFO:tensorflow:global_step/sec: 1.05679
INFO:tensorflow:loss = 0.00031968928, step = 17901 (94.625 sec)
INFO:tensorflow:Saving checkpoints for 18000 into /home/gridsan/salford/tf/saved/lenet5_exp0.2-100-0.96sc/model.ckpt.
INFO:tensorflow:Loss for final step: 1.9603018e-05.
INFO:tensorflow:Starting evaluation at 2018-07-19-02:32:38
INFO:tensorflow:Restoring parameters from /home/gridsan/salford/tf/saved/lenet5_exp0.2-100-0.96sc/model.ckpt-18000
2018-07-18 22:32:38.952236: E tensorflow/core/common_runtime/bfc_allocator.cc:244] tried to allocate 0 bytes
2018-07-18 22:32:38.952335: W tensorflow/core/common_runtime/allocator_retry.cc:32] Request to allocate 0 bytes
2018-07-18 22:32:38.952384: E tensorflow/core/common_runtime/bfc_allocator.cc:378] tried to deallocate nullptr
2018-07-18 22:32:38.982154: E tensorflow/core/common_runtime/bfc_allocator.cc:244] tried to allocate 0 bytes
2018-07-18 22:32:38.982209: W tensorflow/core/common_runtime/allocator_retry.cc:32] Request to allocate 0 bytes
2018-07-18 22:32:38.982248: E tensorflow/core/common_runtime/bfc_allocator.cc:378] tried to deallocate nullptr
INFO:tensorflow:Finished evaluation at 2018-07-19-02:32:58
INFO:tensorflow:Saving dict for global step 18000: accuracy = 0.9932, global_step = 18000, loss = 0.027790576
INFO:tensorflow:Create CheckpointSaverHook.
INFO:tensorflow:Restoring parameters from /home/gridsan/salford/tf/saved/lenet5_exp0.2-100-0.96sc/model.ckpt-18000
2018-07-18 22:32:59.157525: E tensorflow/core/common_runtime/bfc_allocator.cc:244] tried to allocate 0 bytes
2018-07-18 22:32:59.157623: W tensorflow/core/common_runtime/allocator_retry.cc:32] Request to allocate 0 bytes
2018-07-18 22:32:59.157672: E tensorflow/core/common_runtime/bfc_allocator.cc:378] tried to deallocate nullptr
2018-07-18 22:32:59.170300: E tensorflow/core/common_runtime/bfc_allocator.cc:244] tried to allocate 0 bytes
2018-07-18 22:32:59.170374: W tensorflow/core/common_runtime/allocator_retry.cc:32] Request to allocate 0 bytes
2018-07-18 22:32:59.170417: E tensorflow/core/common_runtime/bfc_allocator.cc:378] tried to deallocate nullptr
INFO:tensorflow:Saving checkpoints for 18001 into /home/gridsan/salford/tf/saved/lenet5_exp0.2-100-0.96sc/model.ckpt.
INFO:tensorflow:loss = 0.0003651455, step = 18001
INFO:tensorflow:global_step/sec: 1.04246
INFO:tensorflow:loss = 0.0005984651, step = 18101 (95.928 sec)
INFO:tensorflow:global_step/sec: 1.03395
INFO:tensorflow:loss = 1.9304473e-05, step = 18201 (96.717 sec)
INFO:tensorflow:global_step/sec: 1.12721
INFO:tensorflow:loss = 0.00014010936, step = 18301 (88.715 sec)
INFO:tensorflow:global_step/sec: 1.09507
INFO:tensorflow:loss = 0.011166274, step = 18401 (91.318 sec)
INFO:tensorflow:global_step/sec: 1.08492
INFO:tensorflow:loss = 0.0006864792, step = 18501 (92.172 sec)
INFO:tensorflow:global_step/sec: 1.11249
INFO:tensorflow:loss = 0.0002736826, step = 18601 (89.889 sec)
INFO:tensorflow:Saving checkpoints for 18647 into /home/gridsan/salford/tf/saved/lenet5_exp0.2-100-0.96sc/model.ckpt.
INFO:tensorflow:global_step/sec: 1.10345
INFO:tensorflow:loss = 1.5593385e-05, step = 18701 (90.625 sec)
INFO:tensorflow:global_step/sec: 1.10729
INFO:tensorflow:loss = 1.1250547e-05, step = 18801 (90.311 sec)
INFO:tensorflow:global_step/sec: 1.09981
INFO:tensorflow:loss = 0.01707926, step = 18901 (90.925 sec)
INFO:tensorflow:Saving checkpoints for 19000 into /home/gridsan/salford/tf/saved/lenet5_exp0.2-100-0.96sc/model.ckpt.
INFO:tensorflow:Loss for final step: 0.00022448125.
INFO:tensorflow:Starting evaluation at 2018-07-19-02:48:22
INFO:tensorflow:Restoring parameters from /home/gridsan/salford/tf/saved/lenet5_exp0.2-100-0.96sc/model.ckpt-19000
2018-07-18 22:48:22.827610: E tensorflow/core/common_runtime/bfc_allocator.cc:244] tried to allocate 0 bytes
2018-07-18 22:48:22.827725: W tensorflow/core/common_runtime/allocator_retry.cc:32] Request to allocate 0 bytes
2018-07-18 22:48:22.827782: E tensorflow/core/common_runtime/bfc_allocator.cc:378] tried to deallocate nullptr
2018-07-18 22:48:22.841770: E tensorflow/core/common_runtime/bfc_allocator.cc:244] tried to allocate 0 bytes
2018-07-18 22:48:22.841912: W tensorflow/core/common_runtime/allocator_retry.cc:32] Request to allocate 0 bytes
2018-07-18 22:48:22.841966: E tensorflow/core/common_runtime/bfc_allocator.cc:378] tried to deallocate nullptr
INFO:tensorflow:Finished evaluation at 2018-07-19-02:48:45
INFO:tensorflow:Saving dict for global step 19000: accuracy = 0.9922, global_step = 19000, loss = 0.030993408
INFO:tensorflow:Create CheckpointSaverHook.
INFO:tensorflow:Restoring parameters from /home/gridsan/salford/tf/saved/lenet5_exp0.2-100-0.96sc/model.ckpt-19000
2018-07-18 22:48:46.168073: E tensorflow/core/common_runtime/bfc_allocator.cc:244] tried to allocate 0 bytes
2018-07-18 22:48:46.168174: W tensorflow/core/common_runtime/allocator_retry.cc:32] Request to allocate 0 bytes
2018-07-18 22:48:46.168226: E tensorflow/core/common_runtime/bfc_allocator.cc:378] tried to deallocate nullptr
2018-07-18 22:48:46.188135: E tensorflow/core/common_runtime/bfc_allocator.cc:244] tried to allocate 0 bytes
2018-07-18 22:48:46.188188: W tensorflow/core/common_runtime/allocator_retry.cc:32] Request to allocate 0 bytes
2018-07-18 22:48:46.188227: E tensorflow/core/common_runtime/bfc_allocator.cc:378] tried to deallocate nullptr
INFO:tensorflow:Saving checkpoints for 19001 into /home/gridsan/salford/tf/saved/lenet5_exp0.2-100-0.96sc/model.ckpt.
INFO:tensorflow:loss = 0.00012838472, step = 19001
INFO:tensorflow:global_step/sec: 1.10438
INFO:tensorflow:loss = 0.0003141556, step = 19101 (90.548 sec)
INFO:tensorflow:global_step/sec: 1.17518
INFO:tensorflow:loss = 4.377404e-05, step = 19201 (85.094 sec)
INFO:tensorflow:global_step/sec: 1.04817
INFO:tensorflow:loss = 2.8953586e-05, step = 19301 (95.404 sec)
INFO:tensorflow:global_step/sec: 1.09646
INFO:tensorflow:loss = 0.00030882616, step = 19401 (91.203 sec)
INFO:tensorflow:global_step/sec: 1.06934
INFO:tensorflow:loss = 0.00016365897, step = 19501 (93.516 sec)
INFO:tensorflow:global_step/sec: 1.11787
INFO:tensorflow:loss = 2.5299038e-05, step = 19601 (89.456 sec)
INFO:tensorflow:Saving checkpoints for 19662 into /home/gridsan/salford/tf/saved/lenet5_exp0.2-100-0.96sc/model.ckpt.
INFO:tensorflow:global_step/sec: 1.10589
INFO:tensorflow:loss = 3.3236745e-05, step = 19701 (90.424 sec)
INFO:tensorflow:global_step/sec: 1.14307
INFO:tensorflow:loss = 6.2436426e-05, step = 19801 (87.484 sec)
INFO:tensorflow:global_step/sec: 1.0416
INFO:tensorflow:loss = 5.1778377e-05, step = 19901 (96.006 sec)
INFO:tensorflow:Saving checkpoints for 20000 into /home/gridsan/salford/tf/saved/lenet5_exp0.2-100-0.96sc/model.ckpt.
INFO:tensorflow:Loss for final step: 0.00029249283.
INFO:tensorflow:Starting evaluation at 2018-07-19-03:03:56
INFO:tensorflow:Restoring parameters from /home/gridsan/salford/tf/saved/lenet5_exp0.2-100-0.96sc/model.ckpt-20000
2018-07-18 23:03:56.494715: E tensorflow/core/common_runtime/bfc_allocator.cc:244] tried to allocate 0 bytes
2018-07-18 23:03:56.494816: W tensorflow/core/common_runtime/allocator_retry.cc:32] Request to allocate 0 bytes
2018-07-18 23:03:56.494865: E tensorflow/core/common_runtime/bfc_allocator.cc:378] tried to deallocate nullptr
2018-07-18 23:03:56.514932: E tensorflow/core/common_runtime/bfc_allocator.cc:244] tried to allocate 0 bytes
2018-07-18 23:03:56.514990: W tensorflow/core/common_runtime/allocator_retry.cc:32] Request to allocate 0 bytes
2018-07-18 23:03:56.515030: E tensorflow/core/common_runtime/bfc_allocator.cc:378] tried to deallocate nullptr
INFO:tensorflow:Finished evaluation at 2018-07-19-03:04:17
INFO:tensorflow:Saving dict for global step 20000: accuracy = 0.9921, global_step = 20000, loss = 0.03352083
Extracting /home/gridsan/salford/mnist/data/train-images-idx3-ubyte.gz
Extracting /home/gridsan/salford/mnist/data/train-labels-idx1-ubyte.gz
Extracting /home/gridsan/salford/mnist/data/t10k-images-idx3-ubyte.gz
Extracting /home/gridsan/salford/mnist/data/t10k-labels-idx1-ubyte.gz
